2024-07-02 10:14:59,903 [INFO] Activator:176 - 


2024-07-02 10:14:59,907 [INFO] Activator:177 - !SESSION log4j initialized
2024-07-02 10:15:05,021 [INFO] LogOutputStream:77 - [STDOUT_REDIRECT] 
2024-07-02 10:15:05,839 [INFO] ApplicationProperties:184 - Using Application install path: C:\ST\STM32CubeIDE_1.15.0\STM32CubeIDE\plugins\com.st.stm32cube.common.mx_6.11.0.202403141607
2024-07-02 10:15:05,852 [INFO] DbMcusXml:78 - Set database path to: C:\ST\STM32CubeIDE_1.15.0\STM32CubeIDE\plugins\com.st.stm32cube.common.mx_6.11.0.202403141607\\db\/mcu/
2024-07-02 10:15:05,852 [INFO] ApiDb:274 - Set plugin database path to: C:\ST\STM32CubeIDE_1.15.0\STM32CubeIDE\plugins\com.st.stm32cube.common.mx_6.11.0.202403141607\\db\/plugins/boardmanager/
2024-07-02 10:15:05,853 [WARN] ApiDb:259 - Overriding images path with different value:  => C:\ST\STM32CubeIDE_1.15.0\STM32CubeIDE\plugins\com.st.stm32cube.common.mx_6.11.0.202403141607\\db\/plugins/mcufinder/images/
2024-07-02 10:15:05,860 [INFO] ApiDb:250 - Set database path to: C:\Users\Daniel\.stmcufinder\plugins\mcufinder//mcu/
2024-07-02 10:15:05,860 [INFO] DbMcusAds:125 - Set database path to: C:\Users\Daniel\.stmcufinder\plugins\mcufinder//mcu/
2024-07-02 10:15:05,862 [INFO] CrossReferenceDbSqlite:203 - Set database path to: C:\Users\Daniel\.stmcufinder\plugins\mcufinder//mcu/cs/
2024-07-02 10:15:05,954 [INFO] RulesReader:64 - Compatibility file has been processed (297 Rules)
2024-07-02 10:15:06,015 [INFO] DbMcusXml:78 - Set database path to: C:\ST\STM32CubeIDE_1.15.0\STM32CubeIDE\plugins\com.st.stm32cube.common.mx_6.11.0.202403141607\\db\/mcu/
2024-07-02 10:15:06,015 [INFO] ApiDb:274 - Set plugin database path to: C:\ST\STM32CubeIDE_1.15.0\STM32CubeIDE\plugins\com.st.stm32cube.common.mx_6.11.0.202403141607\\db\/plugins/boardmanager/
2024-07-02 10:15:06,015 [INFO] ApiDb:261 - Set plugin images path to: C:\ST\STM32CubeIDE_1.15.0\STM32CubeIDE\plugins\com.st.stm32cube.common.mx_6.11.0.202403141607\\db\/plugins/mcufinder/images/
2024-07-02 10:15:06,016 [WARN] DbFile:41 - Overriding database path with different value: C:\Users\Daniel\.stmcufinder\plugins\mcufinder/ => C:\Users\Daniel\.stmcufinder\plugins\mcufinder
2024-07-02 10:15:06,016 [INFO] ApiDb:250 - Set database path to: C:\Users\Daniel\.stmcufinder\plugins\mcufinder//mcu/
2024-07-02 10:15:06,016 [WARN] DbFile:41 - Overriding database path with different value: C:\Users\Daniel\.stmcufinder\plugins\mcufinder/ => C:\Users\Daniel\.stmcufinder\plugins\mcufinder
2024-07-02 10:15:06,016 [INFO] DbMcusAds:125 - Set database path to: C:\Users\Daniel\.stmcufinder\plugins\mcufinder//mcu/
2024-07-02 10:15:06,016 [WARN] DbFile:41 - Overriding database path with different value: C:\Users\Daniel\.stmcufinder\plugins\mcufinder/ => C:\Users\Daniel\.stmcufinder\plugins\mcufinder
2024-07-02 10:15:06,016 [WARN] DbFile:41 - Overriding database path with different value: C:\Users\Daniel\.stmcufinder\plugins\mcufinder/ => C:\Users\Daniel\.stmcufinder\plugins\mcufinder
2024-07-02 10:15:06,016 [INFO] CrossReferenceDbSqlite:203 - Set database path to: C:\Users\Daniel\.stmcufinder\plugins\mcufinder//mcu/cs/
2024-07-02 10:15:06,073 [INFO] MainPanel:264 - HeapMemory: 268435456
2024-07-02 10:15:06,146 [INFO] DbMcusXml:78 - Set database path to: C:\ST\STM32CubeIDE_1.15.0\STM32CubeIDE\plugins\com.st.stm32cube.common.mx_6.11.0.202403141607\\db\/mcu/
2024-07-02 10:15:06,146 [INFO] ApiDb:274 - Set plugin database path to: C:\ST\STM32CubeIDE_1.15.0\STM32CubeIDE\plugins\com.st.stm32cube.common.mx_6.11.0.202403141607\\db\/plugins/boardmanager/
2024-07-02 10:15:06,146 [INFO] ApiDb:261 - Set plugin images path to: C:\ST\STM32CubeIDE_1.15.0\STM32CubeIDE\plugins\com.st.stm32cube.common.mx_6.11.0.202403141607\\db\/plugins/mcufinder/images/
2024-07-02 10:15:06,147 [WARN] DbFile:41 - Overriding database path with different value: C:\Users\Daniel\.stmcufinder\plugins\mcufinder/ => C:\Users\Daniel\.stmcufinder\plugins\mcufinder
2024-07-02 10:15:06,147 [INFO] ApiDb:250 - Set database path to: C:\Users\Daniel\.stmcufinder\plugins\mcufinder//mcu/
2024-07-02 10:15:06,147 [WARN] DbFile:41 - Overriding database path with different value: C:\Users\Daniel\.stmcufinder\plugins\mcufinder/ => C:\Users\Daniel\.stmcufinder\plugins\mcufinder
2024-07-02 10:15:06,147 [INFO] DbMcusAds:125 - Set database path to: C:\Users\Daniel\.stmcufinder\plugins\mcufinder//mcu/
2024-07-02 10:15:06,147 [WARN] DbFile:41 - Overriding database path with different value: C:\Users\Daniel\.stmcufinder\plugins\mcufinder/ => C:\Users\Daniel\.stmcufinder\plugins\mcufinder
2024-07-02 10:15:06,147 [WARN] DbFile:41 - Overriding database path with different value: C:\Users\Daniel\.stmcufinder\plugins\mcufinder/ => C:\Users\Daniel\.stmcufinder\plugins\mcufinder
2024-07-02 10:15:06,147 [INFO] CrossReferenceDbSqlite:203 - Set database path to: C:\Users\Daniel\.stmcufinder\plugins\mcufinder//mcu/cs/
2024-07-02 10:15:06,161 [INFO] ApplicationProperties:184 - Using Application install path: C:\ST\STM32CubeIDE_1.15.0\STM32CubeIDE\plugins\com.st.stm32cube.common.mx_6.11.0.202403141607
2024-07-02 10:15:06,162 [INFO] PluginManage:196 - Search for loadable plugins [exclusion list=, ]
2024-07-02 10:15:06,164 [INFO] PluginManage:310 - Check plugin analytics
2024-07-02 10:15:06,290 [INFO] AnalyticsPlugin:253 - Accepted Software Licenses: 
2024-07-02 10:15:06,290 [INFO] AnalyticsPlugin:255 - Accepted CMSIS Pack Licenses: 
2024-07-02 10:15:06,290 [INFO] AnalyticsPlugin:257 - Accepted Firmware Licenses: FW.F4.1.28.0
2024-07-02 10:15:06,291 [INFO] PluginManage:359 - Loaded plugin analytics (category:tool,tabindex:-1)
2024-07-02 10:15:06,292 [INFO] PluginManage:310 - Check plugin cadmodel
2024-07-02 10:15:06,303 [INFO] CADModel:105 - Init CAD model plugin
2024-07-02 10:15:06,303 [INFO] PluginManage:359 - Loaded plugin cadmodel (category:power,tabindex:5)
2024-07-02 10:15:06,303 [INFO] PluginManage:310 - Check plugin clock
2024-07-02 10:15:06,318 [INFO] PluginManage:359 - Loaded plugin clock (category:base,tabindex:2)
2024-07-02 10:15:06,318 [INFO] PluginManage:310 - Check plugin ddr
2024-07-02 10:15:06,321 [INFO] PluginManage:359 - Loaded plugin ddr (category:tool,tabindex:6)
2024-07-02 10:15:06,321 [INFO] PluginManage:310 - Check plugin filemanager
2024-07-02 10:15:06,430 [INFO] PluginManage:359 - Loaded plugin filemanager (category:base,tabindex:10)
2024-07-02 10:15:06,431 [INFO] PluginManage:310 - Check plugin ipmanager
2024-07-02 10:15:06,436 [INFO] PluginManage:359 - Loaded plugin ipmanager (category:base,tabindex:5)
2024-07-02 10:15:06,436 [INFO] PluginManage:310 - Check plugin lpbam
2024-07-02 10:15:06,450 [INFO] PluginManage:359 - Loaded plugin lpbam (category:base,tabindex:0)
2024-07-02 10:15:06,451 [INFO] PluginManage:310 - Check plugin memorymap
2024-07-02 10:15:06,469 [INFO] PluginManage:359 - Loaded plugin memorymap (category:base,tabindex:4)
2024-07-02 10:15:06,469 [INFO] PluginManage:310 - Check plugin pinoutandconfiguration
2024-07-02 10:15:06,483 [INFO] PluginManage:359 - Loaded plugin pinoutandconfiguration (category:base,tabindex:1)
2024-07-02 10:15:06,483 [INFO] PluginManage:310 - Check plugin pinoutconfig
2024-07-02 10:15:06,558 [WARN] SupportedApi:132 - Cannot load RTOS API schema: s4s-elt-must-match.1: The content of 'definitions' must match (annotation?, (simpleType | complexType)?, (unique | key | keyref)*)). A problem was found starting at: attribute.
2024-07-02 10:15:06,661 [INFO] PluginManage:359 - Loaded plugin pinoutconfig (category:base,tabindex:0)
2024-07-02 10:15:06,661 [INFO] PluginManage:310 - Check plugin power
2024-07-02 10:15:06,679 [INFO] PluginManage:359 - Loaded plugin power (category:power,tabindex:4)
2024-07-02 10:15:06,679 [INFO] PluginManage:310 - Check plugin projectmanager
2024-07-02 10:15:06,692 [INFO] PluginManage:359 - Loaded plugin projectmanager (category:projectmanager,tabindex:3)
2024-07-02 10:15:06,693 [INFO] PluginManage:310 - Check plugin thirdparty
2024-07-02 10:15:06,900 [INFO] PluginManage:359 - Loaded plugin thirdparty (category:base,tabindex:-1)
2024-07-02 10:15:06,900 [WARN] IntegrityCheckThread:84 - waiting for thirdparty lock release [integrity check]
2024-07-02 10:15:06,900 [INFO] PluginManage:310 - Check plugin tools
2024-07-02 10:15:06,900 [INFO] IntegrityCheckThread:86 - entering critical section [integrity check]
2024-07-02 10:15:06,900 [INFO] ThirdPartyUpdaterWithRetryManager:70 - Updater plugin not ready yet. [1/15]
2024-07-02 10:15:06,926 [INFO] PluginManage:359 - Loaded plugin tools (category:base,tabindex:7)
2024-07-02 10:15:06,927 [INFO] PluginManage:310 - Check plugin tutovideos
2024-07-02 10:15:07,079 [INFO] PluginManage:359 - Loaded plugin tutovideos (category:base,tabindex:-1)
2024-07-02 10:15:07,080 [INFO] PluginManage:310 - Check plugin updater
2024-07-02 10:15:07,088 [INFO] PluginManage:359 - Loaded plugin updater (category:base,tabindex:12)
2024-07-02 10:15:07,088 [INFO] PluginManage:310 - Check plugin userauth
2024-07-02 10:15:07,093 [INFO] UserAuth:114 - Init User Auth plugin
2024-07-02 10:15:07,093 [INFO] PluginManage:359 - Loaded plugin userauth (category:base,tabindex:14)
2024-07-02 10:15:07,093 [INFO] PluginManage:283 - PluginManage : Loaded plugins [17]
2024-07-02 10:15:07,261 [INFO] PinOutPanel:1561 - setPackage(No Configuration,No Configuration)
2024-07-02 10:15:07,322 [INFO] CADModel:165 - CPN selected for project level
2024-07-02 10:15:07,322 [INFO] CADModel:114 - Register for checkConnection events
2024-07-02 10:15:07,343 [INFO] IPUIPlugin:80 - create IPUIPlugin
2024-07-02 10:15:07,343 [INFO] PluginManager:220 - loadIPPluginJar : add adc
2024-07-02 10:15:07,371 [INFO] IPUIPlugin:80 - create IPUIPlugin
2024-07-02 10:15:07,371 [INFO] PluginManager:220 - loadIPPluginJar : add aes
2024-07-02 10:15:07,403 [INFO] IPUIPlugin:80 - create IPUIPlugin
2024-07-02 10:15:07,404 [INFO] PluginManager:220 - loadIPPluginJar : add can
2024-07-02 10:15:07,423 [INFO] IPUIPlugin:80 - create IPUIPlugin
2024-07-02 10:15:07,423 [INFO] PluginManager:220 - loadIPPluginJar : add comp
2024-07-02 10:15:07,451 [INFO] IPUIPlugin:80 - create IPUIPlugin
2024-07-02 10:15:07,451 [INFO] PluginManager:220 - loadIPPluginJar : add cryp
2024-07-02 10:15:07,478 [INFO] IPUIPlugin:80 - create IPUIPlugin
2024-07-02 10:15:07,478 [INFO] PluginManager:220 - loadIPPluginJar : add dfsdm
2024-07-02 10:15:07,490 [INFO] IPUIPlugin:80 - create IPUIPlugin
2024-07-02 10:15:07,491 [INFO] PluginManager:220 - loadIPPluginJar : add dma
2024-07-02 10:15:07,525 [INFO] IPUIPlugin:80 - create IPUIPlugin
2024-07-02 10:15:07,525 [INFO] PluginManager:220 - loadIPPluginJar : add dma3
2024-07-02 10:15:07,558 [INFO] IPUIPlugin:80 - create IPUIPlugin
2024-07-02 10:15:07,558 [INFO] PluginManager:220 - loadIPPluginJar : add extmemmanager
2024-07-02 10:15:07,575 [INFO] IPUIPlugin:80 - create IPUIPlugin
2024-07-02 10:15:07,575 [INFO] PluginManager:220 - loadIPPluginJar : add fatfs
2024-07-02 10:15:07,611 [INFO] IPUIPlugin:80 - create IPUIPlugin
2024-07-02 10:15:07,611 [INFO] PluginManager:220 - loadIPPluginJar : add fmc
2024-07-02 10:15:07,622 [INFO] IPUIPlugin:80 - create IPUIPlugin
2024-07-02 10:15:07,623 [INFO] PluginManager:220 - loadIPPluginJar : add freertos
2024-07-02 10:15:07,642 [INFO] IPUIPlugin:80 - create IPUIPlugin
2024-07-02 10:15:07,642 [INFO] PluginManager:220 - loadIPPluginJar : add genericplugin
2024-07-02 10:15:07,714 [INFO] IPUIPlugin:80 - create IPUIPlugin
2024-07-02 10:15:07,715 [INFO] PluginManager:220 - loadIPPluginJar : add gfxmmu
2024-07-02 10:15:07,813 [INFO] IPUIPlugin:80 - create IPUIPlugin
2024-07-02 10:15:07,813 [INFO] PluginManager:220 - loadIPPluginJar : add gic
2024-07-02 10:15:07,823 [INFO] IPUIPlugin:80 - create IPUIPlugin
2024-07-02 10:15:07,823 [INFO] PluginManager:220 - loadIPPluginJar : add gpio
2024-07-02 10:15:07,896 [INFO] IPUIPlugin:80 - create IPUIPlugin
2024-07-02 10:15:07,896 [INFO] PluginManager:220 - loadIPPluginJar : add gtzc
2024-07-02 10:15:07,923 [INFO] IPUIPlugin:80 - create IPUIPlugin
2024-07-02 10:15:07,923 [INFO] PluginManager:220 - loadIPPluginJar : add hash
2024-07-02 10:15:07,971 [INFO] IPUIPlugin:80 - create IPUIPlugin
2024-07-02 10:15:07,971 [INFO] PluginManager:220 - loadIPPluginJar : add i2c
2024-07-02 10:15:08,001 [INFO] IPUIPlugin:80 - create IPUIPlugin
2024-07-02 10:15:08,002 [INFO] PluginManager:220 - loadIPPluginJar : add i2s
2024-07-02 10:15:08,036 [INFO] IPUIPlugin:80 - create IPUIPlugin
2024-07-02 10:15:08,036 [INFO] PluginManager:220 - loadIPPluginJar : add i3c
2024-07-02 10:15:08,113 [INFO] IPUIPlugin:80 - create IPUIPlugin
2024-07-02 10:15:08,113 [INFO] PluginManager:220 - loadIPPluginJar : add ipddr
2024-07-02 10:15:08,182 [INFO] IPUIPlugin:80 - create IPUIPlugin
2024-07-02 10:15:08,182 [INFO] PluginManager:220 - loadIPPluginJar : add linkedlist
2024-07-02 10:15:08,208 [INFO] IPUIPlugin:80 - create IPUIPlugin
2024-07-02 10:15:08,208 [INFO] PluginManager:220 - loadIPPluginJar : add lorawan
2024-07-02 10:15:08,237 [INFO] IPUIPlugin:80 - create IPUIPlugin
2024-07-02 10:15:08,238 [INFO] PluginManager:220 - loadIPPluginJar : add ltdc
2024-07-02 10:15:08,248 [INFO] IPUIPlugin:80 - create IPUIPlugin
2024-07-02 10:15:08,248 [INFO] PluginManager:220 - loadIPPluginJar : add mdma
2024-07-02 10:15:08,257 [INFO] IPUIPlugin:80 - create IPUIPlugin
2024-07-02 10:15:08,257 [INFO] PluginManager:220 - loadIPPluginJar : add nvic
2024-07-02 10:15:08,286 [INFO] IPUIPlugin:80 - create IPUIPlugin
2024-07-02 10:15:08,286 [INFO] PluginManager:220 - loadIPPluginJar : add opamp
2024-07-02 10:15:08,332 [INFO] IPUIPlugin:80 - create IPUIPlugin
2024-07-02 10:15:08,332 [INFO] PluginManager:220 - loadIPPluginJar : add openamp
2024-07-02 10:15:08,364 [INFO] IPUIPlugin:80 - create IPUIPlugin
2024-07-02 10:15:08,364 [INFO] PluginManager:220 - loadIPPluginJar : add pdm2pcm
2024-07-02 10:15:08,375 [INFO] IPUIPlugin:80 - create IPUIPlugin
2024-07-02 10:15:08,376 [INFO] PluginManager:220 - loadIPPluginJar : add plateformsettings
2024-07-02 10:15:08,394 [INFO] IPUIPlugin:80 - create IPUIPlugin
2024-07-02 10:15:08,394 [INFO] PluginManager:220 - loadIPPluginJar : add quadspi
2024-07-02 10:15:08,403 [INFO] IPUIPlugin:80 - create IPUIPlugin
2024-07-02 10:15:08,403 [INFO] PluginManager:220 - loadIPPluginJar : add resmgrutility
2024-07-02 10:15:08,442 [INFO] IPUIPlugin:80 - create IPUIPlugin
2024-07-02 10:15:08,443 [INFO] PluginManager:220 - loadIPPluginJar : add sai
2024-07-02 10:15:08,470 [INFO] IPUIPlugin:80 - create IPUIPlugin
2024-07-02 10:15:08,470 [INFO] PluginManager:220 - loadIPPluginJar : add spi
2024-07-02 10:15:08,532 [INFO] IPUIPlugin:80 - create IPUIPlugin
2024-07-02 10:15:08,532 [INFO] PluginManager:220 - loadIPPluginJar : add stm32_wpan
2024-07-02 10:15:08,551 [INFO] IPUIPlugin:80 - create IPUIPlugin
2024-07-02 10:15:08,551 [INFO] PluginManager:220 - loadIPPluginJar : add tim
2024-07-02 10:15:08,595 [INFO] IPUIPlugin:80 - create IPUIPlugin
2024-07-02 10:15:08,595 [INFO] PluginManager:220 - loadIPPluginJar : add touchsensing
2024-07-02 10:15:08,614 [INFO] IPUIPlugin:80 - create IPUIPlugin
2024-07-02 10:15:08,614 [INFO] PluginManager:220 - loadIPPluginJar : add tracer_emb
2024-07-02 10:15:08,634 [INFO] IPUIPlugin:80 - create IPUIPlugin
2024-07-02 10:15:08,634 [INFO] PluginManager:220 - loadIPPluginJar : add ts
2024-07-02 10:15:08,653 [INFO] IPUIPlugin:80 - create IPUIPlugin
2024-07-02 10:15:08,653 [INFO] PluginManager:220 - loadIPPluginJar : add tsc
2024-07-02 10:15:08,676 [INFO] IPUIPlugin:80 - create IPUIPlugin
2024-07-02 10:15:08,676 [INFO] PluginManager:220 - loadIPPluginJar : add ucpd
2024-07-02 10:15:08,719 [INFO] IPUIPlugin:80 - create IPUIPlugin
2024-07-02 10:15:08,720 [INFO] PluginManager:220 - loadIPPluginJar : add usart
2024-07-02 10:15:08,763 [INFO] IPUIPlugin:80 - create IPUIPlugin
2024-07-02 10:15:08,763 [INFO] PluginManager:220 - loadIPPluginJar : add usbx
2024-07-02 10:15:08,888 [INFO] CADModel:165 - CPN selected for project level
2024-07-02 10:15:08,888 [INFO] CADModel:114 - Register for checkConnection events
2024-07-02 10:15:08,888 [FATAL] Updater:308 - Updater called before beeing initialized
2024-07-02 10:15:08,888 [ERROR] CADModel:125 - Updater not yet initialized, retry later 
2024-07-02 10:15:08,986 [INFO] CADModel:165 - CPN selected for project level
2024-07-02 10:15:08,986 [INFO] CADModel:114 - Register for checkConnection events
2024-07-02 10:15:08,986 [FATAL] Updater:308 - Updater called before beeing initialized
2024-07-02 10:15:08,986 [ERROR] CADModel:125 - Updater not yet initialized, retry later 
2024-07-02 10:15:08,989 [FATAL] Updater:308 - Updater called before beeing initialized
2024-07-02 10:15:09,067 [FATAL] Updater:308 - Updater called before beeing initialized
2024-07-02 10:15:09,075 [INFO] DbMcusAds:53 - JSON generation date=Thu May 16 12:22:00 IDT 2024 (1715851320852)
2024-07-02 10:15:09,075 [FATAL] Updater:308 - Updater called before beeing initialized
2024-07-02 10:15:09,142 [WARN] DetailPanel:346 - Failed to get advertising image, set to default
2024-07-02 10:15:09,200 [FATAL] Updater:308 - Updater called before beeing initialized
2024-07-02 10:15:09,201 [FATAL] Updater:308 - Updater called before beeing initialized
2024-07-02 10:15:09,201 [FATAL] Updater:308 - Updater called before beeing initialized
2024-07-02 10:15:09,202 [WARN] DetailPanel:346 - Failed to get advertising image, set to default
2024-07-02 10:15:09,202 [FATAL] Updater:308 - Updater called before beeing initialized
2024-07-02 10:15:09,252 [ERROR] Updater:1120 - MainUpdater not yet initialized. External WinMGr cannot be set.
2024-07-02 10:15:09,259 [INFO] Updater:1056 - Updater Version found : 6.11.0
2024-07-02 10:15:09,275 [INFO] ApplicationProperties:184 - Using Application install path: C:\ST\STM32CubeIDE_1.15.0\STM32CubeIDE\plugins\com.st.stm32cube.common.mx_6.11.0.202403141607
2024-07-02 10:15:09,900 [INFO] ThirdPartyUpdaterWithRetryManager:70 - Updater plugin not ready yet. [2/15]
2024-07-02 10:15:10,847 [ERROR] LogOutputStream:75 - [STDERR_REDIRECT] Jul 02, 2024 10:15:10 AM java.util.prefs.WindowsPreferences <init>
2024-07-02 10:15:10,848 [ERROR] LogOutputStream:75 - [STDERR_REDIRECT] WARNING: Could not open/create prefs root node Software\JavaSoft\Prefs at root 0xffffffff80000002. Windows RegCreateKeyEx(...) returned error code 5.
2024-07-02 10:15:10,848 [ERROR] LogOutputStream:75 - [STDERR_REDIRECT] 
2024-07-02 10:15:11,083 [INFO] MainUpdater:2873 - connection check result : 10
2024-07-02 10:15:11,084 [INFO] MainUpdater:290 - Updater Check For Update Now.
2024-07-02 10:15:11,084 [INFO] MicroXplorer:498 - Change Database Version : DB.6.0.110
2024-07-02 10:15:11,098 [INFO] McuFinderGlobals:63 - Set McuFinder mode to 2 (CubeIDE integrated)
2024-07-02 10:15:11,109 [INFO] UserAuth:415 - Internet connection configuration mode: 1
2024-07-02 10:15:11,132 [INFO] JxBrowserEngine:152 - Initiate JxBrowser Engine with user profile folder
2024-07-02 10:15:11,254 [INFO] CheckServerUpdateThread:120 - End of CheckServer Thread
2024-07-02 10:15:13,104 [WARN] PackLoader:240 - Cannot read IP mode file for STMicroelectronics.FP-SNS-MOTENVWB1.1.4.0
2024-07-02 10:15:13,120 [WARN] PackLoader:240 - Cannot read IP mode file for STMicroelectronics.X-CUBE-SMBUS.2.1.0
2024-07-02 10:15:13,130 [WARN] PackLoader:240 - Cannot read IP mode file for STMicroelectronics.X-CUBE-TOUCHGFX.4.23.0
2024-07-02 10:15:13,139 [WARN] PackLoader:240 - Cannot read IP mode file for STMicroelectronics.X-CUBE-TOUCHGFX.4.23.2
2024-07-02 10:15:13,171 [WARN] PackLoader:240 - Cannot read IP mode file for STMicroelectronics.X-CUBE-AZRTOS-F7.1.1.0
2024-07-02 10:15:13,185 [WARN] PackLoader:240 - Cannot read IP mode file for STMicroelectronics.FP-SNS-MOTENV1.4.3.2
2024-07-02 10:15:13,196 [WARN] PackLoader:240 - Cannot read IP mode file for STMicroelectronics.FP-SNS-FLIGHT1.5.0.2
2024-07-02 10:15:13,209 [WARN] PackLoader:240 - Cannot read IP mode file for STMicroelectronics.X-CUBE-DISPLAY.3.0.0
2024-07-02 10:15:13,223 [WARN] PackLoader:240 - Cannot read IP mode file for STMicroelectronics.X-CUBE-BLE1.7.0.0
2024-07-02 10:15:13,234 [WARN] PackLoader:240 - Cannot read IP mode file for emotas.I-CUBE-CANOPEN.1.3.0
2024-07-02 10:15:13,247 [WARN] PackLoader:240 - Cannot read IP mode file for STMicroelectronics.X-CUBE-BLEMGR.3.1.0
2024-07-02 10:15:13,259 [WARN] PackLoader:240 - Cannot read IP mode file for STMicroelectronics.FP-SNS-SMARTAG2.1.2.0
2024-07-02 10:15:13,273 [INFO] LogOutputStream:77 - [STDOUT_REDIRECT] 1 : Invalid condition id : UX_CORESTACK_Condition cause : null
2024-07-02 10:15:13,274 [INFO] LogOutputStream:77 - [STDOUT_REDIRECT] 1 : Invalid condition id : UX_CORESTACK_Condition cause : null
2024-07-02 10:15:13,274 [INFO] LogOutputStream:77 - [STDOUT_REDIRECT] 1 : Invalid condition id : UX_CORESTACK_Condition cause : null
2024-07-02 10:15:13,276 [INFO] LogOutputStream:77 - [STDOUT_REDIRECT] 1 : Invalid condition id : UX_CORESTACK_Condition cause : null
2024-07-02 10:15:13,276 [INFO] LogOutputStream:77 - [STDOUT_REDIRECT] 1 : Invalid condition id : UX_CORESTACK_Condition cause : null
2024-07-02 10:15:13,279 [WARN] PackLoader:240 - Cannot read IP mode file for STMicroelectronics.X-CUBE-AZRTOS-WL.2.0.0
2024-07-02 10:15:13,289 [WARN] PackLoader:240 - Cannot read IP mode file for STMicroelectronics.FP-SNS-MOTENV1.5.0.0
2024-07-02 10:15:13,298 [WARN] PackLoader:240 - Cannot read IP mode file for wolfSSL.I-CUBE-wolfMQTT.1.19.0
2024-07-02 10:15:13,310 [WARN] PackLoader:240 - Cannot read IP mode file for WES.I-CUBE-Cesium.1.3.0
2024-07-02 10:15:13,319 [WARN] PackLoader:240 - Cannot read IP mode file for STMicroelectronics.X-CUBE-BLE2.3.3.0
2024-07-02 10:15:13,330 [WARN] PackLoader:240 - Cannot read IP mode file for STMicroelectronics.X-CUBE-TCPP.4.1.0
2024-07-02 10:15:13,342 [WARN] PackLoader:240 - Cannot read IP mode file for STMicroelectronics.X-CUBE-ALGOBUILD.1.3.0
2024-07-02 10:15:13,360 [WARN] PackLoader:240 - Cannot read IP mode file for STMicroelectronics.X-CUBE-AZRTOS-G0.1.1.0
2024-07-02 10:15:13,372 [WARN] PackLoader:240 - Cannot read IP mode file for STMicroelectronics.X-CUBE-SAFEA1.1.2.2
2024-07-02 10:15:13,382 [WARN] PackLoader:240 - Cannot read IP mode file for STMicroelectronics.X-CUBE-NFC4.3.0.0
2024-07-02 10:15:13,393 [WARN] PackLoader:240 - Cannot read IP mode file for STMicroelectronics.FP-ATR-SIGFOX1.3.2.0
2024-07-02 10:15:13,404 [WARN] PackLoader:240 - Cannot read IP mode file for STMicroelectronics.X-CUBE-EEPRMA1.5.1.0
2024-07-02 10:15:13,432 [WARN] PackLoader:240 - Cannot read IP mode file for SEGGER.I-CUBE-embOS.1.3.1
2024-07-02 10:15:13,464 [WARN] PackLoader:240 - Cannot read IP mode file for STMicroelectronics.X-CUBE-ALGOBUILD.1.4.0
2024-07-02 10:15:13,475 [WARN] PackLoader:240 - Cannot read IP mode file for STMicroelectronics.X-CUBE-GNSS1.6.0.0
2024-07-02 10:15:13,496 [WARN] PackLoader:240 - Cannot read IP mode file for STMicroelectronics.X-CUBE-AZRTOS-F4.1.1.0
2024-07-02 10:15:13,508 [WARN] PackLoader:240 - Cannot read IP mode file for STMicroelectronics.X-CUBE-FREERTOS.1.2.0
2024-07-02 10:15:13,518 [WARN] PackLoader:240 - Cannot read IP mode file for wolfSSL.I-CUBE-wolfSSL.5.6.6
2024-07-02 10:15:13,535 [WARN] PackLoader:240 - Cannot read IP mode file for STMicroelectronics.X-CUBE-AZRTOS-L5.2.0.0
2024-07-02 10:15:13,548 [WARN] PackLoader:240 - Cannot read IP mode file for STMicroelectronics.X-CUBE-NFC6.3.1.0
2024-07-02 10:15:13,558 [WARN] PackLoader:240 - Cannot read IP mode file for ITTIA_DB.I-CUBE-ITTIADB.8.8.0
2024-07-02 10:15:13,570 [WARN] PackLoader:240 - Cannot read IP mode file for STMicroelectronics.X-CUBE-AI.9.0.0
2024-07-02 10:15:13,582 [WARN] PackLoader:240 - Cannot read IP mode file for STMicroelectronics.X-CUBE-NFC7.1.0.1
2024-07-02 10:15:13,592 [WARN] PackLoader:240 - Cannot read IP mode file for STMicroelectronics.X-CUBE-AI.8.1.0
2024-07-02 10:15:13,615 [WARN] ConditionMgr:438 - getConditionDescription Invalid condition id : LAN8742 Phy interface Condition cause : null
2024-07-02 10:15:13,616 [WARN] PackLoader:240 - Cannot read IP mode file for STMicroelectronics.X-CUBE-AZRTOS-L4.2.0.0
2024-07-02 10:15:13,617 [WARN] ConditionMgr:1039 - genDependencies : Invalid condition id : LAN8742 Phy interface Condition cause : null
2024-07-02 10:15:13,617 [WARN] ConditionMgr:1039 - genDependencies : Invalid condition id : LAN8742 Phy interface Condition cause : null
2024-07-02 10:15:13,617 [WARN] ConditionMgr:1039 - genDependencies : Invalid condition id : LAN8742 Phy interface Condition cause : null
2024-07-02 10:15:13,627 [WARN] PackLoader:240 - Cannot read IP mode file for STMicroelectronics.X-CUBE-SFXS2LP1.4.0.0
2024-07-02 10:15:13,646 [WARN] ConditionMgr:438 - getConditionDescription Invalid condition id : UX DEVICE CLASS RTOS Condition cause : null
2024-07-02 10:15:13,646 [WARN] ConditionMgr:438 - getConditionDescription Invalid condition id : UX DEVICE CLASS RTOS Condition cause : null
2024-07-02 10:15:13,648 [WARN] PackLoader:240 - Cannot read IP mode file for STMicroelectronics.X-CUBE-AZRTOS-WB.2.0.0
2024-07-02 10:15:13,648 [WARN] ConditionMgr:1039 - genDependencies : Invalid condition id : UX DEVICE CLASS RTOS Condition cause : null
2024-07-02 10:15:13,648 [WARN] ConditionMgr:1039 - genDependencies : Invalid condition id : UX DEVICE CLASS RTOS Condition cause : null
2024-07-02 10:15:13,649 [WARN] ConditionMgr:1039 - genDependencies : Invalid condition id : UX DEVICE CLASS RTOS Condition cause : null
2024-07-02 10:15:13,649 [WARN] ConditionMgr:1039 - genDependencies : Invalid condition id : UX DEVICE CLASS RTOS Condition cause : null
2024-07-02 10:15:13,649 [WARN] ConditionMgr:1039 - genDependencies : Invalid condition id : UX DEVICE CLASS RTOS Condition cause : null
2024-07-02 10:15:13,664 [WARN] PackLoader:240 - Cannot read IP mode file for STMicroelectronics.X-CUBE-SUBG2.5.0.0
2024-07-02 10:15:13,676 [WARN] PackLoader:240 - Cannot read IP mode file for Cesanta.I-CUBE-Mongoose.7.13.0
2024-07-02 10:15:13,696 [WARN] PackLoader:240 - Cannot read IP mode file for STMicroelectronics.X-CUBE-AZRTOS-G4.2.0.0
2024-07-02 10:15:13,712 [WARN] PackLoader:240 - Cannot read IP mode file for Infineon.AIROC-Wi-Fi-Bluetooth-STM32.1.5.1
2024-07-02 10:15:13,722 [WARN] PackLoader:240 - Cannot read IP mode file for STMicroelectronics.FP-SNS-MOTENVWB1.1.3.1
2024-07-02 10:15:13,731 [WARN] PackLoader:240 - Cannot read IP mode file for STMicroelectronics.X-CUBE-ISPU.2.0.0
2024-07-02 10:15:13,740 [WARN] PackLoader:240 - Cannot read IP mode file for STMicroelectronics.X-CUBE-ALS.1.0.2
2024-07-02 10:15:13,772 [WARN] PackLoader:240 - Cannot read IP mode file for STMicroelectronics.X-CUBE-MEMS1.10.0.0
2024-07-02 10:15:13,826 [WARN] PackLoader:240 - Cannot read IP mode file for STMicroelectronics.X-CUBE-FREERTOS.1.1.0
2024-07-02 10:15:13,836 [WARN] PackLoader:240 - Cannot read IP mode file for STMicroelectronics.X-CUBE-TOUCHGFX.4.24.0
2024-07-02 10:15:13,847 [WARN] PackLoader:240 - Cannot read IP mode file for portGmbH.I-Cube-SoM-uGOAL.1.1.0
2024-07-02 10:15:13,858 [WARN] PackLoader:240 - Cannot read IP mode file for STMicroelectronics.X-CUBE-ALS.1.0.1
2024-07-02 10:15:13,876 [WARN] PackLoader:240 - Cannot read IP mode file for STMicroelectronics.X-CUBE-AZRTOS-H7RS.1.0.0
2024-07-02 10:15:13,887 [WARN] PackLoader:240 - Cannot read IP mode file for STMicroelectronics.FP-ATR-ASTRA1.2.0.0
2024-07-02 10:15:13,900 [WARN] PackLoader:240 - Cannot read IP mode file for STMicroelectronics.X-CUBE-TOF1.3.4.1
2024-07-02 10:15:13,926 [WARN] PackLoader:240 - Cannot read IP mode file for STMicroelectronics.X-CUBE-AZRTOS-H7.3.2.0
2024-07-02 10:15:13,929 [INFO] ThirdParty:978 - Integrity check success = true
2024-07-02 10:15:13,929 [INFO] IntegrityCheckThread:100 - exiting critical section [integrity check]
2024-07-02 10:15:13,929 [INFO] IntegrityCheckThread:103 - End integrity checks thread
2024-07-02 10:15:14,652 [INFO] WebApp:161 - Instantiating new browser for Auth
2024-07-02 10:15:15,167 [INFO] WebApp:779 - Register for checkConnection events
2024-07-02 10:15:15,167 [INFO] WebApp:414 - Apply proxy settings
2024-07-02 10:15:15,167 [INFO] WebApp:499 - Chromium requires no authentication
2024-07-02 10:15:15,173 [INFO] WebApp:442 - Direct internet connection detected
2024-07-02 10:15:15,302 [INFO] WebApp:192 - Starting web application
2024-07-02 10:15:15,302 [INFO] WebApp:544 - Web application path used C:\ST\STM32CubeIDE_1.15.0\STM32CubeIDE\plugins\com.st.stm32cube.common.mx_6.11.0.202403141607\db\plugins\mcufinder\reactClient1\index.html
2024-07-02 22:04:59,885 [INFO] WebApp:354 - JxBrowser engine has been closed 
2024-07-02 22:05:01,172 [ERROR] LogOutputStream:75 - [STDERR_REDIRECT] 
