2024-08-16 04:04:07,071 [ERROR] LogOutputStream:75 - [STDERR_REDIRECT] 
2024-08-16 12:04:37,386 [INFO] Activator:176 - 


2024-08-16 12:04:37,388 [INFO] Activator:177 - !SESSION log4j initialized
2024-08-16 12:04:41,439 [INFO] LogOutputStream:77 - [STDOUT_REDIRECT] 
2024-08-16 12:04:42,187 [INFO] ApplicationProperties:184 - Using Application install path: C:\ST\STM32CubeIDE_1.15.0\STM32CubeIDE\plugins\com.st.stm32cube.common.mx_6.11.0.202403141607
2024-08-16 12:04:42,201 [INFO] DbMcusXml:78 - Set database path to: C:\ST\STM32CubeIDE_1.15.0\STM32CubeIDE\plugins\com.st.stm32cube.common.mx_6.11.0.202403141607\\db\/mcu/
2024-08-16 12:04:42,201 [INFO] ApiDb:274 - Set plugin database path to: C:\ST\STM32CubeIDE_1.15.0\STM32CubeIDE\plugins\com.st.stm32cube.common.mx_6.11.0.202403141607\\db\/plugins/boardmanager/
2024-08-16 12:04:42,201 [WARN] ApiDb:259 - Overriding images path with different value:  => C:\ST\STM32CubeIDE_1.15.0\STM32CubeIDE\plugins\com.st.stm32cube.common.mx_6.11.0.202403141607\\db\/plugins/mcufinder/images/
2024-08-16 12:04:42,208 [INFO] ApiDb:250 - Set database path to: C:\Users\Daniel\.stmcufinder\plugins\mcufinder//mcu/
2024-08-16 12:04:42,209 [INFO] DbMcusAds:125 - Set database path to: C:\Users\Daniel\.stmcufinder\plugins\mcufinder//mcu/
2024-08-16 12:04:42,210 [INFO] CrossReferenceDbSqlite:203 - Set database path to: C:\Users\Daniel\.stmcufinder\plugins\mcufinder//mcu/cs/
2024-08-16 12:04:42,306 [INFO] RulesReader:64 - Compatibility file has been processed (297 Rules)
2024-08-16 12:04:42,377 [INFO] DbMcusXml:78 - Set database path to: C:\ST\STM32CubeIDE_1.15.0\STM32CubeIDE\plugins\com.st.stm32cube.common.mx_6.11.0.202403141607\\db\/mcu/
2024-08-16 12:04:42,377 [INFO] ApiDb:274 - Set plugin database path to: C:\ST\STM32CubeIDE_1.15.0\STM32CubeIDE\plugins\com.st.stm32cube.common.mx_6.11.0.202403141607\\db\/plugins/boardmanager/
2024-08-16 12:04:42,377 [INFO] ApiDb:261 - Set plugin images path to: C:\ST\STM32CubeIDE_1.15.0\STM32CubeIDE\plugins\com.st.stm32cube.common.mx_6.11.0.202403141607\\db\/plugins/mcufinder/images/
2024-08-16 12:04:42,378 [WARN] DbFile:41 - Overriding database path with different value: C:\Users\Daniel\.stmcufinder\plugins\mcufinder/ => C:\Users\Daniel\.stmcufinder\plugins\mcufinder
2024-08-16 12:04:42,378 [INFO] ApiDb:250 - Set database path to: C:\Users\Daniel\.stmcufinder\plugins\mcufinder//mcu/
2024-08-16 12:04:42,378 [WARN] DbFile:41 - Overriding database path with different value: C:\Users\Daniel\.stmcufinder\plugins\mcufinder/ => C:\Users\Daniel\.stmcufinder\plugins\mcufinder
2024-08-16 12:04:42,378 [INFO] DbMcusAds:125 - Set database path to: C:\Users\Daniel\.stmcufinder\plugins\mcufinder//mcu/
2024-08-16 12:04:42,378 [WARN] DbFile:41 - Overriding database path with different value: C:\Users\Daniel\.stmcufinder\plugins\mcufinder/ => C:\Users\Daniel\.stmcufinder\plugins\mcufinder
2024-08-16 12:04:42,378 [WARN] DbFile:41 - Overriding database path with different value: C:\Users\Daniel\.stmcufinder\plugins\mcufinder/ => C:\Users\Daniel\.stmcufinder\plugins\mcufinder
2024-08-16 12:04:42,378 [INFO] CrossReferenceDbSqlite:203 - Set database path to: C:\Users\Daniel\.stmcufinder\plugins\mcufinder//mcu/cs/
2024-08-16 12:04:42,446 [INFO] MainPanel:264 - HeapMemory: 268435456
2024-08-16 12:04:42,515 [INFO] DbMcusXml:78 - Set database path to: C:\ST\STM32CubeIDE_1.15.0\STM32CubeIDE\plugins\com.st.stm32cube.common.mx_6.11.0.202403141607\\db\/mcu/
2024-08-16 12:04:42,516 [INFO] ApiDb:274 - Set plugin database path to: C:\ST\STM32CubeIDE_1.15.0\STM32CubeIDE\plugins\com.st.stm32cube.common.mx_6.11.0.202403141607\\db\/plugins/boardmanager/
2024-08-16 12:04:42,516 [INFO] ApiDb:261 - Set plugin images path to: C:\ST\STM32CubeIDE_1.15.0\STM32CubeIDE\plugins\com.st.stm32cube.common.mx_6.11.0.202403141607\\db\/plugins/mcufinder/images/
2024-08-16 12:04:42,516 [WARN] DbFile:41 - Overriding database path with different value: C:\Users\Daniel\.stmcufinder\plugins\mcufinder/ => C:\Users\Daniel\.stmcufinder\plugins\mcufinder
2024-08-16 12:04:42,516 [INFO] ApiDb:250 - Set database path to: C:\Users\Daniel\.stmcufinder\plugins\mcufinder//mcu/
2024-08-16 12:04:42,516 [WARN] DbFile:41 - Overriding database path with different value: C:\Users\Daniel\.stmcufinder\plugins\mcufinder/ => C:\Users\Daniel\.stmcufinder\plugins\mcufinder
2024-08-16 12:04:42,516 [INFO] DbMcusAds:125 - Set database path to: C:\Users\Daniel\.stmcufinder\plugins\mcufinder//mcu/
2024-08-16 12:04:42,516 [WARN] DbFile:41 - Overriding database path with different value: C:\Users\Daniel\.stmcufinder\plugins\mcufinder/ => C:\Users\Daniel\.stmcufinder\plugins\mcufinder
2024-08-16 12:04:42,516 [WARN] DbFile:41 - Overriding database path with different value: C:\Users\Daniel\.stmcufinder\plugins\mcufinder/ => C:\Users\Daniel\.stmcufinder\plugins\mcufinder
2024-08-16 12:04:42,516 [INFO] CrossReferenceDbSqlite:203 - Set database path to: C:\Users\Daniel\.stmcufinder\plugins\mcufinder//mcu/cs/
2024-08-16 12:04:42,530 [INFO] ApplicationProperties:184 - Using Application install path: C:\ST\STM32CubeIDE_1.15.0\STM32CubeIDE\plugins\com.st.stm32cube.common.mx_6.11.0.202403141607
2024-08-16 12:04:42,531 [INFO] PluginManage:196 - Search for loadable plugins [exclusion list=, ]
2024-08-16 12:04:42,532 [INFO] PluginManage:310 - Check plugin analytics
2024-08-16 12:04:42,659 [INFO] AnalyticsPlugin:253 - Accepted Software Licenses: 
2024-08-16 12:04:42,659 [INFO] AnalyticsPlugin:255 - Accepted CMSIS Pack Licenses: 
2024-08-16 12:04:42,659 [INFO] AnalyticsPlugin:257 - Accepted Firmware Licenses: FW.F4.1.28.0
2024-08-16 12:04:42,661 [INFO] PluginManage:359 - Loaded plugin analytics (category:tool,tabindex:-1)
2024-08-16 12:04:42,661 [INFO] PluginManage:310 - Check plugin cadmodel
2024-08-16 12:04:42,671 [INFO] CADModel:105 - Init CAD model plugin
2024-08-16 12:04:42,671 [INFO] PluginManage:359 - Loaded plugin cadmodel (category:power,tabindex:5)
2024-08-16 12:04:42,672 [INFO] PluginManage:310 - Check plugin clock
2024-08-16 12:04:42,686 [INFO] PluginManage:359 - Loaded plugin clock (category:base,tabindex:2)
2024-08-16 12:04:42,686 [INFO] PluginManage:310 - Check plugin ddr
2024-08-16 12:04:42,688 [INFO] PluginManage:359 - Loaded plugin ddr (category:tool,tabindex:6)
2024-08-16 12:04:42,688 [INFO] PluginManage:310 - Check plugin filemanager
2024-08-16 12:04:42,789 [INFO] PluginManage:359 - Loaded plugin filemanager (category:base,tabindex:10)
2024-08-16 12:04:42,789 [INFO] PluginManage:310 - Check plugin ipmanager
2024-08-16 12:04:42,795 [INFO] PluginManage:359 - Loaded plugin ipmanager (category:base,tabindex:5)
2024-08-16 12:04:42,795 [INFO] PluginManage:310 - Check plugin lpbam
2024-08-16 12:04:42,808 [INFO] PluginManage:359 - Loaded plugin lpbam (category:base,tabindex:0)
2024-08-16 12:04:42,808 [INFO] PluginManage:310 - Check plugin memorymap
2024-08-16 12:04:42,824 [INFO] PluginManage:359 - Loaded plugin memorymap (category:base,tabindex:4)
2024-08-16 12:04:42,824 [INFO] PluginManage:310 - Check plugin pinoutandconfiguration
2024-08-16 12:04:42,836 [INFO] PluginManage:359 - Loaded plugin pinoutandconfiguration (category:base,tabindex:1)
2024-08-16 12:04:42,836 [INFO] PluginManage:310 - Check plugin pinoutconfig
2024-08-16 12:04:42,897 [WARN] SupportedApi:132 - Cannot load RTOS API schema: s4s-elt-must-match.1: The content of 'definitions' must match (annotation?, (simpleType | complexType)?, (unique | key | keyref)*)). A problem was found starting at: attribute.
2024-08-16 12:04:43,001 [INFO] PluginManage:359 - Loaded plugin pinoutconfig (category:base,tabindex:0)
2024-08-16 12:04:43,001 [INFO] PluginManage:310 - Check plugin power
2024-08-16 12:04:43,018 [INFO] PluginManage:359 - Loaded plugin power (category:power,tabindex:4)
2024-08-16 12:04:43,018 [INFO] PluginManage:310 - Check plugin projectmanager
2024-08-16 12:04:43,028 [INFO] PluginManage:359 - Loaded plugin projectmanager (category:projectmanager,tabindex:3)
2024-08-16 12:04:43,028 [INFO] PluginManage:310 - Check plugin thirdparty
2024-08-16 12:04:43,225 [INFO] PluginManage:359 - Loaded plugin thirdparty (category:base,tabindex:-1)
2024-08-16 12:04:43,225 [INFO] PluginManage:310 - Check plugin tools
2024-08-16 12:04:43,225 [WARN] IntegrityCheckThread:84 - waiting for thirdparty lock release [integrity check]
2024-08-16 12:04:43,226 [INFO] IntegrityCheckThread:86 - entering critical section [integrity check]
2024-08-16 12:04:43,226 [INFO] ThirdPartyUpdaterWithRetryManager:70 - Updater plugin not ready yet. [1/15]
2024-08-16 12:04:43,250 [INFO] PluginManage:359 - Loaded plugin tools (category:base,tabindex:7)
2024-08-16 12:04:43,251 [INFO] PluginManage:310 - Check plugin tutovideos
2024-08-16 12:04:43,392 [INFO] PluginManage:359 - Loaded plugin tutovideos (category:base,tabindex:-1)
2024-08-16 12:04:43,393 [INFO] PluginManage:310 - Check plugin updater
2024-08-16 12:04:43,401 [INFO] PluginManage:359 - Loaded plugin updater (category:base,tabindex:12)
2024-08-16 12:04:43,401 [INFO] PluginManage:310 - Check plugin userauth
2024-08-16 12:04:43,406 [INFO] UserAuth:114 - Init User Auth plugin
2024-08-16 12:04:43,406 [INFO] PluginManage:359 - Loaded plugin userauth (category:base,tabindex:14)
2024-08-16 12:04:43,407 [INFO] PluginManage:283 - PluginManage : Loaded plugins [17]
2024-08-16 12:04:43,566 [INFO] PinOutPanel:1561 - setPackage(No Configuration,No Configuration)
2024-08-16 12:04:43,617 [INFO] CADModel:165 - CPN selected for project level
2024-08-16 12:04:43,617 [INFO] CADModel:114 - Register for checkConnection events
2024-08-16 12:04:43,636 [INFO] IPUIPlugin:80 - create IPUIPlugin
2024-08-16 12:04:43,636 [INFO] PluginManager:220 - loadIPPluginJar : add adc
2024-08-16 12:04:43,662 [INFO] IPUIPlugin:80 - create IPUIPlugin
2024-08-16 12:04:43,662 [INFO] PluginManager:220 - loadIPPluginJar : add aes
2024-08-16 12:04:43,691 [INFO] IPUIPlugin:80 - create IPUIPlugin
2024-08-16 12:04:43,691 [INFO] PluginManager:220 - loadIPPluginJar : add can
2024-08-16 12:04:43,708 [INFO] IPUIPlugin:80 - create IPUIPlugin
2024-08-16 12:04:43,708 [INFO] PluginManager:220 - loadIPPluginJar : add comp
2024-08-16 12:04:43,732 [INFO] IPUIPlugin:80 - create IPUIPlugin
2024-08-16 12:04:43,732 [INFO] PluginManager:220 - loadIPPluginJar : add cryp
2024-08-16 12:04:43,754 [INFO] IPUIPlugin:80 - create IPUIPlugin
2024-08-16 12:04:43,754 [INFO] PluginManager:220 - loadIPPluginJar : add dfsdm
2024-08-16 12:04:43,765 [INFO] IPUIPlugin:80 - create IPUIPlugin
2024-08-16 12:04:43,765 [INFO] PluginManager:220 - loadIPPluginJar : add dma
2024-08-16 12:04:43,803 [INFO] IPUIPlugin:80 - create IPUIPlugin
2024-08-16 12:04:43,803 [INFO] PluginManager:220 - loadIPPluginJar : add dma3
2024-08-16 12:04:43,834 [INFO] IPUIPlugin:80 - create IPUIPlugin
2024-08-16 12:04:43,834 [INFO] PluginManager:220 - loadIPPluginJar : add extmemmanager
2024-08-16 12:04:43,850 [INFO] IPUIPlugin:80 - create IPUIPlugin
2024-08-16 12:04:43,850 [INFO] PluginManager:220 - loadIPPluginJar : add fatfs
2024-08-16 12:04:43,880 [INFO] IPUIPlugin:80 - create IPUIPlugin
2024-08-16 12:04:43,880 [INFO] PluginManager:220 - loadIPPluginJar : add fmc
2024-08-16 12:04:43,890 [INFO] IPUIPlugin:80 - create IPUIPlugin
2024-08-16 12:04:43,890 [INFO] PluginManager:220 - loadIPPluginJar : add freertos
2024-08-16 12:04:43,905 [INFO] IPUIPlugin:80 - create IPUIPlugin
2024-08-16 12:04:43,905 [INFO] PluginManager:220 - loadIPPluginJar : add genericplugin
2024-08-16 12:04:43,968 [INFO] IPUIPlugin:80 - create IPUIPlugin
2024-08-16 12:04:43,968 [INFO] PluginManager:220 - loadIPPluginJar : add gfxmmu
2024-08-16 12:04:44,055 [INFO] IPUIPlugin:80 - create IPUIPlugin
2024-08-16 12:04:44,056 [INFO] PluginManager:220 - loadIPPluginJar : add gic
2024-08-16 12:04:44,069 [INFO] IPUIPlugin:80 - create IPUIPlugin
2024-08-16 12:04:44,069 [INFO] PluginManager:220 - loadIPPluginJar : add gpio
2024-08-16 12:04:44,134 [INFO] IPUIPlugin:80 - create IPUIPlugin
2024-08-16 12:04:44,134 [INFO] PluginManager:220 - loadIPPluginJar : add gtzc
2024-08-16 12:04:44,158 [INFO] IPUIPlugin:80 - create IPUIPlugin
2024-08-16 12:04:44,158 [INFO] PluginManager:220 - loadIPPluginJar : add hash
2024-08-16 12:04:44,197 [INFO] IPUIPlugin:80 - create IPUIPlugin
2024-08-16 12:04:44,197 [INFO] PluginManager:220 - loadIPPluginJar : add i2c
2024-08-16 12:04:44,226 [INFO] IPUIPlugin:80 - create IPUIPlugin
2024-08-16 12:04:44,227 [INFO] PluginManager:220 - loadIPPluginJar : add i2s
2024-08-16 12:04:44,257 [INFO] IPUIPlugin:80 - create IPUIPlugin
2024-08-16 12:04:44,257 [INFO] PluginManager:220 - loadIPPluginJar : add i3c
2024-08-16 12:04:44,330 [INFO] IPUIPlugin:80 - create IPUIPlugin
2024-08-16 12:04:44,330 [INFO] PluginManager:220 - loadIPPluginJar : add ipddr
2024-08-16 12:04:44,395 [INFO] IPUIPlugin:80 - create IPUIPlugin
2024-08-16 12:04:44,395 [INFO] PluginManager:220 - loadIPPluginJar : add linkedlist
2024-08-16 12:04:44,418 [INFO] IPUIPlugin:80 - create IPUIPlugin
2024-08-16 12:04:44,419 [INFO] PluginManager:220 - loadIPPluginJar : add lorawan
2024-08-16 12:04:44,443 [INFO] IPUIPlugin:80 - create IPUIPlugin
2024-08-16 12:04:44,443 [INFO] PluginManager:220 - loadIPPluginJar : add ltdc
2024-08-16 12:04:44,451 [INFO] IPUIPlugin:80 - create IPUIPlugin
2024-08-16 12:04:44,451 [INFO] PluginManager:220 - loadIPPluginJar : add mdma
2024-08-16 12:04:44,461 [INFO] IPUIPlugin:80 - create IPUIPlugin
2024-08-16 12:04:44,461 [INFO] PluginManager:220 - loadIPPluginJar : add nvic
2024-08-16 12:04:44,485 [INFO] IPUIPlugin:80 - create IPUIPlugin
2024-08-16 12:04:44,485 [INFO] PluginManager:220 - loadIPPluginJar : add opamp
2024-08-16 12:04:44,529 [INFO] IPUIPlugin:80 - create IPUIPlugin
2024-08-16 12:04:44,529 [INFO] PluginManager:220 - loadIPPluginJar : add openamp
2024-08-16 12:04:44,557 [INFO] IPUIPlugin:80 - create IPUIPlugin
2024-08-16 12:04:44,557 [INFO] PluginManager:220 - loadIPPluginJar : add pdm2pcm
2024-08-16 12:04:44,567 [INFO] IPUIPlugin:80 - create IPUIPlugin
2024-08-16 12:04:44,568 [INFO] PluginManager:220 - loadIPPluginJar : add plateformsettings
2024-08-16 12:04:44,584 [INFO] IPUIPlugin:80 - create IPUIPlugin
2024-08-16 12:04:44,584 [INFO] PluginManager:220 - loadIPPluginJar : add quadspi
2024-08-16 12:04:44,596 [INFO] IPUIPlugin:80 - create IPUIPlugin
2024-08-16 12:04:44,596 [INFO] PluginManager:220 - loadIPPluginJar : add resmgrutility
2024-08-16 12:04:44,629 [INFO] IPUIPlugin:80 - create IPUIPlugin
2024-08-16 12:04:44,629 [INFO] PluginManager:220 - loadIPPluginJar : add sai
2024-08-16 12:04:44,654 [INFO] IPUIPlugin:80 - create IPUIPlugin
2024-08-16 12:04:44,654 [INFO] PluginManager:220 - loadIPPluginJar : add spi
2024-08-16 12:04:44,701 [INFO] IPUIPlugin:80 - create IPUIPlugin
2024-08-16 12:04:44,701 [INFO] PluginManager:220 - loadIPPluginJar : add stm32_wpan
2024-08-16 12:04:44,717 [INFO] IPUIPlugin:80 - create IPUIPlugin
2024-08-16 12:04:44,718 [INFO] PluginManager:220 - loadIPPluginJar : add tim
2024-08-16 12:04:44,757 [INFO] IPUIPlugin:80 - create IPUIPlugin
2024-08-16 12:04:44,757 [INFO] PluginManager:220 - loadIPPluginJar : add touchsensing
2024-08-16 12:04:44,774 [INFO] IPUIPlugin:80 - create IPUIPlugin
2024-08-16 12:04:44,774 [INFO] PluginManager:220 - loadIPPluginJar : add tracer_emb
2024-08-16 12:04:44,793 [INFO] IPUIPlugin:80 - create IPUIPlugin
2024-08-16 12:04:44,793 [INFO] PluginManager:220 - loadIPPluginJar : add ts
2024-08-16 12:04:44,809 [INFO] IPUIPlugin:80 - create IPUIPlugin
2024-08-16 12:04:44,809 [INFO] PluginManager:220 - loadIPPluginJar : add tsc
2024-08-16 12:04:44,825 [INFO] IPUIPlugin:80 - create IPUIPlugin
2024-08-16 12:04:44,825 [INFO] PluginManager:220 - loadIPPluginJar : add ucpd
2024-08-16 12:04:44,855 [INFO] IPUIPlugin:80 - create IPUIPlugin
2024-08-16 12:04:44,856 [INFO] PluginManager:220 - loadIPPluginJar : add usart
2024-08-16 12:04:44,887 [INFO] IPUIPlugin:80 - create IPUIPlugin
2024-08-16 12:04:44,888 [INFO] PluginManager:220 - loadIPPluginJar : add usbx
2024-08-16 12:04:44,994 [INFO] CADModel:165 - CPN selected for project level
2024-08-16 12:04:44,994 [INFO] CADModel:114 - Register for checkConnection events
2024-08-16 12:04:44,994 [FATAL] Updater:308 - Updater called before beeing initialized
2024-08-16 12:04:44,994 [ERROR] CADModel:125 - Updater not yet initialized, retry later 
2024-08-16 12:04:45,078 [INFO] CADModel:165 - CPN selected for project level
2024-08-16 12:04:45,078 [INFO] CADModel:114 - Register for checkConnection events
2024-08-16 12:04:45,078 [FATAL] Updater:308 - Updater called before beeing initialized
2024-08-16 12:04:45,078 [ERROR] CADModel:125 - Updater not yet initialized, retry later 
2024-08-16 12:04:45,080 [FATAL] Updater:308 - Updater called before beeing initialized
2024-08-16 12:04:45,152 [FATAL] Updater:308 - Updater called before beeing initialized
2024-08-16 12:04:45,160 [INFO] DbMcusAds:53 - JSON generation date=Thu May 16 12:22:00 IDT 2024 (1715851320667)
2024-08-16 12:04:45,160 [FATAL] Updater:308 - Updater called before beeing initialized
2024-08-16 12:04:45,216 [WARN] DetailPanel:346 - Failed to get advertising image, set to default
2024-08-16 12:04:45,274 [FATAL] Updater:308 - Updater called before beeing initialized
2024-08-16 12:04:45,276 [FATAL] Updater:308 - Updater called before beeing initialized
2024-08-16 12:04:45,276 [FATAL] Updater:308 - Updater called before beeing initialized
2024-08-16 12:04:45,276 [WARN] DetailPanel:346 - Failed to get advertising image, set to default
2024-08-16 12:04:45,277 [FATAL] Updater:308 - Updater called before beeing initialized
2024-08-16 12:04:45,321 [ERROR] Updater:1120 - MainUpdater not yet initialized. External WinMGr cannot be set.
2024-08-16 12:04:45,331 [INFO] Updater:1056 - Updater Version found : 6.11.0
2024-08-16 12:04:45,347 [INFO] ApplicationProperties:184 - Using Application install path: C:\ST\STM32CubeIDE_1.15.0\STM32CubeIDE\plugins\com.st.stm32cube.common.mx_6.11.0.202403141607
2024-08-16 12:04:46,229 [INFO] ThirdPartyUpdaterWithRetryManager:70 - Updater plugin not ready yet. [2/15]
2024-08-16 12:04:46,917 [ERROR] LogOutputStream:75 - [STDERR_REDIRECT] Aug 16, 2024 12:04:46 PM java.util.prefs.WindowsPreferences <init>
2024-08-16 12:04:46,918 [ERROR] LogOutputStream:75 - [STDERR_REDIRECT] WARNING: Could not open/create prefs root node Software\JavaSoft\Prefs at root 0xffffffff80000002. Windows RegCreateKeyEx(...) returned error code 5.
2024-08-16 12:04:46,918 [ERROR] LogOutputStream:75 - [STDERR_REDIRECT] 
2024-08-16 12:04:47,368 [INFO] MainUpdater:2873 - connection check result : 10
2024-08-16 12:04:47,369 [INFO] MainUpdater:3567 - Updater definition file requires update
2024-08-16 12:04:47,369 [INFO] MainUpdater:290 - Updater Check For Update Now.
2024-08-16 12:04:47,369 [INFO] MicroXplorer:498 - Change Database Version : DB.6.0.110
2024-08-16 12:04:47,384 [INFO] McuFinderGlobals:63 - Set McuFinder mode to 2 (CubeIDE integrated)
2024-08-16 12:04:47,393 [INFO] UserAuth:415 - Internet connection configuration mode: 1
2024-08-16 12:04:47,410 [INFO] JxBrowserEngine:152 - Initiate JxBrowser Engine with user profile folder
2024-08-16 12:04:47,679 [INFO] ServerAccessManage:473 - Download File updaters.zip
2024-08-16 12:04:47,895 [INFO] FileExtend:240 - Unzip File : updaters.zip
2024-08-16 12:04:47,896 [INFO] FileExtend:255 - Standard Zip Deflate
2024-08-16 12:04:48,378 [INFO] ServerAccessManage:473 - Download File PacksControlFlags.xml
2024-08-16 12:04:48,579 [INFO] ServerAccessManage:473 - Download File cubemx.pidx
2024-08-16 12:04:49,231 [WARN] MainUpdater:1194 - Updater busy. Cannot search thirdparties
2024-08-16 12:04:49,231 [INFO] ThirdPartyUpdaterWithRetryManager:96 - Updater plugin is busy. [1/15]
2024-08-16 12:04:49,493 [INFO] ServerAccessManage:473 - Download File STMicroelectronics.X-CUBE-AZRTOS-H7.pdsc
2024-08-16 12:04:51,106 [INFO] WebApp:161 - Instantiating new browser for Auth
2024-08-16 12:04:51,595 [WARN] PackLoader:240 - Cannot read IP mode file for STMicroelectronics.X-CUBE-AZRTOS-H7.3.3.0
2024-08-16 12:04:51,601 [INFO] PopulateThirdPartyThread:66 - Ending populate Thread
2024-08-16 12:04:51,602 [INFO] ThirdParty:1030 - CMSIS Pack Vendor :STMicroelectronics X-CUBE-AZRTOS-H7 3.3.0
2024-08-16 12:04:51,602 [INFO] LoadServerUpdatesThread:375 - End of LoadServerUpdate Thread
2024-08-16 12:04:51,695 [INFO] CheckServerUpdateThread:120 - End of CheckServer Thread
2024-08-16 12:04:51,705 [INFO] WebApp:779 - Register for checkConnection events
2024-08-16 12:04:51,706 [INFO] WebApp:414 - Apply proxy settings
2024-08-16 12:04:51,706 [INFO] WebApp:499 - Chromium requires no authentication
2024-08-16 12:04:51,713 [INFO] WebApp:442 - Direct internet connection detected
2024-08-16 12:04:51,837 [INFO] WebApp:192 - Starting web application
2024-08-16 12:04:51,838 [INFO] WebApp:544 - Web application path used C:\ST\STM32CubeIDE_1.15.0\STM32CubeIDE\plugins\com.st.stm32cube.common.mx_6.11.0.202403141607\db\plugins\mcufinder\reactClient1\index.html
2024-08-16 12:04:52,325 [WARN] PackLoader:240 - Cannot read IP mode file for STMicroelectronics.FP-SNS-MOTENVWB1.1.4.0
2024-08-16 12:04:52,338 [WARN] PackLoader:240 - Cannot read IP mode file for STMicroelectronics.X-CUBE-SMBUS.2.1.0
2024-08-16 12:04:52,349 [WARN] PackLoader:240 - Cannot read IP mode file for STMicroelectronics.X-CUBE-TOUCHGFX.4.23.0
2024-08-16 12:04:52,358 [WARN] PackLoader:240 - Cannot read IP mode file for STMicroelectronics.X-CUBE-TOUCHGFX.4.23.2
2024-08-16 12:04:52,378 [WARN] PackLoader:240 - Cannot read IP mode file for STMicroelectronics.X-CUBE-AZRTOS-F7.1.1.0
2024-08-16 12:04:52,391 [WARN] PackLoader:240 - Cannot read IP mode file for STMicroelectronics.FP-SNS-MOTENV1.4.3.2
2024-08-16 12:04:52,395 [WARN] PackLoader:240 - Cannot read IP mode file for STMicroelectronics.FP-SNS-FLIGHT1.5.0.2
2024-08-16 12:04:52,406 [WARN] PackLoader:240 - Cannot read IP mode file for STMicroelectronics.X-CUBE-DISPLAY.3.0.0
2024-08-16 12:04:52,417 [WARN] PackLoader:240 - Cannot read IP mode file for STMicroelectronics.X-CUBE-BLE1.7.0.0
2024-08-16 12:04:52,427 [WARN] PackLoader:240 - Cannot read IP mode file for emotas.I-CUBE-CANOPEN.1.3.0
2024-08-16 12:04:52,437 [WARN] PackLoader:240 - Cannot read IP mode file for STMicroelectronics.X-CUBE-BLEMGR.3.1.0
2024-08-16 12:04:52,448 [WARN] PackLoader:240 - Cannot read IP mode file for STMicroelectronics.FP-SNS-SMARTAG2.1.2.0
2024-08-16 12:04:52,462 [INFO] LogOutputStream:77 - [STDOUT_REDIRECT] 1 : Invalid condition id : UX_CORESTACK_Condition cause : null
2024-08-16 12:04:52,462 [INFO] LogOutputStream:77 - [STDOUT_REDIRECT] 1 : Invalid condition id : UX_CORESTACK_Condition cause : null
2024-08-16 12:04:52,464 [INFO] LogOutputStream:77 - [STDOUT_REDIRECT] 1 : Invalid condition id : UX_CORESTACK_Condition cause : null
2024-08-16 12:04:52,464 [INFO] LogOutputStream:77 - [STDOUT_REDIRECT] 1 : Invalid condition id : UX_CORESTACK_Condition cause : null
2024-08-16 12:04:52,465 [INFO] LogOutputStream:77 - [STDOUT_REDIRECT] 1 : Invalid condition id : UX_CORESTACK_Condition cause : null
2024-08-16 12:04:52,466 [WARN] PackLoader:240 - Cannot read IP mode file for STMicroelectronics.X-CUBE-AZRTOS-WL.2.0.0
2024-08-16 12:04:52,476 [WARN] PackLoader:240 - Cannot read IP mode file for STMicroelectronics.FP-SNS-MOTENV1.5.0.0
2024-08-16 12:04:52,480 [WARN] PackLoader:240 - Cannot read IP mode file for wolfSSL.I-CUBE-wolfMQTT.1.19.0
2024-08-16 12:04:52,491 [WARN] PackLoader:240 - Cannot read IP mode file for WES.I-CUBE-Cesium.1.3.0
2024-08-16 12:04:52,500 [WARN] PackLoader:240 - Cannot read IP mode file for STMicroelectronics.X-CUBE-BLE2.3.3.0
2024-08-16 12:04:52,509 [WARN] PackLoader:240 - Cannot read IP mode file for STMicroelectronics.X-CUBE-TCPP.4.1.0
2024-08-16 12:04:52,520 [WARN] PackLoader:240 - Cannot read IP mode file for STMicroelectronics.X-CUBE-ALGOBUILD.1.3.0
2024-08-16 12:04:52,546 [WARN] PackLoader:240 - Cannot read IP mode file for STMicroelectronics.X-CUBE-AZRTOS-G0.1.1.0
2024-08-16 12:04:52,558 [WARN] PackLoader:240 - Cannot read IP mode file for STMicroelectronics.X-CUBE-SAFEA1.1.2.2
2024-08-16 12:04:52,568 [WARN] PackLoader:240 - Cannot read IP mode file for STMicroelectronics.X-CUBE-NFC4.3.0.0
2024-08-16 12:04:52,580 [WARN] PackLoader:240 - Cannot read IP mode file for EmbeddedOffice.I-CUBE-FS-RTOS.1.0.1
2024-08-16 12:04:52,580 [ERROR] ConditionMgr:805 - Attr not supported : Dmpu
2024-08-16 12:04:52,581 [ERROR] ConditionMgr:805 - Attr not supported : Dmpu
2024-08-16 12:04:52,581 [ERROR] ConditionMgr:805 - Attr not supported : Dmpu
2024-08-16 12:04:52,581 [ERROR] ConditionMgr:805 - Attr not supported : Dmpu
2024-08-16 12:04:52,581 [ERROR] ConditionMgr:805 - Attr not supported : Dmpu
2024-08-16 12:04:52,581 [ERROR] ConditionMgr:805 - Attr not supported : Dmpu
2024-08-16 12:04:52,581 [ERROR] ConditionMgr:805 - Attr not supported : Dmpu
2024-08-16 12:04:52,581 [ERROR] ConditionMgr:805 - Attr not supported : Dmpu
2024-08-16 12:04:52,581 [ERROR] ConditionMgr:805 - Attr not supported : Dmpu
2024-08-16 12:04:52,581 [ERROR] ConditionMgr:805 - Attr not supported : Dmpu
2024-08-16 12:04:52,581 [ERROR] ConditionMgr:805 - Attr not supported : Dmpu
2024-08-16 12:04:52,581 [ERROR] ConditionMgr:805 - Attr not supported : Dmpu
2024-08-16 12:04:52,581 [ERROR] ConditionMgr:805 - Attr not supported : Dmpu
2024-08-16 12:04:52,581 [ERROR] ConditionMgr:805 - Attr not supported : Dmpu
2024-08-16 12:04:52,581 [ERROR] ConditionMgr:805 - Attr not supported : Dmpu
2024-08-16 12:04:52,581 [ERROR] ConditionMgr:805 - Attr not supported : Dmpu
2024-08-16 12:04:52,581 [ERROR] ConditionMgr:805 - Attr not supported : Dmpu
2024-08-16 12:04:52,581 [ERROR] ConditionMgr:805 - Attr not supported : Dmpu
2024-08-16 12:04:52,581 [ERROR] ConditionMgr:805 - Attr not supported : Dmpu
2024-08-16 12:04:52,581 [ERROR] ConditionMgr:805 - Attr not supported : Dmpu
2024-08-16 12:04:52,582 [ERROR] ConditionMgr:805 - Attr not supported : Dmpu
2024-08-16 12:04:52,582 [ERROR] ConditionMgr:805 - Attr not supported : Dmpu
2024-08-16 12:04:52,582 [ERROR] ConditionMgr:805 - Attr not supported : Dmpu
2024-08-16 12:04:52,582 [ERROR] ConditionMgr:805 - Attr not supported : Dmpu
2024-08-16 12:04:52,582 [ERROR] ConditionMgr:805 - Attr not supported : Dmpu
2024-08-16 12:04:52,582 [ERROR] ConditionMgr:805 - Attr not supported : Dmpu
2024-08-16 12:04:52,582 [ERROR] ConditionMgr:805 - Attr not supported : Dmpu
2024-08-16 12:04:52,582 [ERROR] ConditionMgr:805 - Attr not supported : Dmpu
2024-08-16 12:04:52,582 [ERROR] ConditionMgr:805 - Attr not supported : Dmpu
2024-08-16 12:04:52,582 [ERROR] ConditionMgr:805 - Attr not supported : Dmpu
2024-08-16 12:04:52,582 [ERROR] ConditionMgr:805 - Attr not supported : Dmpu
2024-08-16 12:04:52,582 [ERROR] ConditionMgr:805 - Attr not supported : Dmpu
2024-08-16 12:04:52,582 [ERROR] ConditionMgr:805 - Attr not supported : Dmpu
2024-08-16 12:04:52,583 [ERROR] ConditionMgr:805 - Attr not supported : Dmpu
2024-08-16 12:04:52,583 [ERROR] ConditionMgr:805 - Attr not supported : Dmpu
2024-08-16 12:04:52,583 [ERROR] ConditionMgr:805 - Attr not supported : Dmpu
2024-08-16 12:04:52,583 [ERROR] ConditionMgr:805 - Attr not supported : Dmpu
2024-08-16 12:04:52,583 [ERROR] ConditionMgr:805 - Attr not supported : Dmpu
2024-08-16 12:04:52,583 [ERROR] ConditionMgr:805 - Attr not supported : Dmpu
2024-08-16 12:04:52,583 [ERROR] ConditionMgr:805 - Attr not supported : Dmpu
2024-08-16 12:04:52,583 [ERROR] ConditionMgr:805 - Attr not supported : Dmpu
2024-08-16 12:04:52,583 [ERROR] ConditionMgr:805 - Attr not supported : Dmpu
2024-08-16 12:04:52,583 [ERROR] ConditionMgr:805 - Attr not supported : Dmpu
2024-08-16 12:04:52,583 [ERROR] ConditionMgr:805 - Attr not supported : Dmpu
2024-08-16 12:04:52,583 [ERROR] ConditionMgr:805 - Attr not supported : Dmpu
2024-08-16 12:04:52,583 [ERROR] ConditionMgr:805 - Attr not supported : Dmpu
2024-08-16 12:04:52,583 [ERROR] ConditionMgr:805 - Attr not supported : Dmpu
2024-08-16 12:04:52,583 [ERROR] ConditionMgr:805 - Attr not supported : Dmpu
2024-08-16 12:04:52,583 [ERROR] ConditionMgr:805 - Attr not supported : Dmpu
2024-08-16 12:04:52,583 [ERROR] ConditionMgr:805 - Attr not supported : Dmpu
2024-08-16 12:04:52,583 [ERROR] ConditionMgr:805 - Attr not supported : Dmpu
2024-08-16 12:04:52,583 [ERROR] ConditionMgr:805 - Attr not supported : Dmpu
2024-08-16 12:04:52,583 [ERROR] ConditionMgr:805 - Attr not supported : Dmpu
2024-08-16 12:04:52,583 [ERROR] ConditionMgr:805 - Attr not supported : Dmpu
2024-08-16 12:04:52,583 [ERROR] ConditionMgr:805 - Attr not supported : Dmpu
2024-08-16 12:04:52,584 [ERROR] ConditionMgr:805 - Attr not supported : Dmpu
2024-08-16 12:04:52,584 [ERROR] ConditionMgr:805 - Attr not supported : Dmpu
2024-08-16 12:04:52,584 [ERROR] ConditionMgr:805 - Attr not supported : Dmpu
2024-08-16 12:04:52,584 [ERROR] ConditionMgr:805 - Attr not supported : Dmpu
2024-08-16 12:04:52,584 [ERROR] ConditionMgr:805 - Attr not supported : Dmpu
2024-08-16 12:04:52,584 [ERROR] ConditionMgr:805 - Attr not supported : Dmpu
2024-08-16 12:04:52,584 [ERROR] ConditionMgr:805 - Attr not supported : Dmpu
2024-08-16 12:04:52,584 [ERROR] ConditionMgr:805 - Attr not supported : Dmpu
2024-08-16 12:04:52,584 [ERROR] ConditionMgr:805 - Attr not supported : Dmpu
2024-08-16 12:04:52,593 [WARN] PackLoader:240 - Cannot read IP mode file for RealThread.X-CUBE-RT-Thread_Nano.4.1.1
2024-08-16 12:04:52,601 [WARN] PackLoader:240 - Cannot read IP mode file for STMicroelectronics.FP-ATR-SIGFOX1.3.2.0
2024-08-16 12:04:52,612 [WARN] PackLoader:240 - Cannot read IP mode file for STMicroelectronics.X-CUBE-EEPRMA1.5.1.0
2024-08-16 12:04:52,646 [WARN] PackLoader:240 - Cannot read IP mode file for SEGGER.I-CUBE-embOS.1.3.1
2024-08-16 12:04:52,679 [WARN] PackLoader:240 - Cannot read IP mode file for STMicroelectronics.X-CUBE-ALGOBUILD.1.4.0
2024-08-16 12:04:52,689 [WARN] PackLoader:240 - Cannot read IP mode file for STMicroelectronics.X-CUBE-GNSS1.6.0.0
2024-08-16 12:04:52,714 [WARN] PackLoader:240 - Cannot read IP mode file for STMicroelectronics.X-CUBE-AZRTOS-F4.1.1.0
2024-08-16 12:04:52,728 [WARN] PackLoader:240 - Cannot read IP mode file for STMicroelectronics.X-CUBE-FREERTOS.1.2.0
2024-08-16 12:04:52,737 [WARN] PackLoader:240 - Cannot read IP mode file for wolfSSL.I-CUBE-wolfSSL.5.6.6
2024-08-16 12:04:52,755 [WARN] PackLoader:240 - Cannot read IP mode file for STMicroelectronics.X-CUBE-AZRTOS-L5.2.0.0
2024-08-16 12:04:52,768 [WARN] PackLoader:240 - Cannot read IP mode file for STMicroelectronics.X-CUBE-NFC6.3.1.0
2024-08-16 12:04:52,780 [WARN] PackLoader:240 - Cannot read IP mode file for ITTIA_DB.I-CUBE-ITTIADB.8.8.0
2024-08-16 12:04:52,789 [WARN] PackLoader:240 - Cannot read IP mode file for STMicroelectronics.X-CUBE-DPower.1.2.0
2024-08-16 12:04:52,799 [WARN] PackLoader:240 - Cannot read IP mode file for STMicroelectronics.X-CUBE-AI.9.0.0
2024-08-16 12:04:52,813 [WARN] PackLoader:240 - Cannot read IP mode file for STMicroelectronics.X-CUBE-NFC7.1.0.1
2024-08-16 12:04:52,816 [WARN] PackLoader:240 - Cannot read IP mode file for wolfSSL.I-CUBE-wolfTPM.3.2.0
2024-08-16 12:04:52,827 [WARN] PackLoader:240 - Cannot read IP mode file for STMicroelectronics.X-CUBE-AI.8.1.0
2024-08-16 12:04:52,846 [WARN] ConditionMgr:438 - getConditionDescription Invalid condition id : LAN8742 Phy interface Condition cause : null
2024-08-16 12:04:52,847 [WARN] PackLoader:240 - Cannot read IP mode file for STMicroelectronics.X-CUBE-AZRTOS-L4.2.0.0
2024-08-16 12:04:52,847 [WARN] ConditionMgr:1039 - genDependencies : Invalid condition id : LAN8742 Phy interface Condition cause : null
2024-08-16 12:04:52,847 [WARN] ConditionMgr:1039 - genDependencies : Invalid condition id : LAN8742 Phy interface Condition cause : null
2024-08-16 12:04:52,848 [WARN] ConditionMgr:1039 - genDependencies : Invalid condition id : LAN8742 Phy interface Condition cause : null
2024-08-16 12:04:52,859 [WARN] PackLoader:240 - Cannot read IP mode file for STMicroelectronics.X-CUBE-SFXS2LP1.4.0.0
2024-08-16 12:04:52,868 [WARN] PackLoader:240 - Cannot read IP mode file for STMicroelectronics.X-CUBE-AZRTOS-H7.3.3.0
2024-08-16 12:04:52,884 [WARN] ConditionMgr:438 - getConditionDescription Invalid condition id : UX DEVICE CLASS RTOS Condition cause : null
2024-08-16 12:04:52,884 [WARN] ConditionMgr:438 - getConditionDescription Invalid condition id : UX DEVICE CLASS RTOS Condition cause : null
2024-08-16 12:04:52,885 [WARN] PackLoader:240 - Cannot read IP mode file for STMicroelectronics.X-CUBE-AZRTOS-WB.2.0.0
2024-08-16 12:04:52,886 [WARN] ConditionMgr:1039 - genDependencies : Invalid condition id : UX DEVICE CLASS RTOS Condition cause : null
2024-08-16 12:04:52,886 [WARN] ConditionMgr:1039 - genDependencies : Invalid condition id : UX DEVICE CLASS RTOS Condition cause : null
2024-08-16 12:04:52,886 [WARN] ConditionMgr:1039 - genDependencies : Invalid condition id : UX DEVICE CLASS RTOS Condition cause : null
2024-08-16 12:04:52,886 [WARN] ConditionMgr:1039 - genDependencies : Invalid condition id : UX DEVICE CLASS RTOS Condition cause : null
2024-08-16 12:04:52,886 [WARN] ConditionMgr:1039 - genDependencies : Invalid condition id : UX DEVICE CLASS RTOS Condition cause : null
2024-08-16 12:04:52,897 [WARN] PackLoader:240 - Cannot read IP mode file for STMicroelectronics.FP-SNS-STBOX1.2.0.0
2024-08-16 12:04:52,912 [WARN] PackLoader:240 - Cannot read IP mode file for STMicroelectronics.X-CUBE-SUBG2.5.0.0
2024-08-16 12:04:52,918 [WARN] PackLoader:240 - Cannot read IP mode file for Cesanta.I-CUBE-Mongoose.7.13.0
2024-08-16 12:04:52,936 [WARN] PackLoader:240 - Cannot read IP mode file for STMicroelectronics.X-CUBE-AZRTOS-G4.2.0.0
2024-08-16 12:04:52,951 [WARN] PackLoader:240 - Cannot read IP mode file for Infineon.AIROC-Wi-Fi-Bluetooth-STM32.1.5.1
2024-08-16 12:04:52,960 [WARN] PackLoader:240 - Cannot read IP mode file for STMicroelectronics.FP-SNS-MOTENVWB1.1.3.1
2024-08-16 12:04:52,968 [WARN] PackLoader:240 - Cannot read IP mode file for STMicroelectronics.X-CUBE-ISPU.2.0.0
2024-08-16 12:04:52,977 [WARN] PackLoader:240 - Cannot read IP mode file for STMicroelectronics.X-CUBE-ALS.1.0.2
2024-08-16 12:04:53,006 [WARN] PackLoader:240 - Cannot read IP mode file for STMicroelectronics.X-CUBE-MEMS1.10.0.0
2024-08-16 12:04:53,063 [WARN] PackLoader:240 - Cannot read IP mode file for STMicroelectronics.X-CUBE-FREERTOS.1.1.0
2024-08-16 12:04:53,070 [WARN] PackLoader:240 - Cannot read IP mode file for STMicroelectronics.X-CUBE-TOUCHGFX.4.24.0
2024-08-16 12:04:53,080 [WARN] PackLoader:240 - Cannot read IP mode file for portGmbH.I-Cube-SoM-uGOAL.1.1.0
2024-08-16 12:04:53,087 [WARN] PackLoader:240 - Cannot read IP mode file for STMicroelectronics.X-CUBE-ALS.1.0.1
2024-08-16 12:04:53,106 [WARN] PackLoader:240 - Cannot read IP mode file for STMicroelectronics.X-CUBE-AZRTOS-H7RS.1.0.0
2024-08-16 12:04:53,111 [WARN] PackLoader:240 - Cannot read IP mode file for STMicroelectronics.FP-ATR-ASTRA1.2.0.0
2024-08-16 12:04:53,123 [WARN] PackLoader:240 - Cannot read IP mode file for STMicroelectronics.X-CUBE-TOF1.3.4.2
2024-08-16 12:04:53,142 [WARN] PackLoader:240 - Cannot read IP mode file for STMicroelectronics.X-CUBE-TOF1.3.4.1
2024-08-16 12:04:53,164 [WARN] PackLoader:240 - Cannot read IP mode file for STMicroelectronics.X-CUBE-AZRTOS-H7.3.2.0
2024-08-16 12:04:53,169 [WARN] PackLoader:240 - Cannot read IP mode file for wolfSSL.I-CUBE-wolfSSH.1.4.17
2024-08-16 12:04:53,169 [INFO] ThirdParty:978 - Integrity check success = true
2024-08-16 12:04:53,169 [INFO] IntegrityCheckThread:100 - exiting critical section [integrity check]
2024-08-16 12:04:53,169 [INFO] IntegrityCheckThread:103 - End integrity checks thread
2024-08-16 17:05:18,963 [INFO] McuFinderGlobals:63 - Set McuFinder mode to 2 (CubeIDE integrated)
2024-08-16 17:05:18,996 [INFO] MainUpdater:2873 - connection check result : 10
2024-08-16 17:05:19,022 [INFO] McuFinderGlobals:76 - Set McuFinderConnectedMode to true
2024-08-16 17:05:19,361 [INFO] ServerAccessManage:473 - Download File mcusAds.json._tmp_
2024-08-16 17:05:19,467 [INFO] LoadUrlFilesThread:156 - End of LoadUrlFiles Thread
2024-08-16 17:05:19,910 [INFO] ServerAccessManage:473 - Download File cube-finder-db.zip
2024-08-16 17:05:23,498 [INFO] FileExtend:240 - Unzip File : cube-finder-db.zip
2024-08-16 17:05:23,498 [INFO] FileExtend:255 - Standard Zip Deflate
2024-08-16 17:05:24,723 [INFO] LoadUrlFilesThread:156 - End of LoadUrlFiles Thread
2024-08-16 17:05:25,202 [INFO] ServerAccessManage:473 - Download File crdb.zip
2024-08-16 17:05:25,541 [INFO] FileExtend:240 - Unzip File : crdb.zip
2024-08-16 17:05:25,542 [INFO] FileExtend:255 - Standard Zip Deflate
2024-08-16 17:05:25,666 [INFO] LoadUrlFilesThread:156 - End of LoadUrlFiles Thread
2024-08-16 17:05:26,056 [INFO] ServerAccessManage:473 - Download File tutoVideoDB.zip
2024-08-16 17:05:26,071 [INFO] FileExtend:240 - Unzip File : tutoVideoDB.zip
2024-08-16 17:05:26,072 [INFO] FileExtend:255 - Standard Zip Deflate
2024-08-16 17:05:26,186 [INFO] LoadUrlFilesThread:156 - End of LoadUrlFiles Thread
2024-08-16 17:05:26,190 [WARN] DbFile:41 - Overriding database path with different value: C:\Users\Daniel\.stmcufinder\plugins\mcufinder/ => C:\Users\Daniel\.stmcufinder\plugins\mcufinder
2024-08-16 17:05:26,518 [INFO] ServerAccessManage:473 - Download File api_config.json
2024-08-16 17:05:26,622 [INFO] LoadUrlFilesThread:156 - End of LoadUrlFiles Thread
2024-08-16 17:05:26,624 [INFO] DbMcusAds:53 - JSON generation date=Thu May 16 12:22:00 IDT 2024 (1715851320667)
2024-08-16 17:05:26,652 [INFO] LoadUrlFilesThread:185 - End of LoadServerUrlFiles without Thread
2024-08-16 17:05:26,654 [INFO] TargetSelectorAdapter:259 - Refresh data is successful
2024-08-16 17:05:27,407 [INFO] ApiDb:581 - Connected to CubeFinder SQLite database (C:\Users\Daniel\.stmcufinder\plugins\mcufinder\mcu\cube-finder-db.db)
2024-08-16 17:05:27,451 [INFO] ApiDb:668 - CubeFinder database Data Model version=2.1
2024-08-16 17:05:27,451 [INFO] ApiDb:669 - CubeFinder database Configuration version=3.0.39
2024-08-16 17:05:27,452 [INFO] ApiDb:670 - CubeFinder database generation date=2024-06-20 (1718880634)
2024-08-16 17:05:27,453 [INFO] ApiDb:671 - CubeFinder database FW Pack versions=[FP-ATR-ASTRA1_V2.0.0, FP-SNS-FLIGHT1_V5.0.2, FP-SNS-MOTENV1_V5.0.0, FP-SNS-MOTENVWB1_V1.4.0, FP-SNS-SMARTAG2_V1.2.0, STM32Cube_FW_C0_V1.2.0, STM32Cube_FW_F4_V1.28.0, STM32Cube_FW_F7_V1.17.2, STM32Cube_FW_G0_V1.6.2, STM32Cube_FW_G4_V1.6.0, STM32Cube_FW_H5_V1.3.0, STM32Cube_FW_H7RS_V1.1.0, STM32Cube_FW_H7_V1.11.2, STM32Cube_FW_L0_V1.12.2, STM32Cube_FW_L5_V1.5.1, STM32Cube_FW_U0_V1.1.0, STM32Cube_FW_U5_V1.6.0, STM32Cube_FW_WB0_V1.0.0, STM32Cube_FW_WBA_V1.4.0, STM32Cube_FW_WB_V1.20.0, STM32Cube_FW_WL_V1.3.0, X-CUBE-ALGOBUILD_V1.4.0, X-CUBE-ALS_V1.0.2, X-CUBE-AZRTOS-F4_V1.1.0, X-CUBE-AZRTOS-F7_V1.1.0, X-CUBE-AZRTOS-G0_V1.1.0, X-CUBE-AZRTOS-G4_V2.0.0, X-CUBE-AZRTOS-H7RS_V1.0.0, X-CUBE-AZRTOS-H7_V3.2.0, X-CUBE-AZRTOS-L4_V2.0.0, X-CUBE-AZRTOS-L5_V1.1.0, X-CUBE-AZRTOS-WB_V2.0.0, X-CUBE-AZRTOS-WL_V2.0.0, X-CUBE-BLE1_V7.0.0, X-CUBE-BLE2_V3.3.0, X-CUBE-BLEMGR_V3.1.0, X-CUBE-EEPRMA1_V5.1.0, X-CUBE-FREERTOS_V1.2.0, X-CUBE-GNSS1_V6.0.0, X-CUBE-MEMS1_V10.0.0, X-CUBE-NFC4_V3.0.0, X-CUBE-NFC7_V1.0.1, X-CUBE-SFXS2LP1_V4.0.0, X-CUBE-SUBG2_V5.0.0, X-CUBE-TOF1_V3.4.1]
2024-08-16 17:05:28,994 [INFO] ApiDb:240 - Found 483 in-development CPN: [B-G473E-ZEST1S, B-WB1M-WPAN1, B-WL5M-SUBG1, NUCLEO-C031C6, NUCLEO-H503RB, NUCLEO-H533RE, NUCLEO-H563ZI, NUCLEO-H7S3L8, NUCLEO-U031R8, NUCLEO-U083RC, NUCLEO-U545RE-Q, NUCLEO-U5A5ZJ-Q, NUCLEO-WBA52CG, NUCLEO-WBA55CG, STEVAL-PROTEUS1, STEVAL-SMARTAG2, STEVAL-STWINBX1, STM320518-EVAL, STM32C0116-DK, STM32C011D6Y3TR, STM32C011D6Y6TR, STM32C011F4P3, STM32C011F4P6, STM32C011F4U3, STM32C011F4U6TR, STM32C011F6P3, STM32C011F6P6, STM32C011F6U3, STM32C011F6U6TR, STM32C011J4M3, STM32C011J4M6, STM32C011J6M3, STM32C011J6M6, STM32C0316-DK, STM32C031C4T3, STM32C031C4T6, STM32C031C4U3, STM32C031C4U6, STM32C031C6T3, STM32C031C6T6, STM32C031C6U3, STM32C031C6U6, STM32C031F4P3, STM32C031F4P6, STM32C031F6P3, STM32C031F6P6, STM32C031G4U3, STM32C031G4U6, STM32C031G6U3, STM32C031G6U6, STM32C031K4T3, STM32C031K4T6, STM32C031K4U3, STM32C031K4U6, STM32C031K6T3, STM32C031K6T6, STM32C031K6U3, STM32C031K6U6, STM32G071K8TXN, STM32G071K8UXN, STM32G081GBU6N, STM32G081KBT6N, STM32G081KBUXN, STM32G0B1CCT6N, STM32G0B1KCT6, STM32G0B1NEY6TR, STM32G0B1RCT6N, STM32G0C1CCT6, STM32G0C1CCT6N, STM32G0C1CCU6N, STM32G0C1CET6N, STM32G0C1CEU6N, STM32G0C1KCT6, STM32G0C1NEY6TR, STM32G0C1RCI6N, STM32G0C1RCT6N, STM32G0C1REI6N, STM32G0C1RET6N, STM32G0C1VCI6, STM32G0C1VEI6, STM32G471CCT6, STM32G471CCU6, STM32G471CET3, STM32G471CET6, STM32G471CEU3, STM32G471CEU6, STM32G471MCT6, STM32G471MET3, STM32G471MET6, STM32G471MEY6TR, STM32G471QCT6, STM32G471QET3, STM32G471RCT6, STM32G471RET3, STM32G471RET6, STM32G471VCH6, STM32G471VCI6, STM32G471VCT6, STM32G471VEH3, STM32G471VEH6, STM32G471VEI3, STM32G471VEI6, STM32G471VET3, STM32G471VET6, STM32G474CCT6, STM32H503CBT6, STM32H503CBU6, STM32H503EBY6TR, STM32H503KBU6, STM32H503RBT6, STM32H523CCT6, STM32H523CCU6, STM32H523CET6, STM32H523CEU6, STM32H523HEY6TR, STM32H523RCT6, STM32H523RET6, STM32H523VCI6, STM32H523VCT6, STM32H523VEI6, STM32H523VET6, STM32H523ZCJ6, STM32H523ZCT6, STM32H523ZEJ6, STM32H523ZET6, STM32H533CET6, STM32H533CEU6, STM32H533HEY6TR, STM32H533RET6, STM32H533VEI6, STM32H533VET6, STM32H533ZEJ6, STM32H533ZET6, STM32H562AGI6, STM32H562AII6, STM32H562IGK6, STM32H562IGT6, STM32H562IIK6, STM32H562IIT6, STM32H562RGT6, STM32H562RGV6, STM32H562RIT6, STM32H562RIV6, STM32H562VGT6, STM32H562VIT6, STM32H562ZGT6, STM32H562ZIT6, STM32H563AGI6, STM32H563AII3Q, STM32H563AII6, STM32H563IGK6, STM32H563IGT6, STM32H563IIK3Q, STM32H563IIK6, STM32H563IIT3Q, STM32H563IIT6, STM32H563MIY3QTR, STM32H563RGT6, STM32H563RGV6, STM32H563RIT6, STM32H563RIV6, STM32H563VGT6, STM32H563VIT3Q, STM32H563VIT6, STM32H563ZGT6, STM32H563ZIT3Q, STM32H563ZIT6, STM32H573AII3Q, STM32H573AII6, STM32H573I-DK, STM32H573IIK3Q, STM32H573IIK6, STM32H573IIT3Q, STM32H573IIT6, STM32H573MIY3QTR, STM32H573RIT6, STM32H573RIV6, STM32H573VIT3Q, STM32H573VIT6, STM32H573ZIT3Q, STM32H573ZIT6, STM32H7R3A8I6, STM32H7R3I8K6, STM32H7R3I8T6, STM32H7R3L8H6, STM32H7R3L8H6H, STM32H7R3R8V6, STM32H7R3V8H6, STM32H7R3V8T6, STM32H7R3V8Y6, STM32H7R3Z8J6, STM32H7R3Z8T6, STM32H7R7A8I6, STM32H7R7I8K6, STM32H7R7I8T6, STM32H7R7L8H6, STM32H7R7L8H6H, STM32H7R7Z8J6, STM32H7S3A8I6, STM32H7S3I8K6, STM32H7S3I8T6, STM32H7S3L8H6, STM32H7S3L8H6H, STM32H7S3R8V6, STM32H7S3V8H6, STM32H7S3V8T6, STM32H7S3V8Y6, STM32H7S3Z8J6, STM32H7S3Z8T6, STM32H7S78-DK, STM32H7S7A8I6, STM32H7S7I8K6, STM32H7S7I8T6, STM32H7S7L8H6, STM32H7S7L8H6H, STM32H7S7Z8J6, STM32L4R5QGI6STR, STM32MP131AAE3, STM32MP131AAF3, STM32MP131AAG3, STM32MP131CAE3, STM32MP131CAF3, STM32MP131CAG3, STM32MP131DAE7, STM32MP131DAF7, STM32MP131DAG7, STM32MP131FAE7, STM32MP131FAF7, STM32MP131FAG7, STM32MP133AAE3, STM32MP133AAF3, STM32MP133AAG3, STM32MP133CAE3, STM32MP133CAF3, STM32MP133CAG3, STM32MP133DAE7, STM32MP133DAF7, STM32MP133DAG7, STM32MP133FAE7, STM32MP133FAF7, STM32MP133FAG7, STM32MP135AAE3, STM32MP135AAF3, STM32MP135AAG3, STM32MP135CAE3, STM32MP135CAF3, STM32MP135CAG3, STM32MP135DAE7, STM32MP135DAF7, STM32MP135DAG7, STM32MP135F-DK, STM32MP135FAE7, STM32MP135FAF7, STM32MP135FAF7T, STM32MP135FAF7U, STM32MP135FAG7, STM32U031C6T6, STM32U031C6U6, STM32U031C8T6, STM32U031C8U6, STM32U031F4P6, STM32U031F6P6, STM32U031F8P6, STM32U031G6Y6TR, STM32U031G8Y6TR, STM32U031K4U6, STM32U031K6U6, STM32U031K8U6, STM32U031R6I6, STM32U031R6T6, STM32U031R8I6, STM32U031R8T6, STM32U073C8T6, STM32U073C8U6, STM32U073CBT6, STM32U073CBU6, STM32U073CCT6, STM32U073CCU6, STM32U073H8Y6TR, STM32U073HBY6TR, STM32U073HCY6TR, STM32U073K8U6, STM32U073KBU6, STM32U073KCU6, STM32U073M8I6, STM32U073M8T6, STM32U073MBI6, STM32U073MBT6, STM32U073MCI6, STM32U073MCT6, STM32U073R8I6, STM32U073R8T6, STM32U073RBI6, STM32U073RBT6, STM32U073RCI6, STM32U073RCT6, STM32U083C-DK, STM32U083CCT6, STM32U083CCU6, STM32U083HCY6TR, STM32U083KCU6, STM32U083MCI6, STM32U083MCT6, STM32U083RCI6, STM32U083RCT6, STM32U535CBT6, STM32U535CBT6Q, STM32U535CBU6, STM32U535CBU6Q, STM32U535CCT6, STM32U535CCT6Q, STM32U535CCU6, STM32U535CCU6Q, STM32U535CET6, STM32U535CET6Q, STM32U535CEU6, STM32U535CEU6Q, STM32U535JEY6QTR, STM32U535NCY6QTR, STM32U535NEY6QTR, STM32U535RBI6, STM32U535RBI6Q, STM32U535RBT6, STM32U535RBT6Q, STM32U535RCI6, STM32U535RCI6Q, STM32U535RCT6, STM32U535RCT6Q, STM32U535REI6, STM32U535REI6Q, STM32U535RET6, STM32U535RET6Q, STM32U535VCI6, STM32U535VCI6Q, STM32U535VCT6, STM32U535VCT6Q, STM32U535VEI6, STM32U535VEI6Q, STM32U535VET6, STM32U535VET6Q, STM32U545CET6, STM32U545CET6Q, STM32U545CEU6, STM32U545CEU6Q, STM32U545JEY6QTR, STM32U545NEY6QTR, STM32U545REI6, STM32U545REI6Q, STM32U545RET6, STM32U545RET6Q, STM32U545VEI6, STM32U545VEI6Q, STM32U545VET6, STM32U545VET6Q, STM32U595AIH6, STM32U595AIH6Q, STM32U595AJH6, STM32U595AJH6Q, STM32U595QII6, STM32U595QII6Q, STM32U595QJI6, STM32U595QJI6Q, STM32U595RIT6, STM32U595RIT6Q, STM32U595RJT6, STM32U595RJT6Q, STM32U595VIT6, STM32U595VIT6Q, STM32U595VJT6, STM32U595VJT6Q, STM32U595ZIT6, STM32U595ZIT6Q, STM32U595ZIY6QTR, STM32U595ZJT6, STM32U595ZJT6Q, STM32U595ZJY6QTR, STM32U599BJY6QTR, STM32U599NIH6Q, STM32U599NJH6Q, STM32U599VIT6Q, STM32U599VJT6, STM32U599VJT6Q, STM32U599ZIT6Q, STM32U599ZIY6QTR, STM32U599ZJT6Q, STM32U599ZJY6QTR, STM32U5A5AJH6, STM32U5A5AJH6Q, STM32U5A5QII3Q , STM32U5A5QJI6, STM32U5A5QJI6Q, STM32U5A5RJT6, STM32U5A5RJT6Q, STM32U5A5VJT6, STM32U5A5VJT6Q, STM32U5A5ZJT6, STM32U5A5ZJT6Q, STM32U5A5ZJY6QTR, STM32U5A9BJY6QTR, STM32U5A9J-DK, STM32U5A9NJH6Q, STM32U5A9VJT6Q, STM32U5A9ZJT6Q, STM32U5A9ZJY6QTR, STM32U5F7VIT6, STM32U5F7VIT6Q, STM32U5F7VJT6, STM32U5F7VJT6Q, STM32U5F9BJY6QTR, STM32U5F9NJH6Q, STM32U5F9VIT6Q, STM32U5F9VJT6Q, STM32U5F9ZIJ6QTR, STM32U5F9ZIT6Q, STM32U5F9ZJJ6QTR, STM32U5F9ZJT6Q, STM32U5G7VJT6, STM32U5G7VJT6Q, STM32U5G9BJY6QTR, STM32U5G9J-DK1, STM32U5G9J-DK2, STM32U5G9NJH6Q, STM32U5G9VJT6Q, STM32U5G9ZJJ6QTR, STM32U5G9ZJT6Q, STM32WB1MMCH6, STM32WBA50KEU6, STM32WBA50KEU6TR, STM32WBA50KGU6, STM32WBA50KGU6TR, STM32WBA52CEU6, STM32WBA52CEU6TR, STM32WBA52CEU7, STM32WBA52CEU7TR, STM32WBA52CGU6, STM32WBA52CGU6TR, STM32WBA52CGU6U, STM32WBA52CGU7, STM32WBA52CGU7TR, STM32WBA52KEU6, STM32WBA52KEU6TR, STM32WBA52KGU6, STM32WBA52KGU6TR, STM32WBA54CEU6, STM32WBA54CEU6TR, STM32WBA54CEU7, STM32WBA54CEU7TR, STM32WBA54CGU6, STM32WBA54CGU6TR, STM32WBA54CGU7, STM32WBA54CGU7TR, STM32WBA54KEU6, STM32WBA54KEU6TR, STM32WBA54KEU7, STM32WBA54KEU7TR, STM32WBA54KGU6, STM32WBA54KGU6TR, STM32WBA54KGU7, STM32WBA54KGU7TR, STM32WBA55CEU6, STM32WBA55CEU6TR, STM32WBA55CEU7, STM32WBA55CEU7TR, STM32WBA55CGU6, STM32WBA55CGU6TR, STM32WBA55CGU6U, STM32WBA55CGU7, STM32WBA55CGU7TR, STM32WBA55G-DK1, STM32WBA55HEF6, STM32WBA55HEF7, STM32WBA55HGF6, STM32WBA55HGF7, STM32WBA55UEI6, STM32WBA55UEI6TR, STM32WBA55UEI7, STM32WBA55UEI7TR, STM32WBA55UGI6, STM32WBA55UGI6TR, STM32WBA55UGI7, STM32WBA55UGI7TR, STM32WL5MOCH6, STM32WL5MOCH6TR]
2024-08-16 17:05:28,997 [INFO] DbMcus:218 - Found 4203 MCUs, 4203 are supported
2024-08-16 17:05:28,998 [INFO] ApiDb:423 - Load user favorites file C:\Users\Daniel/.stm32cubeide/favorites.mcus.txt: 0 item(s)
2024-08-16 17:05:28,999 [INFO] ApiDb:427 - User favorites MCUs=[]
2024-08-16 17:05:28,999 [INFO] DbMcus:224 - Set 0 / 0 favorites MCUs
2024-08-16 17:05:29,305 [INFO] ApiDb:668 - CubeFinder database Data Model version=2.1
2024-08-16 17:05:29,305 [INFO] ApiDb:669 - CubeFinder database Configuration version=3.0.39
2024-08-16 17:05:29,305 [INFO] ApiDb:670 - CubeFinder database generation date=2024-06-20 (1718880634)
2024-08-16 17:05:29,305 [INFO] ApiDb:671 - CubeFinder database FW Pack versions=[FP-ATR-ASTRA1_V2.0.0, FP-SNS-FLIGHT1_V5.0.2, FP-SNS-MOTENV1_V5.0.0, FP-SNS-MOTENVWB1_V1.4.0, FP-SNS-SMARTAG2_V1.2.0, STM32Cube_FW_C0_V1.2.0, STM32Cube_FW_F4_V1.28.0, STM32Cube_FW_F7_V1.17.2, STM32Cube_FW_G0_V1.6.2, STM32Cube_FW_G4_V1.6.0, STM32Cube_FW_H5_V1.3.0, STM32Cube_FW_H7RS_V1.1.0, STM32Cube_FW_H7_V1.11.2, STM32Cube_FW_L0_V1.12.2, STM32Cube_FW_L5_V1.5.1, STM32Cube_FW_U0_V1.1.0, STM32Cube_FW_U5_V1.6.0, STM32Cube_FW_WB0_V1.0.0, STM32Cube_FW_WBA_V1.4.0, STM32Cube_FW_WB_V1.20.0, STM32Cube_FW_WL_V1.3.0, X-CUBE-ALGOBUILD_V1.4.0, X-CUBE-ALS_V1.0.2, X-CUBE-AZRTOS-F4_V1.1.0, X-CUBE-AZRTOS-F7_V1.1.0, X-CUBE-AZRTOS-G0_V1.1.0, X-CUBE-AZRTOS-G4_V2.0.0, X-CUBE-AZRTOS-H7RS_V1.0.0, X-CUBE-AZRTOS-H7_V3.2.0, X-CUBE-AZRTOS-L4_V2.0.0, X-CUBE-AZRTOS-L5_V1.1.0, X-CUBE-AZRTOS-WB_V2.0.0, X-CUBE-AZRTOS-WL_V2.0.0, X-CUBE-BLE1_V7.0.0, X-CUBE-BLE2_V3.3.0, X-CUBE-BLEMGR_V3.1.0, X-CUBE-EEPRMA1_V5.1.0, X-CUBE-FREERTOS_V1.2.0, X-CUBE-GNSS1_V6.0.0, X-CUBE-MEMS1_V10.0.0, X-CUBE-NFC4_V3.0.0, X-CUBE-NFC7_V1.0.1, X-CUBE-SFXS2LP1_V4.0.0, X-CUBE-SUBG2_V5.0.0, X-CUBE-TOF1_V3.4.1]
2024-08-16 17:05:29,349 [INFO] DbBoardsSqlite:226 - include board P-NUCLEO-WB55-NUCLEO as a kit item of type 'Nucleo-64'
2024-08-16 17:05:29,350 [INFO] DbBoardsSqlite:226 - include board P-NUCLEO-WB55-USBDONGLE as a kit item of type 'Nucleo USB Dongle'
2024-08-16 17:05:29,350 [INFO] DbBoardsSqlite:226 - include board STEVAL-IDP005V1 as a kit item of type 'Evaluation Board'
2024-08-16 17:05:29,350 [INFO] DbBoardsSqlite:226 - include board STEVAL-IDP005V2 as a kit item of type 'Evaluation Board'
2024-08-16 17:05:29,388 [INFO] ApiDb:240 - Found 483 in-development CPN: [B-G473E-ZEST1S, B-WB1M-WPAN1, B-WL5M-SUBG1, NUCLEO-C031C6, NUCLEO-H503RB, NUCLEO-H533RE, NUCLEO-H563ZI, NUCLEO-H7S3L8, NUCLEO-U031R8, NUCLEO-U083RC, NUCLEO-U545RE-Q, NUCLEO-U5A5ZJ-Q, NUCLEO-WBA52CG, NUCLEO-WBA55CG, STEVAL-PROTEUS1, STEVAL-SMARTAG2, STEVAL-STWINBX1, STM320518-EVAL, STM32C0116-DK, STM32C011D6Y3TR, STM32C011D6Y6TR, STM32C011F4P3, STM32C011F4P6, STM32C011F4U3, STM32C011F4U6TR, STM32C011F6P3, STM32C011F6P6, STM32C011F6U3, STM32C011F6U6TR, STM32C011J4M3, STM32C011J4M6, STM32C011J6M3, STM32C011J6M6, STM32C0316-DK, STM32C031C4T3, STM32C031C4T6, STM32C031C4U3, STM32C031C4U6, STM32C031C6T3, STM32C031C6T6, STM32C031C6U3, STM32C031C6U6, STM32C031F4P3, STM32C031F4P6, STM32C031F6P3, STM32C031F6P6, STM32C031G4U3, STM32C031G4U6, STM32C031G6U3, STM32C031G6U6, STM32C031K4T3, STM32C031K4T6, STM32C031K4U3, STM32C031K4U6, STM32C031K6T3, STM32C031K6T6, STM32C031K6U3, STM32C031K6U6, STM32G071K8TXN, STM32G071K8UXN, STM32G081GBU6N, STM32G081KBT6N, STM32G081KBUXN, STM32G0B1CCT6N, STM32G0B1KCT6, STM32G0B1NEY6TR, STM32G0B1RCT6N, STM32G0C1CCT6, STM32G0C1CCT6N, STM32G0C1CCU6N, STM32G0C1CET6N, STM32G0C1CEU6N, STM32G0C1KCT6, STM32G0C1NEY6TR, STM32G0C1RCI6N, STM32G0C1RCT6N, STM32G0C1REI6N, STM32G0C1RET6N, STM32G0C1VCI6, STM32G0C1VEI6, STM32G471CCT6, STM32G471CCU6, STM32G471CET3, STM32G471CET6, STM32G471CEU3, STM32G471CEU6, STM32G471MCT6, STM32G471MET3, STM32G471MET6, STM32G471MEY6TR, STM32G471QCT6, STM32G471QET3, STM32G471RCT6, STM32G471RET3, STM32G471RET6, STM32G471VCH6, STM32G471VCI6, STM32G471VCT6, STM32G471VEH3, STM32G471VEH6, STM32G471VEI3, STM32G471VEI6, STM32G471VET3, STM32G471VET6, STM32G474CCT6, STM32H503CBT6, STM32H503CBU6, STM32H503EBY6TR, STM32H503KBU6, STM32H503RBT6, STM32H523CCT6, STM32H523CCU6, STM32H523CET6, STM32H523CEU6, STM32H523HEY6TR, STM32H523RCT6, STM32H523RET6, STM32H523VCI6, STM32H523VCT6, STM32H523VEI6, STM32H523VET6, STM32H523ZCJ6, STM32H523ZCT6, STM32H523ZEJ6, STM32H523ZET6, STM32H533CET6, STM32H533CEU6, STM32H533HEY6TR, STM32H533RET6, STM32H533VEI6, STM32H533VET6, STM32H533ZEJ6, STM32H533ZET6, STM32H562AGI6, STM32H562AII6, STM32H562IGK6, STM32H562IGT6, STM32H562IIK6, STM32H562IIT6, STM32H562RGT6, STM32H562RGV6, STM32H562RIT6, STM32H562RIV6, STM32H562VGT6, STM32H562VIT6, STM32H562ZGT6, STM32H562ZIT6, STM32H563AGI6, STM32H563AII3Q, STM32H563AII6, STM32H563IGK6, STM32H563IGT6, STM32H563IIK3Q, STM32H563IIK6, STM32H563IIT3Q, STM32H563IIT6, STM32H563MIY3QTR, STM32H563RGT6, STM32H563RGV6, STM32H563RIT6, STM32H563RIV6, STM32H563VGT6, STM32H563VIT3Q, STM32H563VIT6, STM32H563ZGT6, STM32H563ZIT3Q, STM32H563ZIT6, STM32H573AII3Q, STM32H573AII6, STM32H573I-DK, STM32H573IIK3Q, STM32H573IIK6, STM32H573IIT3Q, STM32H573IIT6, STM32H573MIY3QTR, STM32H573RIT6, STM32H573RIV6, STM32H573VIT3Q, STM32H573VIT6, STM32H573ZIT3Q, STM32H573ZIT6, STM32H7R3A8I6, STM32H7R3I8K6, STM32H7R3I8T6, STM32H7R3L8H6, STM32H7R3L8H6H, STM32H7R3R8V6, STM32H7R3V8H6, STM32H7R3V8T6, STM32H7R3V8Y6, STM32H7R3Z8J6, STM32H7R3Z8T6, STM32H7R7A8I6, STM32H7R7I8K6, STM32H7R7I8T6, STM32H7R7L8H6, STM32H7R7L8H6H, STM32H7R7Z8J6, STM32H7S3A8I6, STM32H7S3I8K6, STM32H7S3I8T6, STM32H7S3L8H6, STM32H7S3L8H6H, STM32H7S3R8V6, STM32H7S3V8H6, STM32H7S3V8T6, STM32H7S3V8Y6, STM32H7S3Z8J6, STM32H7S3Z8T6, STM32H7S78-DK, STM32H7S7A8I6, STM32H7S7I8K6, STM32H7S7I8T6, STM32H7S7L8H6, STM32H7S7L8H6H, STM32H7S7Z8J6, STM32L4R5QGI6STR, STM32MP131AAE3, STM32MP131AAF3, STM32MP131AAG3, STM32MP131CAE3, STM32MP131CAF3, STM32MP131CAG3, STM32MP131DAE7, STM32MP131DAF7, STM32MP131DAG7, STM32MP131FAE7, STM32MP131FAF7, STM32MP131FAG7, STM32MP133AAE3, STM32MP133AAF3, STM32MP133AAG3, STM32MP133CAE3, STM32MP133CAF3, STM32MP133CAG3, STM32MP133DAE7, STM32MP133DAF7, STM32MP133DAG7, STM32MP133FAE7, STM32MP133FAF7, STM32MP133FAG7, STM32MP135AAE3, STM32MP135AAF3, STM32MP135AAG3, STM32MP135CAE3, STM32MP135CAF3, STM32MP135CAG3, STM32MP135DAE7, STM32MP135DAF7, STM32MP135DAG7, STM32MP135F-DK, STM32MP135FAE7, STM32MP135FAF7, STM32MP135FAF7T, STM32MP135FAF7U, STM32MP135FAG7, STM32U031C6T6, STM32U031C6U6, STM32U031C8T6, STM32U031C8U6, STM32U031F4P6, STM32U031F6P6, STM32U031F8P6, STM32U031G6Y6TR, STM32U031G8Y6TR, STM32U031K4U6, STM32U031K6U6, STM32U031K8U6, STM32U031R6I6, STM32U031R6T6, STM32U031R8I6, STM32U031R8T6, STM32U073C8T6, STM32U073C8U6, STM32U073CBT6, STM32U073CBU6, STM32U073CCT6, STM32U073CCU6, STM32U073H8Y6TR, STM32U073HBY6TR, STM32U073HCY6TR, STM32U073K8U6, STM32U073KBU6, STM32U073KCU6, STM32U073M8I6, STM32U073M8T6, STM32U073MBI6, STM32U073MBT6, STM32U073MCI6, STM32U073MCT6, STM32U073R8I6, STM32U073R8T6, STM32U073RBI6, STM32U073RBT6, STM32U073RCI6, STM32U073RCT6, STM32U083C-DK, STM32U083CCT6, STM32U083CCU6, STM32U083HCY6TR, STM32U083KCU6, STM32U083MCI6, STM32U083MCT6, STM32U083RCI6, STM32U083RCT6, STM32U535CBT6, STM32U535CBT6Q, STM32U535CBU6, STM32U535CBU6Q, STM32U535CCT6, STM32U535CCT6Q, STM32U535CCU6, STM32U535CCU6Q, STM32U535CET6, STM32U535CET6Q, STM32U535CEU6, STM32U535CEU6Q, STM32U535JEY6QTR, STM32U535NCY6QTR, STM32U535NEY6QTR, STM32U535RBI6, STM32U535RBI6Q, STM32U535RBT6, STM32U535RBT6Q, STM32U535RCI6, STM32U535RCI6Q, STM32U535RCT6, STM32U535RCT6Q, STM32U535REI6, STM32U535REI6Q, STM32U535RET6, STM32U535RET6Q, STM32U535VCI6, STM32U535VCI6Q, STM32U535VCT6, STM32U535VCT6Q, STM32U535VEI6, STM32U535VEI6Q, STM32U535VET6, STM32U535VET6Q, STM32U545CET6, STM32U545CET6Q, STM32U545CEU6, STM32U545CEU6Q, STM32U545JEY6QTR, STM32U545NEY6QTR, STM32U545REI6, STM32U545REI6Q, STM32U545RET6, STM32U545RET6Q, STM32U545VEI6, STM32U545VEI6Q, STM32U545VET6, STM32U545VET6Q, STM32U595AIH6, STM32U595AIH6Q, STM32U595AJH6, STM32U595AJH6Q, STM32U595QII6, STM32U595QII6Q, STM32U595QJI6, STM32U595QJI6Q, STM32U595RIT6, STM32U595RIT6Q, STM32U595RJT6, STM32U595RJT6Q, STM32U595VIT6, STM32U595VIT6Q, STM32U595VJT6, STM32U595VJT6Q, STM32U595ZIT6, STM32U595ZIT6Q, STM32U595ZIY6QTR, STM32U595ZJT6, STM32U595ZJT6Q, STM32U595ZJY6QTR, STM32U599BJY6QTR, STM32U599NIH6Q, STM32U599NJH6Q, STM32U599VIT6Q, STM32U599VJT6, STM32U599VJT6Q, STM32U599ZIT6Q, STM32U599ZIY6QTR, STM32U599ZJT6Q, STM32U599ZJY6QTR, STM32U5A5AJH6, STM32U5A5AJH6Q, STM32U5A5QII3Q , STM32U5A5QJI6, STM32U5A5QJI6Q, STM32U5A5RJT6, STM32U5A5RJT6Q, STM32U5A5VJT6, STM32U5A5VJT6Q, STM32U5A5ZJT6, STM32U5A5ZJT6Q, STM32U5A5ZJY6QTR, STM32U5A9BJY6QTR, STM32U5A9J-DK, STM32U5A9NJH6Q, STM32U5A9VJT6Q, STM32U5A9ZJT6Q, STM32U5A9ZJY6QTR, STM32U5F7VIT6, STM32U5F7VIT6Q, STM32U5F7VJT6, STM32U5F7VJT6Q, STM32U5F9BJY6QTR, STM32U5F9NJH6Q, STM32U5F9VIT6Q, STM32U5F9VJT6Q, STM32U5F9ZIJ6QTR, STM32U5F9ZIT6Q, STM32U5F9ZJJ6QTR, STM32U5F9ZJT6Q, STM32U5G7VJT6, STM32U5G7VJT6Q, STM32U5G9BJY6QTR, STM32U5G9J-DK1, STM32U5G9J-DK2, STM32U5G9NJH6Q, STM32U5G9VJT6Q, STM32U5G9ZJJ6QTR, STM32U5G9ZJT6Q, STM32WB1MMCH6, STM32WBA50KEU6, STM32WBA50KEU6TR, STM32WBA50KGU6, STM32WBA50KGU6TR, STM32WBA52CEU6, STM32WBA52CEU6TR, STM32WBA52CEU7, STM32WBA52CEU7TR, STM32WBA52CGU6, STM32WBA52CGU6TR, STM32WBA52CGU6U, STM32WBA52CGU7, STM32WBA52CGU7TR, STM32WBA52KEU6, STM32WBA52KEU6TR, STM32WBA52KGU6, STM32WBA52KGU6TR, STM32WBA54CEU6, STM32WBA54CEU6TR, STM32WBA54CEU7, STM32WBA54CEU7TR, STM32WBA54CGU6, STM32WBA54CGU6TR, STM32WBA54CGU7, STM32WBA54CGU7TR, STM32WBA54KEU6, STM32WBA54KEU6TR, STM32WBA54KEU7, STM32WBA54KEU7TR, STM32WBA54KGU6, STM32WBA54KGU6TR, STM32WBA54KGU7, STM32WBA54KGU7TR, STM32WBA55CEU6, STM32WBA55CEU6TR, STM32WBA55CEU7, STM32WBA55CEU7TR, STM32WBA55CGU6, STM32WBA55CGU6TR, STM32WBA55CGU6U, STM32WBA55CGU7, STM32WBA55CGU7TR, STM32WBA55G-DK1, STM32WBA55HEF6, STM32WBA55HEF7, STM32WBA55HGF6, STM32WBA55HGF7, STM32WBA55UEI6, STM32WBA55UEI6TR, STM32WBA55UEI7, STM32WBA55UEI7TR, STM32WBA55UGI6, STM32WBA55UGI6TR, STM32WBA55UGI7, STM32WBA55UGI7TR, STM32WL5MOCH6, STM32WL5MOCH6TR]
2024-08-16 17:05:29,657 [INFO] BoardInfo:889 - No configuration file found for board P-NUCLEO-WB55
2024-08-16 17:05:29,658 [INFO] DbBoards:161 - Kit is not supported: P-NUCLEO-WB55
2024-08-16 17:05:29,673 [INFO] BoardInfo:889 - No configuration file found for board STEVAL-BFA001V1B
2024-08-16 17:05:29,674 [INFO] DbBoards:161 - Kit is not supported: STEVAL-BFA001V1B
2024-08-16 17:05:29,676 [INFO] BoardInfo:889 - No configuration file found for board STEVAL-BFA001V2B
2024-08-16 17:05:29,677 [INFO] DbBoards:161 - Kit is not supported: STEVAL-BFA001V2B
2024-08-16 17:05:29,864 [INFO] DbBoards:168 - Found 195 boards, 192 are supported
2024-08-16 17:05:29,864 [INFO] DbBoards:169 - Found 195 boards, 8 of them is supported for  Bsp
2024-08-16 17:05:29,866 [INFO] ApiDb:423 - Load user favorites file C:\Users\Daniel/.stm32cubeide/favorites.boards.txt: 0 item(s)
2024-08-16 17:05:29,866 [INFO] ApiDb:427 - User favorites Boards=[]
2024-08-16 17:05:29,866 [INFO] DbBoards:198 - Set 0 / 0 favorites Boards
2024-08-16 17:05:29,869 [INFO] ApiDb:668 - CubeFinder database Data Model version=2.1
2024-08-16 17:05:29,869 [INFO] ApiDb:669 - CubeFinder database Configuration version=3.0.39
2024-08-16 17:05:29,869 [INFO] ApiDb:670 - CubeFinder database generation date=2024-06-20 (1718880634)
2024-08-16 17:05:29,869 [INFO] ApiDb:671 - CubeFinder database FW Pack versions=[FP-ATR-ASTRA1_V2.0.0, FP-SNS-FLIGHT1_V5.0.2, FP-SNS-MOTENV1_V5.0.0, FP-SNS-MOTENVWB1_V1.4.0, FP-SNS-SMARTAG2_V1.2.0, STM32Cube_FW_C0_V1.2.0, STM32Cube_FW_F4_V1.28.0, STM32Cube_FW_F7_V1.17.2, STM32Cube_FW_G0_V1.6.2, STM32Cube_FW_G4_V1.6.0, STM32Cube_FW_H5_V1.3.0, STM32Cube_FW_H7RS_V1.1.0, STM32Cube_FW_H7_V1.11.2, STM32Cube_FW_L0_V1.12.2, STM32Cube_FW_L5_V1.5.1, STM32Cube_FW_U0_V1.1.0, STM32Cube_FW_U5_V1.6.0, STM32Cube_FW_WB0_V1.0.0, STM32Cube_FW_WBA_V1.4.0, STM32Cube_FW_WB_V1.20.0, STM32Cube_FW_WL_V1.3.0, X-CUBE-ALGOBUILD_V1.4.0, X-CUBE-ALS_V1.0.2, X-CUBE-AZRTOS-F4_V1.1.0, X-CUBE-AZRTOS-F7_V1.1.0, X-CUBE-AZRTOS-G0_V1.1.0, X-CUBE-AZRTOS-G4_V2.0.0, X-CUBE-AZRTOS-H7RS_V1.0.0, X-CUBE-AZRTOS-H7_V3.2.0, X-CUBE-AZRTOS-L4_V2.0.0, X-CUBE-AZRTOS-L5_V1.1.0, X-CUBE-AZRTOS-WB_V2.0.0, X-CUBE-AZRTOS-WL_V2.0.0, X-CUBE-BLE1_V7.0.0, X-CUBE-BLE2_V3.3.0, X-CUBE-BLEMGR_V3.1.0, X-CUBE-EEPRMA1_V5.1.0, X-CUBE-FREERTOS_V1.2.0, X-CUBE-GNSS1_V6.0.0, X-CUBE-MEMS1_V10.0.0, X-CUBE-NFC4_V3.0.0, X-CUBE-NFC7_V1.0.1, X-CUBE-SFXS2LP1_V4.0.0, X-CUBE-SUBG2_V5.0.0, X-CUBE-TOF1_V3.4.1]
2024-08-16 17:05:30,309 [ERROR] DbExamplesSqlite:437 - Missing JSON key: board_cpn
2024-08-16 17:05:30,309 [ERROR] DbExamplesSqlite:437 - Missing JSON key: board_cpn
2024-08-16 17:05:30,309 [ERROR] DbExamplesSqlite:437 - Missing JSON key: board_cpn
2024-08-16 17:05:30,309 [ERROR] DbExamplesSqlite:437 - Missing JSON key: board_cpn
2024-08-16 17:05:30,430 [INFO] DbExamplesSqlite:395 - Ignored 28 examples not supported by CubeIDE
2024-08-16 17:05:30,430 [INFO] DbExamplesSqlite:396 - Found 8590 examples active
2024-08-16 17:05:30,430 [INFO] DbExamplesSqlite:397 - Found 0 examples obsolete
2024-08-16 17:05:30,430 [INFO] DbExamplesSqlite:398 - Found 0 examples under development
2024-08-16 17:05:30,430 [INFO] DbExamplesSqlite:399 - Found 10 examples not building
2024-08-16 17:05:30,434 [INFO] DbExamples:125 - Found 8572 examples
2024-08-16 17:05:30,505 [ERROR] DbExamples:208 - Found 308 examples with invalid data (board or MCU)
2024-08-16 17:05:30,506 [INFO] DbExamples:222 - Found 102 boards with related examples
2024-08-16 17:05:30,507 [INFO] DbExamples:235 - Found 86 MCUs with related examples
2024-08-16 17:05:30,525 [INFO] ApiDb:414 - User favorites file not found: C:\Users\Daniel/.stm32cubeide/favorites.examples.txt
2024-08-16 17:05:30,525 [INFO] DbExamples:250 - Set 0 / 0 favorites Examples
2024-08-16 17:05:30,900 [INFO] McuFinderGlobals:76 - Set McuFinderConnectedMode to true
2024-08-16 17:05:30,909 [INFO] MultiScanPanel:200 - Auto-refresh data requested => check proxy status ongoing
2024-08-16 17:05:30,912 [INFO] FinderPluginLoader:95 - Searching for filters in installed packs
2024-08-16 17:05:31,978 [INFO] LoadUrlFilesThread:185 - End of LoadServerUrlFiles without Thread
2024-08-16 17:05:31,991 [INFO] DetailPanel:341 - Set advertising image to C:/Users/Daniel/STM32Cube/Repository/\en.prom-stm32h7rs-mcu-finder.jpg
2024-08-16 17:05:37,372 [INFO] MultiScanPanel:200 - Auto-refresh data requested => check proxy status ongoing
2024-08-16 17:05:37,498 [INFO] LoadUrlFilesThread:185 - End of LoadServerUrlFiles without Thread
2024-08-16 17:05:37,499 [INFO] DetailPanel:341 - Set advertising image to C:/Users/Daniel/STM32Cube/Repository/\en.prom-stm32h7rs-mcu-finder.jpg
2024-08-16 17:05:37,511 [INFO] DbBoards:642 - Loading board mini-images...
2024-08-16 17:05:38,811 [INFO] DbBoards:665 - Loaded 195 board mini-images
2024-08-16 17:06:25,834 [INFO] McuFinderGlobals:76 - Set McuFinderConnectedMode to true
2024-08-16 17:06:25,838 [INFO] ApiDb:448 - Save user favorites file C:\Users\Daniel/.stm32cubeide/favorites.mcus.txt: 0 item(s)
2024-08-16 17:06:25,838 [INFO] ApiDb:452 - User favorites MCUs=[]
2024-08-16 17:06:25,839 [INFO] ApiDb:448 - Save user favorites file C:\Users\Daniel/.stm32cubeide/favorites.boards.txt: 0 item(s)
2024-08-16 17:06:25,839 [INFO] ApiDb:452 - User favorites Boards=[]
