2024-08-09 18:23:58,289 [INFO] Activator:176 - 


2024-08-09 18:23:58,294 [INFO] Activator:177 - !SESSION log4j initialized
2024-08-09 18:24:03,672 [INFO] LogOutputStream:77 - [STDOUT_REDIRECT] 
2024-08-09 18:24:04,693 [INFO] ApplicationProperties:184 - Using Application install path: C:\ST\STM32CubeIDE_1.15.0\STM32CubeIDE\plugins\com.st.stm32cube.common.mx_6.11.0.202403141607
2024-08-09 18:24:04,710 [INFO] DbMcusXml:78 - Set database path to: C:\ST\STM32CubeIDE_1.15.0\STM32CubeIDE\plugins\com.st.stm32cube.common.mx_6.11.0.202403141607\\db\/mcu/
2024-08-09 18:24:04,710 [INFO] ApiDb:274 - Set plugin database path to: C:\ST\STM32CubeIDE_1.15.0\STM32CubeIDE\plugins\com.st.stm32cube.common.mx_6.11.0.202403141607\\db\/plugins/boardmanager/
2024-08-09 18:24:04,711 [WARN] ApiDb:259 - Overriding images path with different value:  => C:\ST\STM32CubeIDE_1.15.0\STM32CubeIDE\plugins\com.st.stm32cube.common.mx_6.11.0.202403141607\\db\/plugins/mcufinder/images/
2024-08-09 18:24:04,723 [INFO] ApiDb:250 - Set database path to: C:\Users\Daniel\.stmcufinder\plugins\mcufinder//mcu/
2024-08-09 18:24:04,724 [INFO] DbMcusAds:125 - Set database path to: C:\Users\Daniel\.stmcufinder\plugins\mcufinder//mcu/
2024-08-09 18:24:04,726 [INFO] CrossReferenceDbSqlite:203 - Set database path to: C:\Users\Daniel\.stmcufinder\plugins\mcufinder//mcu/cs/
2024-08-09 18:24:04,845 [INFO] RulesReader:64 - Compatibility file has been processed (297 Rules)
2024-08-09 18:24:04,931 [INFO] DbMcusXml:78 - Set database path to: C:\ST\STM32CubeIDE_1.15.0\STM32CubeIDE\plugins\com.st.stm32cube.common.mx_6.11.0.202403141607\\db\/mcu/
2024-08-09 18:24:04,931 [INFO] ApiDb:274 - Set plugin database path to: C:\ST\STM32CubeIDE_1.15.0\STM32CubeIDE\plugins\com.st.stm32cube.common.mx_6.11.0.202403141607\\db\/plugins/boardmanager/
2024-08-09 18:24:04,931 [INFO] ApiDb:261 - Set plugin images path to: C:\ST\STM32CubeIDE_1.15.0\STM32CubeIDE\plugins\com.st.stm32cube.common.mx_6.11.0.202403141607\\db\/plugins/mcufinder/images/
2024-08-09 18:24:04,932 [WARN] DbFile:41 - Overriding database path with different value: C:\Users\Daniel\.stmcufinder\plugins\mcufinder/ => C:\Users\Daniel\.stmcufinder\plugins\mcufinder
2024-08-09 18:24:04,932 [INFO] ApiDb:250 - Set database path to: C:\Users\Daniel\.stmcufinder\plugins\mcufinder//mcu/
2024-08-09 18:24:04,932 [WARN] DbFile:41 - Overriding database path with different value: C:\Users\Daniel\.stmcufinder\plugins\mcufinder/ => C:\Users\Daniel\.stmcufinder\plugins\mcufinder
2024-08-09 18:24:04,932 [INFO] DbMcusAds:125 - Set database path to: C:\Users\Daniel\.stmcufinder\plugins\mcufinder//mcu/
2024-08-09 18:24:04,932 [WARN] DbFile:41 - Overriding database path with different value: C:\Users\Daniel\.stmcufinder\plugins\mcufinder/ => C:\Users\Daniel\.stmcufinder\plugins\mcufinder
2024-08-09 18:24:04,932 [WARN] DbFile:41 - Overriding database path with different value: C:\Users\Daniel\.stmcufinder\plugins\mcufinder/ => C:\Users\Daniel\.stmcufinder\plugins\mcufinder
2024-08-09 18:24:04,932 [INFO] CrossReferenceDbSqlite:203 - Set database path to: C:\Users\Daniel\.stmcufinder\plugins\mcufinder//mcu/cs/
2024-08-09 18:24:05,021 [INFO] MainPanel:264 - HeapMemory: 268435456
2024-08-09 18:24:05,107 [INFO] DbMcusXml:78 - Set database path to: C:\ST\STM32CubeIDE_1.15.0\STM32CubeIDE\plugins\com.st.stm32cube.common.mx_6.11.0.202403141607\\db\/mcu/
2024-08-09 18:24:05,107 [INFO] ApiDb:274 - Set plugin database path to: C:\ST\STM32CubeIDE_1.15.0\STM32CubeIDE\plugins\com.st.stm32cube.common.mx_6.11.0.202403141607\\db\/plugins/boardmanager/
2024-08-09 18:24:05,107 [INFO] ApiDb:261 - Set plugin images path to: C:\ST\STM32CubeIDE_1.15.0\STM32CubeIDE\plugins\com.st.stm32cube.common.mx_6.11.0.202403141607\\db\/plugins/mcufinder/images/
2024-08-09 18:24:05,107 [WARN] DbFile:41 - Overriding database path with different value: C:\Users\Daniel\.stmcufinder\plugins\mcufinder/ => C:\Users\Daniel\.stmcufinder\plugins\mcufinder
2024-08-09 18:24:05,108 [INFO] ApiDb:250 - Set database path to: C:\Users\Daniel\.stmcufinder\plugins\mcufinder//mcu/
2024-08-09 18:24:05,108 [WARN] DbFile:41 - Overriding database path with different value: C:\Users\Daniel\.stmcufinder\plugins\mcufinder/ => C:\Users\Daniel\.stmcufinder\plugins\mcufinder
2024-08-09 18:24:05,108 [INFO] DbMcusAds:125 - Set database path to: C:\Users\Daniel\.stmcufinder\plugins\mcufinder//mcu/
2024-08-09 18:24:05,108 [WARN] DbFile:41 - Overriding database path with different value: C:\Users\Daniel\.stmcufinder\plugins\mcufinder/ => C:\Users\Daniel\.stmcufinder\plugins\mcufinder
2024-08-09 18:24:05,108 [WARN] DbFile:41 - Overriding database path with different value: C:\Users\Daniel\.stmcufinder\plugins\mcufinder/ => C:\Users\Daniel\.stmcufinder\plugins\mcufinder
2024-08-09 18:24:05,108 [INFO] CrossReferenceDbSqlite:203 - Set database path to: C:\Users\Daniel\.stmcufinder\plugins\mcufinder//mcu/cs/
2024-08-09 18:24:05,122 [INFO] ApplicationProperties:184 - Using Application install path: C:\ST\STM32CubeIDE_1.15.0\STM32CubeIDE\plugins\com.st.stm32cube.common.mx_6.11.0.202403141607
2024-08-09 18:24:05,123 [INFO] PluginManage:196 - Search for loadable plugins [exclusion list=, ]
2024-08-09 18:24:05,124 [INFO] PluginManage:310 - Check plugin analytics
2024-08-09 18:24:05,281 [INFO] AnalyticsPlugin:253 - Accepted Software Licenses: 
2024-08-09 18:24:05,281 [INFO] AnalyticsPlugin:255 - Accepted CMSIS Pack Licenses: 
2024-08-09 18:24:05,281 [INFO] AnalyticsPlugin:257 - Accepted Firmware Licenses: FW.F4.1.28.0
2024-08-09 18:24:05,284 [INFO] PluginManage:359 - Loaded plugin analytics (category:tool,tabindex:-1)
2024-08-09 18:24:05,284 [INFO] PluginManage:310 - Check plugin cadmodel
2024-08-09 18:24:05,297 [INFO] CADModel:105 - Init CAD model plugin
2024-08-09 18:24:05,297 [INFO] PluginManage:359 - Loaded plugin cadmodel (category:power,tabindex:5)
2024-08-09 18:24:05,297 [INFO] PluginManage:310 - Check plugin clock
2024-08-09 18:24:05,317 [INFO] PluginManage:359 - Loaded plugin clock (category:base,tabindex:2)
2024-08-09 18:24:05,317 [INFO] PluginManage:310 - Check plugin ddr
2024-08-09 18:24:05,319 [INFO] PluginManage:359 - Loaded plugin ddr (category:tool,tabindex:6)
2024-08-09 18:24:05,320 [INFO] PluginManage:310 - Check plugin filemanager
2024-08-09 18:24:05,438 [INFO] PluginManage:359 - Loaded plugin filemanager (category:base,tabindex:10)
2024-08-09 18:24:05,439 [INFO] PluginManage:310 - Check plugin ipmanager
2024-08-09 18:24:05,445 [INFO] PluginManage:359 - Loaded plugin ipmanager (category:base,tabindex:5)
2024-08-09 18:24:05,445 [INFO] PluginManage:310 - Check plugin lpbam
2024-08-09 18:24:05,462 [INFO] PluginManage:359 - Loaded plugin lpbam (category:base,tabindex:0)
2024-08-09 18:24:05,462 [INFO] PluginManage:310 - Check plugin memorymap
2024-08-09 18:24:05,481 [INFO] PluginManage:359 - Loaded plugin memorymap (category:base,tabindex:4)
2024-08-09 18:24:05,481 [INFO] PluginManage:310 - Check plugin pinoutandconfiguration
2024-08-09 18:24:05,495 [INFO] PluginManage:359 - Loaded plugin pinoutandconfiguration (category:base,tabindex:1)
2024-08-09 18:24:05,495 [INFO] PluginManage:310 - Check plugin pinoutconfig
2024-08-09 18:24:05,576 [WARN] SupportedApi:132 - Cannot load RTOS API schema: s4s-elt-must-match.1: The content of 'definitions' must match (annotation?, (simpleType | complexType)?, (unique | key | keyref)*)). A problem was found starting at: attribute.
2024-08-09 18:24:05,705 [INFO] PluginManage:359 - Loaded plugin pinoutconfig (category:base,tabindex:0)
2024-08-09 18:24:05,706 [INFO] PluginManage:310 - Check plugin power
2024-08-09 18:24:05,722 [INFO] PluginManage:359 - Loaded plugin power (category:power,tabindex:4)
2024-08-09 18:24:05,722 [INFO] PluginManage:310 - Check plugin projectmanager
2024-08-09 18:24:05,735 [INFO] PluginManage:359 - Loaded plugin projectmanager (category:projectmanager,tabindex:3)
2024-08-09 18:24:05,735 [INFO] PluginManage:310 - Check plugin thirdparty
2024-08-09 18:24:05,976 [INFO] PluginManage:359 - Loaded plugin thirdparty (category:base,tabindex:-1)
2024-08-09 18:24:05,976 [WARN] IntegrityCheckThread:84 - waiting for thirdparty lock release [integrity check]
2024-08-09 18:24:05,976 [INFO] PluginManage:310 - Check plugin tools
2024-08-09 18:24:05,976 [INFO] IntegrityCheckThread:86 - entering critical section [integrity check]
2024-08-09 18:24:05,977 [INFO] ThirdPartyUpdaterWithRetryManager:70 - Updater plugin not ready yet. [1/15]
2024-08-09 18:24:06,006 [INFO] PluginManage:359 - Loaded plugin tools (category:base,tabindex:7)
2024-08-09 18:24:06,006 [INFO] PluginManage:310 - Check plugin tutovideos
2024-08-09 18:24:06,174 [INFO] PluginManage:359 - Loaded plugin tutovideos (category:base,tabindex:-1)
2024-08-09 18:24:06,174 [INFO] PluginManage:310 - Check plugin updater
2024-08-09 18:24:06,182 [INFO] PluginManage:359 - Loaded plugin updater (category:base,tabindex:12)
2024-08-09 18:24:06,182 [INFO] PluginManage:310 - Check plugin userauth
2024-08-09 18:24:06,188 [INFO] UserAuth:114 - Init User Auth plugin
2024-08-09 18:24:06,188 [INFO] PluginManage:359 - Loaded plugin userauth (category:base,tabindex:14)
2024-08-09 18:24:06,188 [INFO] PluginManage:283 - PluginManage : Loaded plugins [17]
2024-08-09 18:24:06,370 [INFO] PinOutPanel:1561 - setPackage(No Configuration,No Configuration)
2024-08-09 18:24:06,430 [INFO] CADModel:165 - CPN selected for project level
2024-08-09 18:24:06,430 [INFO] CADModel:114 - Register for checkConnection events
2024-08-09 18:24:06,453 [INFO] IPUIPlugin:80 - create IPUIPlugin
2024-08-09 18:24:06,454 [INFO] PluginManager:220 - loadIPPluginJar : add adc
2024-08-09 18:24:06,483 [INFO] IPUIPlugin:80 - create IPUIPlugin
2024-08-09 18:24:06,483 [INFO] PluginManager:220 - loadIPPluginJar : add aes
2024-08-09 18:24:06,516 [INFO] IPUIPlugin:80 - create IPUIPlugin
2024-08-09 18:24:06,516 [INFO] PluginManager:220 - loadIPPluginJar : add can
2024-08-09 18:24:06,535 [INFO] IPUIPlugin:80 - create IPUIPlugin
2024-08-09 18:24:06,535 [INFO] PluginManager:220 - loadIPPluginJar : add comp
2024-08-09 18:24:06,564 [INFO] IPUIPlugin:80 - create IPUIPlugin
2024-08-09 18:24:06,564 [INFO] PluginManager:220 - loadIPPluginJar : add cryp
2024-08-09 18:24:06,591 [INFO] IPUIPlugin:80 - create IPUIPlugin
2024-08-09 18:24:06,591 [INFO] PluginManager:220 - loadIPPluginJar : add dfsdm
2024-08-09 18:24:06,603 [INFO] IPUIPlugin:80 - create IPUIPlugin
2024-08-09 18:24:06,603 [INFO] PluginManager:220 - loadIPPluginJar : add dma
2024-08-09 18:24:06,639 [INFO] IPUIPlugin:80 - create IPUIPlugin
2024-08-09 18:24:06,639 [INFO] PluginManager:220 - loadIPPluginJar : add dma3
2024-08-09 18:24:06,678 [INFO] IPUIPlugin:80 - create IPUIPlugin
2024-08-09 18:24:06,678 [INFO] PluginManager:220 - loadIPPluginJar : add extmemmanager
2024-08-09 18:24:06,697 [INFO] IPUIPlugin:80 - create IPUIPlugin
2024-08-09 18:24:06,697 [INFO] PluginManager:220 - loadIPPluginJar : add fatfs
2024-08-09 18:24:06,734 [INFO] IPUIPlugin:80 - create IPUIPlugin
2024-08-09 18:24:06,734 [INFO] PluginManager:220 - loadIPPluginJar : add fmc
2024-08-09 18:24:06,745 [INFO] IPUIPlugin:80 - create IPUIPlugin
2024-08-09 18:24:06,746 [INFO] PluginManager:220 - loadIPPluginJar : add freertos
2024-08-09 18:24:06,764 [INFO] IPUIPlugin:80 - create IPUIPlugin
2024-08-09 18:24:06,764 [INFO] PluginManager:220 - loadIPPluginJar : add genericplugin
2024-08-09 18:24:06,845 [INFO] IPUIPlugin:80 - create IPUIPlugin
2024-08-09 18:24:06,845 [INFO] PluginManager:220 - loadIPPluginJar : add gfxmmu
2024-08-09 18:24:06,954 [INFO] IPUIPlugin:80 - create IPUIPlugin
2024-08-09 18:24:06,954 [INFO] PluginManager:220 - loadIPPluginJar : add gic
2024-08-09 18:24:06,965 [INFO] IPUIPlugin:80 - create IPUIPlugin
2024-08-09 18:24:06,965 [INFO] PluginManager:220 - loadIPPluginJar : add gpio
2024-08-09 18:24:07,037 [INFO] IPUIPlugin:80 - create IPUIPlugin
2024-08-09 18:24:07,037 [INFO] PluginManager:220 - loadIPPluginJar : add gtzc
2024-08-09 18:24:07,064 [INFO] IPUIPlugin:80 - create IPUIPlugin
2024-08-09 18:24:07,064 [INFO] PluginManager:220 - loadIPPluginJar : add hash
2024-08-09 18:24:07,111 [INFO] IPUIPlugin:80 - create IPUIPlugin
2024-08-09 18:24:07,111 [INFO] PluginManager:220 - loadIPPluginJar : add i2c
2024-08-09 18:24:07,145 [INFO] IPUIPlugin:80 - create IPUIPlugin
2024-08-09 18:24:07,145 [INFO] PluginManager:220 - loadIPPluginJar : add i2s
2024-08-09 18:24:07,181 [INFO] IPUIPlugin:80 - create IPUIPlugin
2024-08-09 18:24:07,181 [INFO] PluginManager:220 - loadIPPluginJar : add i3c
2024-08-09 18:24:07,262 [INFO] IPUIPlugin:80 - create IPUIPlugin
2024-08-09 18:24:07,262 [INFO] PluginManager:220 - loadIPPluginJar : add ipddr
2024-08-09 18:24:07,340 [INFO] IPUIPlugin:80 - create IPUIPlugin
2024-08-09 18:24:07,340 [INFO] PluginManager:220 - loadIPPluginJar : add linkedlist
2024-08-09 18:24:07,373 [INFO] IPUIPlugin:80 - create IPUIPlugin
2024-08-09 18:24:07,373 [INFO] PluginManager:220 - loadIPPluginJar : add lorawan
2024-08-09 18:24:07,401 [INFO] IPUIPlugin:80 - create IPUIPlugin
2024-08-09 18:24:07,402 [INFO] PluginManager:220 - loadIPPluginJar : add ltdc
2024-08-09 18:24:07,413 [INFO] IPUIPlugin:80 - create IPUIPlugin
2024-08-09 18:24:07,415 [INFO] PluginManager:220 - loadIPPluginJar : add mdma
2024-08-09 18:24:07,424 [INFO] IPUIPlugin:80 - create IPUIPlugin
2024-08-09 18:24:07,425 [INFO] PluginManager:220 - loadIPPluginJar : add nvic
2024-08-09 18:24:07,456 [INFO] IPUIPlugin:80 - create IPUIPlugin
2024-08-09 18:24:07,456 [INFO] PluginManager:220 - loadIPPluginJar : add opamp
2024-08-09 18:24:07,506 [INFO] IPUIPlugin:80 - create IPUIPlugin
2024-08-09 18:24:07,506 [INFO] PluginManager:220 - loadIPPluginJar : add openamp
2024-08-09 18:24:07,544 [INFO] IPUIPlugin:80 - create IPUIPlugin
2024-08-09 18:24:07,544 [INFO] PluginManager:220 - loadIPPluginJar : add pdm2pcm
2024-08-09 18:24:07,556 [INFO] IPUIPlugin:80 - create IPUIPlugin
2024-08-09 18:24:07,558 [INFO] PluginManager:220 - loadIPPluginJar : add plateformsettings
2024-08-09 18:24:07,577 [INFO] IPUIPlugin:80 - create IPUIPlugin
2024-08-09 18:24:07,577 [INFO] PluginManager:220 - loadIPPluginJar : add quadspi
2024-08-09 18:24:07,587 [INFO] IPUIPlugin:80 - create IPUIPlugin
2024-08-09 18:24:07,587 [INFO] PluginManager:220 - loadIPPluginJar : add resmgrutility
2024-08-09 18:24:07,627 [INFO] IPUIPlugin:80 - create IPUIPlugin
2024-08-09 18:24:07,627 [INFO] PluginManager:220 - loadIPPluginJar : add sai
2024-08-09 18:24:07,656 [INFO] IPUIPlugin:80 - create IPUIPlugin
2024-08-09 18:24:07,657 [INFO] PluginManager:220 - loadIPPluginJar : add spi
2024-08-09 18:24:07,717 [INFO] IPUIPlugin:80 - create IPUIPlugin
2024-08-09 18:24:07,717 [INFO] PluginManager:220 - loadIPPluginJar : add stm32_wpan
2024-08-09 18:24:07,736 [INFO] IPUIPlugin:80 - create IPUIPlugin
2024-08-09 18:24:07,736 [INFO] PluginManager:220 - loadIPPluginJar : add tim
2024-08-09 18:24:07,787 [INFO] IPUIPlugin:80 - create IPUIPlugin
2024-08-09 18:24:07,788 [INFO] PluginManager:220 - loadIPPluginJar : add touchsensing
2024-08-09 18:24:07,807 [INFO] IPUIPlugin:80 - create IPUIPlugin
2024-08-09 18:24:07,808 [INFO] PluginManager:220 - loadIPPluginJar : add tracer_emb
2024-08-09 18:24:07,827 [INFO] IPUIPlugin:80 - create IPUIPlugin
2024-08-09 18:24:07,827 [INFO] PluginManager:220 - loadIPPluginJar : add ts
2024-08-09 18:24:07,846 [INFO] IPUIPlugin:80 - create IPUIPlugin
2024-08-09 18:24:07,846 [INFO] PluginManager:220 - loadIPPluginJar : add tsc
2024-08-09 18:24:07,865 [INFO] IPUIPlugin:80 - create IPUIPlugin
2024-08-09 18:24:07,865 [INFO] PluginManager:220 - loadIPPluginJar : add ucpd
2024-08-09 18:24:07,903 [INFO] IPUIPlugin:80 - create IPUIPlugin
2024-08-09 18:24:07,903 [INFO] PluginManager:220 - loadIPPluginJar : add usart
2024-08-09 18:24:07,940 [INFO] IPUIPlugin:80 - create IPUIPlugin
2024-08-09 18:24:07,940 [INFO] PluginManager:220 - loadIPPluginJar : add usbx
2024-08-09 18:24:08,057 [INFO] CADModel:165 - CPN selected for project level
2024-08-09 18:24:08,057 [INFO] CADModel:114 - Register for checkConnection events
2024-08-09 18:24:08,057 [FATAL] Updater:308 - Updater called before beeing initialized
2024-08-09 18:24:08,057 [ERROR] CADModel:125 - Updater not yet initialized, retry later 
2024-08-09 18:24:08,156 [INFO] CADModel:165 - CPN selected for project level
2024-08-09 18:24:08,156 [INFO] CADModel:114 - Register for checkConnection events
2024-08-09 18:24:08,156 [FATAL] Updater:308 - Updater called before beeing initialized
2024-08-09 18:24:08,156 [ERROR] CADModel:125 - Updater not yet initialized, retry later 
2024-08-09 18:24:08,159 [FATAL] Updater:308 - Updater called before beeing initialized
2024-08-09 18:24:08,241 [FATAL] Updater:308 - Updater called before beeing initialized
2024-08-09 18:24:08,252 [INFO] DbMcusAds:53 - JSON generation date=Thu May 16 12:22:00 IDT 2024 (1715851320852)
2024-08-09 18:24:08,252 [FATAL] Updater:308 - Updater called before beeing initialized
2024-08-09 18:24:08,315 [WARN] DetailPanel:346 - Failed to get advertising image, set to default
2024-08-09 18:24:08,391 [FATAL] Updater:308 - Updater called before beeing initialized
2024-08-09 18:24:08,393 [FATAL] Updater:308 - Updater called before beeing initialized
2024-08-09 18:24:08,393 [FATAL] Updater:308 - Updater called before beeing initialized
2024-08-09 18:24:08,393 [WARN] DetailPanel:346 - Failed to get advertising image, set to default
2024-08-09 18:24:08,394 [FATAL] Updater:308 - Updater called before beeing initialized
2024-08-09 18:24:08,442 [ERROR] Updater:1120 - MainUpdater not yet initialized. External WinMGr cannot be set.
2024-08-09 18:24:08,450 [INFO] Updater:1056 - Updater Version found : 6.11.0
2024-08-09 18:24:08,468 [INFO] ApplicationProperties:184 - Using Application install path: C:\ST\STM32CubeIDE_1.15.0\STM32CubeIDE\plugins\com.st.stm32cube.common.mx_6.11.0.202403141607
2024-08-09 18:24:08,978 [INFO] ThirdPartyUpdaterWithRetryManager:70 - Updater plugin not ready yet. [2/15]
2024-08-09 18:24:10,043 [ERROR] LogOutputStream:75 - [STDERR_REDIRECT] Aug 09, 2024 6:24:10 PM java.util.prefs.WindowsPreferences <init>
2024-08-09 18:24:10,044 [ERROR] LogOutputStream:75 - [STDERR_REDIRECT] WARNING: Could not open/create prefs root node Software\JavaSoft\Prefs at root 0xffffffff80000002. Windows RegCreateKeyEx(...) returned error code 5.
2024-08-09 18:24:10,044 [ERROR] LogOutputStream:75 - [STDERR_REDIRECT] 
2024-08-09 18:24:10,498 [INFO] MainUpdater:2873 - connection check result : 10
2024-08-09 18:24:10,498 [INFO] MainUpdater:3567 - Updater definition file requires update
2024-08-09 18:24:10,499 [INFO] MainUpdater:290 - Updater Check For Update Now.
2024-08-09 18:24:10,499 [INFO] MicroXplorer:498 - Change Database Version : DB.6.0.110
2024-08-09 18:24:10,513 [INFO] McuFinderGlobals:63 - Set McuFinder mode to 2 (CubeIDE integrated)
2024-08-09 18:24:10,522 [INFO] UserAuth:415 - Internet connection configuration mode: 1
2024-08-09 18:24:10,541 [INFO] JxBrowserEngine:152 - Initiate JxBrowser Engine with user profile folder
2024-08-09 18:24:10,826 [INFO] ServerAccessManage:473 - Download File updaters.zip
2024-08-09 18:24:11,022 [INFO] FileExtend:240 - Unzip File : updaters.zip
2024-08-09 18:24:11,023 [INFO] FileExtend:255 - Standard Zip Deflate
2024-08-09 18:24:11,493 [INFO] ServerAccessManage:473 - Download File PacksControlFlags.xml
2024-08-09 18:24:11,766 [INFO] ServerAccessManage:473 - Download File cubemx.pidx
2024-08-09 18:24:11,848 [INFO] LoadServerUpdatesThread:375 - End of LoadServerUpdate Thread
2024-08-09 18:24:11,979 [WARN] MainUpdater:1194 - Updater busy. Cannot search thirdparties
2024-08-09 18:24:11,979 [INFO] ThirdPartyUpdaterWithRetryManager:96 - Updater plugin is busy. [1/15]
2024-08-09 18:24:12,001 [INFO] CheckServerUpdateThread:120 - End of CheckServer Thread
2024-08-09 18:24:14,167 [INFO] WebApp:161 - Instantiating new browser for Auth
2024-08-09 18:24:14,820 [INFO] WebApp:779 - Register for checkConnection events
2024-08-09 18:24:14,820 [INFO] WebApp:414 - Apply proxy settings
2024-08-09 18:24:14,820 [INFO] WebApp:499 - Chromium requires no authentication
2024-08-09 18:24:14,828 [INFO] WebApp:442 - Direct internet connection detected
2024-08-09 18:24:14,984 [INFO] WebApp:192 - Starting web application
2024-08-09 18:24:14,984 [INFO] WebApp:544 - Web application path used C:\ST\STM32CubeIDE_1.15.0\STM32CubeIDE\plugins\com.st.stm32cube.common.mx_6.11.0.202403141607\db\plugins\mcufinder\reactClient1\index.html
2024-08-09 18:24:15,146 [WARN] PackLoader:240 - Cannot read IP mode file for STMicroelectronics.FP-SNS-MOTENVWB1.1.4.0
2024-08-09 18:24:15,171 [WARN] PackLoader:240 - Cannot read IP mode file for STMicroelectronics.X-CUBE-SMBUS.2.1.0
2024-08-09 18:24:15,183 [WARN] PackLoader:240 - Cannot read IP mode file for STMicroelectronics.X-CUBE-TOUCHGFX.4.23.0
2024-08-09 18:24:15,195 [WARN] PackLoader:240 - Cannot read IP mode file for STMicroelectronics.X-CUBE-TOUCHGFX.4.23.2
2024-08-09 18:24:15,233 [WARN] PackLoader:240 - Cannot read IP mode file for STMicroelectronics.X-CUBE-AZRTOS-F7.1.1.0
2024-08-09 18:24:15,252 [WARN] PackLoader:240 - Cannot read IP mode file for STMicroelectronics.FP-SNS-MOTENV1.4.3.2
2024-08-09 18:24:15,269 [WARN] PackLoader:240 - Cannot read IP mode file for STMicroelectronics.FP-SNS-FLIGHT1.5.0.2
2024-08-09 18:24:15,285 [WARN] PackLoader:240 - Cannot read IP mode file for STMicroelectronics.X-CUBE-DISPLAY.3.0.0
2024-08-09 18:24:15,308 [WARN] PackLoader:240 - Cannot read IP mode file for STMicroelectronics.X-CUBE-BLE1.7.0.0
2024-08-09 18:24:15,319 [WARN] PackLoader:240 - Cannot read IP mode file for emotas.I-CUBE-CANOPEN.1.3.0
2024-08-09 18:24:15,333 [WARN] PackLoader:240 - Cannot read IP mode file for STMicroelectronics.X-CUBE-BLEMGR.3.1.0
2024-08-09 18:24:15,347 [WARN] PackLoader:240 - Cannot read IP mode file for STMicroelectronics.FP-SNS-SMARTAG2.1.2.0
2024-08-09 18:24:15,366 [INFO] LogOutputStream:77 - [STDOUT_REDIRECT] 1 : Invalid condition id : UX_CORESTACK_Condition cause : null
2024-08-09 18:24:15,366 [INFO] LogOutputStream:77 - [STDOUT_REDIRECT] 1 : Invalid condition id : UX_CORESTACK_Condition cause : null
2024-08-09 18:24:15,367 [INFO] LogOutputStream:77 - [STDOUT_REDIRECT] 1 : Invalid condition id : UX_CORESTACK_Condition cause : null
2024-08-09 18:24:15,368 [INFO] LogOutputStream:77 - [STDOUT_REDIRECT] 1 : Invalid condition id : UX_CORESTACK_Condition cause : null
2024-08-09 18:24:15,369 [INFO] LogOutputStream:77 - [STDOUT_REDIRECT] 1 : Invalid condition id : UX_CORESTACK_Condition cause : null
2024-08-09 18:24:15,373 [WARN] PackLoader:240 - Cannot read IP mode file for STMicroelectronics.X-CUBE-AZRTOS-WL.2.0.0
2024-08-09 18:24:15,384 [WARN] PackLoader:240 - Cannot read IP mode file for STMicroelectronics.FP-SNS-MOTENV1.5.0.0
2024-08-09 18:24:15,393 [WARN] PackLoader:240 - Cannot read IP mode file for wolfSSL.I-CUBE-wolfMQTT.1.19.0
2024-08-09 18:24:15,405 [WARN] PackLoader:240 - Cannot read IP mode file for WES.I-CUBE-Cesium.1.3.0
2024-08-09 18:24:15,413 [WARN] PackLoader:240 - Cannot read IP mode file for STMicroelectronics.X-CUBE-BLE2.3.3.0
2024-08-09 18:24:15,424 [WARN] PackLoader:240 - Cannot read IP mode file for STMicroelectronics.X-CUBE-TCPP.4.1.0
2024-08-09 18:24:15,435 [WARN] PackLoader:240 - Cannot read IP mode file for STMicroelectronics.X-CUBE-ALGOBUILD.1.3.0
2024-08-09 18:24:15,458 [WARN] PackLoader:240 - Cannot read IP mode file for STMicroelectronics.X-CUBE-AZRTOS-G0.1.1.0
2024-08-09 18:24:15,472 [WARN] PackLoader:240 - Cannot read IP mode file for STMicroelectronics.X-CUBE-SAFEA1.1.2.2
2024-08-09 18:24:15,482 [WARN] PackLoader:240 - Cannot read IP mode file for STMicroelectronics.X-CUBE-NFC4.3.0.0
2024-08-09 18:24:15,498 [WARN] PackLoader:240 - Cannot read IP mode file for EmbeddedOffice.I-CUBE-FS-RTOS.1.0.1
2024-08-09 18:24:15,499 [ERROR] ConditionMgr:805 - Attr not supported : Dmpu
2024-08-09 18:24:15,499 [ERROR] ConditionMgr:805 - Attr not supported : Dmpu
2024-08-09 18:24:15,499 [ERROR] ConditionMgr:805 - Attr not supported : Dmpu
2024-08-09 18:24:15,499 [ERROR] ConditionMgr:805 - Attr not supported : Dmpu
2024-08-09 18:24:15,499 [ERROR] ConditionMgr:805 - Attr not supported : Dmpu
2024-08-09 18:24:15,499 [ERROR] ConditionMgr:805 - Attr not supported : Dmpu
2024-08-09 18:24:15,499 [ERROR] ConditionMgr:805 - Attr not supported : Dmpu
2024-08-09 18:24:15,499 [ERROR] ConditionMgr:805 - Attr not supported : Dmpu
2024-08-09 18:24:15,499 [ERROR] ConditionMgr:805 - Attr not supported : Dmpu
2024-08-09 18:24:15,499 [ERROR] ConditionMgr:805 - Attr not supported : Dmpu
2024-08-09 18:24:15,499 [ERROR] ConditionMgr:805 - Attr not supported : Dmpu
2024-08-09 18:24:15,499 [ERROR] ConditionMgr:805 - Attr not supported : Dmpu
2024-08-09 18:24:15,499 [ERROR] ConditionMgr:805 - Attr not supported : Dmpu
2024-08-09 18:24:15,499 [ERROR] ConditionMgr:805 - Attr not supported : Dmpu
2024-08-09 18:24:15,499 [ERROR] ConditionMgr:805 - Attr not supported : Dmpu
2024-08-09 18:24:15,499 [ERROR] ConditionMgr:805 - Attr not supported : Dmpu
2024-08-09 18:24:15,499 [ERROR] ConditionMgr:805 - Attr not supported : Dmpu
2024-08-09 18:24:15,500 [ERROR] ConditionMgr:805 - Attr not supported : Dmpu
2024-08-09 18:24:15,500 [ERROR] ConditionMgr:805 - Attr not supported : Dmpu
2024-08-09 18:24:15,500 [ERROR] ConditionMgr:805 - Attr not supported : Dmpu
2024-08-09 18:24:15,500 [ERROR] ConditionMgr:805 - Attr not supported : Dmpu
2024-08-09 18:24:15,500 [ERROR] ConditionMgr:805 - Attr not supported : Dmpu
2024-08-09 18:24:15,500 [ERROR] ConditionMgr:805 - Attr not supported : Dmpu
2024-08-09 18:24:15,500 [ERROR] ConditionMgr:805 - Attr not supported : Dmpu
2024-08-09 18:24:15,500 [ERROR] ConditionMgr:805 - Attr not supported : Dmpu
2024-08-09 18:24:15,500 [ERROR] ConditionMgr:805 - Attr not supported : Dmpu
2024-08-09 18:24:15,500 [ERROR] ConditionMgr:805 - Attr not supported : Dmpu
2024-08-09 18:24:15,500 [ERROR] ConditionMgr:805 - Attr not supported : Dmpu
2024-08-09 18:24:15,500 [ERROR] ConditionMgr:805 - Attr not supported : Dmpu
2024-08-09 18:24:15,500 [ERROR] ConditionMgr:805 - Attr not supported : Dmpu
2024-08-09 18:24:15,500 [ERROR] ConditionMgr:805 - Attr not supported : Dmpu
2024-08-09 18:24:15,500 [ERROR] ConditionMgr:805 - Attr not supported : Dmpu
2024-08-09 18:24:15,500 [ERROR] ConditionMgr:805 - Attr not supported : Dmpu
2024-08-09 18:24:15,500 [ERROR] ConditionMgr:805 - Attr not supported : Dmpu
2024-08-09 18:24:15,500 [ERROR] ConditionMgr:805 - Attr not supported : Dmpu
2024-08-09 18:24:15,500 [ERROR] ConditionMgr:805 - Attr not supported : Dmpu
2024-08-09 18:24:15,500 [ERROR] ConditionMgr:805 - Attr not supported : Dmpu
2024-08-09 18:24:15,500 [ERROR] ConditionMgr:805 - Attr not supported : Dmpu
2024-08-09 18:24:15,500 [ERROR] ConditionMgr:805 - Attr not supported : Dmpu
2024-08-09 18:24:15,500 [ERROR] ConditionMgr:805 - Attr not supported : Dmpu
2024-08-09 18:24:15,500 [ERROR] ConditionMgr:805 - Attr not supported : Dmpu
2024-08-09 18:24:15,500 [ERROR] ConditionMgr:805 - Attr not supported : Dmpu
2024-08-09 18:24:15,501 [ERROR] ConditionMgr:805 - Attr not supported : Dmpu
2024-08-09 18:24:15,501 [ERROR] ConditionMgr:805 - Attr not supported : Dmpu
2024-08-09 18:24:15,501 [ERROR] ConditionMgr:805 - Attr not supported : Dmpu
2024-08-09 18:24:15,501 [ERROR] ConditionMgr:805 - Attr not supported : Dmpu
2024-08-09 18:24:15,501 [ERROR] ConditionMgr:805 - Attr not supported : Dmpu
2024-08-09 18:24:15,501 [ERROR] ConditionMgr:805 - Attr not supported : Dmpu
2024-08-09 18:24:15,501 [ERROR] ConditionMgr:805 - Attr not supported : Dmpu
2024-08-09 18:24:15,501 [ERROR] ConditionMgr:805 - Attr not supported : Dmpu
2024-08-09 18:24:15,501 [ERROR] ConditionMgr:805 - Attr not supported : Dmpu
2024-08-09 18:24:15,501 [ERROR] ConditionMgr:805 - Attr not supported : Dmpu
2024-08-09 18:24:15,501 [ERROR] ConditionMgr:805 - Attr not supported : Dmpu
2024-08-09 18:24:15,501 [ERROR] ConditionMgr:805 - Attr not supported : Dmpu
2024-08-09 18:24:15,501 [ERROR] ConditionMgr:805 - Attr not supported : Dmpu
2024-08-09 18:24:15,501 [ERROR] ConditionMgr:805 - Attr not supported : Dmpu
2024-08-09 18:24:15,501 [ERROR] ConditionMgr:805 - Attr not supported : Dmpu
2024-08-09 18:24:15,501 [ERROR] ConditionMgr:805 - Attr not supported : Dmpu
2024-08-09 18:24:15,501 [ERROR] ConditionMgr:805 - Attr not supported : Dmpu
2024-08-09 18:24:15,501 [ERROR] ConditionMgr:805 - Attr not supported : Dmpu
2024-08-09 18:24:15,501 [ERROR] ConditionMgr:805 - Attr not supported : Dmpu
2024-08-09 18:24:15,501 [ERROR] ConditionMgr:805 - Attr not supported : Dmpu
2024-08-09 18:24:15,501 [ERROR] ConditionMgr:805 - Attr not supported : Dmpu
2024-08-09 18:24:15,501 [ERROR] ConditionMgr:805 - Attr not supported : Dmpu
2024-08-09 18:24:15,514 [WARN] PackLoader:240 - Cannot read IP mode file for RealThread.X-CUBE-RT-Thread_Nano.4.1.1
2024-08-09 18:24:15,524 [WARN] PackLoader:240 - Cannot read IP mode file for STMicroelectronics.FP-ATR-SIGFOX1.3.2.0
2024-08-09 18:24:15,537 [WARN] PackLoader:240 - Cannot read IP mode file for STMicroelectronics.X-CUBE-EEPRMA1.5.1.0
2024-08-09 18:24:15,571 [WARN] PackLoader:240 - Cannot read IP mode file for SEGGER.I-CUBE-embOS.1.3.1
2024-08-09 18:24:15,607 [WARN] PackLoader:240 - Cannot read IP mode file for STMicroelectronics.X-CUBE-ALGOBUILD.1.4.0
2024-08-09 18:24:15,618 [WARN] PackLoader:240 - Cannot read IP mode file for STMicroelectronics.X-CUBE-GNSS1.6.0.0
2024-08-09 18:24:15,643 [WARN] PackLoader:240 - Cannot read IP mode file for STMicroelectronics.X-CUBE-AZRTOS-F4.1.1.0
2024-08-09 18:24:15,658 [WARN] PackLoader:240 - Cannot read IP mode file for STMicroelectronics.X-CUBE-FREERTOS.1.2.0
2024-08-09 18:24:15,667 [WARN] PackLoader:240 - Cannot read IP mode file for wolfSSL.I-CUBE-wolfSSL.5.6.6
2024-08-09 18:24:15,691 [WARN] PackLoader:240 - Cannot read IP mode file for STMicroelectronics.X-CUBE-AZRTOS-L5.2.0.0
2024-08-09 18:24:15,702 [WARN] PackLoader:240 - Cannot read IP mode file for STMicroelectronics.X-CUBE-NFC6.3.1.0
2024-08-09 18:24:15,714 [WARN] PackLoader:240 - Cannot read IP mode file for ITTIA_DB.I-CUBE-ITTIADB.8.8.0
2024-08-09 18:24:15,724 [WARN] PackLoader:240 - Cannot read IP mode file for STMicroelectronics.X-CUBE-DPower.1.2.0
2024-08-09 18:24:15,733 [WARN] PackLoader:240 - Cannot read IP mode file for STMicroelectronics.X-CUBE-AI.9.0.0
2024-08-09 18:24:15,744 [WARN] PackLoader:240 - Cannot read IP mode file for STMicroelectronics.X-CUBE-NFC7.1.0.1
2024-08-09 18:24:15,757 [WARN] PackLoader:240 - Cannot read IP mode file for wolfSSL.I-CUBE-wolfTPM.3.2.0
2024-08-09 18:24:15,766 [WARN] PackLoader:240 - Cannot read IP mode file for STMicroelectronics.X-CUBE-AI.8.1.0
2024-08-09 18:24:15,790 [WARN] ConditionMgr:438 - getConditionDescription Invalid condition id : LAN8742 Phy interface Condition cause : null
2024-08-09 18:24:15,791 [WARN] PackLoader:240 - Cannot read IP mode file for STMicroelectronics.X-CUBE-AZRTOS-L4.2.0.0
2024-08-09 18:24:15,792 [WARN] ConditionMgr:1039 - genDependencies : Invalid condition id : LAN8742 Phy interface Condition cause : null
2024-08-09 18:24:15,792 [WARN] ConditionMgr:1039 - genDependencies : Invalid condition id : LAN8742 Phy interface Condition cause : null
2024-08-09 18:24:15,792 [WARN] ConditionMgr:1039 - genDependencies : Invalid condition id : LAN8742 Phy interface Condition cause : null
2024-08-09 18:24:15,805 [WARN] PackLoader:240 - Cannot read IP mode file for STMicroelectronics.X-CUBE-SFXS2LP1.4.0.0
2024-08-09 18:24:15,824 [WARN] ConditionMgr:438 - getConditionDescription Invalid condition id : UX DEVICE CLASS RTOS Condition cause : null
2024-08-09 18:24:15,824 [WARN] ConditionMgr:438 - getConditionDescription Invalid condition id : UX DEVICE CLASS RTOS Condition cause : null
2024-08-09 18:24:15,825 [WARN] PackLoader:240 - Cannot read IP mode file for STMicroelectronics.X-CUBE-AZRTOS-WB.2.0.0
2024-08-09 18:24:15,826 [WARN] ConditionMgr:1039 - genDependencies : Invalid condition id : UX DEVICE CLASS RTOS Condition cause : null
2024-08-09 18:24:15,826 [WARN] ConditionMgr:1039 - genDependencies : Invalid condition id : UX DEVICE CLASS RTOS Condition cause : null
2024-08-09 18:24:15,826 [WARN] ConditionMgr:1039 - genDependencies : Invalid condition id : UX DEVICE CLASS RTOS Condition cause : null
2024-08-09 18:24:15,826 [WARN] ConditionMgr:1039 - genDependencies : Invalid condition id : UX DEVICE CLASS RTOS Condition cause : null
2024-08-09 18:24:15,826 [WARN] ConditionMgr:1039 - genDependencies : Invalid condition id : UX DEVICE CLASS RTOS Condition cause : null
2024-08-09 18:24:15,842 [WARN] PackLoader:240 - Cannot read IP mode file for STMicroelectronics.FP-SNS-STBOX1.2.0.0
2024-08-09 18:24:15,858 [WARN] PackLoader:240 - Cannot read IP mode file for STMicroelectronics.X-CUBE-SUBG2.5.0.0
2024-08-09 18:24:15,870 [WARN] PackLoader:240 - Cannot read IP mode file for Cesanta.I-CUBE-Mongoose.7.13.0
2024-08-09 18:24:15,892 [WARN] PackLoader:240 - Cannot read IP mode file for STMicroelectronics.X-CUBE-AZRTOS-G4.2.0.0
2024-08-09 18:24:15,911 [WARN] PackLoader:240 - Cannot read IP mode file for Infineon.AIROC-Wi-Fi-Bluetooth-STM32.1.5.1
2024-08-09 18:24:15,923 [WARN] PackLoader:240 - Cannot read IP mode file for STMicroelectronics.FP-SNS-MOTENVWB1.1.3.1
2024-08-09 18:24:15,933 [WARN] PackLoader:240 - Cannot read IP mode file for STMicroelectronics.X-CUBE-ISPU.2.0.0
2024-08-09 18:24:15,944 [WARN] PackLoader:240 - Cannot read IP mode file for STMicroelectronics.X-CUBE-ALS.1.0.2
2024-08-09 18:24:15,976 [WARN] PackLoader:240 - Cannot read IP mode file for STMicroelectronics.X-CUBE-MEMS1.10.0.0
2024-08-09 18:24:16,043 [WARN] PackLoader:240 - Cannot read IP mode file for STMicroelectronics.X-CUBE-FREERTOS.1.1.0
2024-08-09 18:24:16,053 [WARN] PackLoader:240 - Cannot read IP mode file for STMicroelectronics.X-CUBE-TOUCHGFX.4.24.0
2024-08-09 18:24:16,065 [WARN] PackLoader:240 - Cannot read IP mode file for portGmbH.I-Cube-SoM-uGOAL.1.1.0
2024-08-09 18:24:16,075 [WARN] PackLoader:240 - Cannot read IP mode file for STMicroelectronics.X-CUBE-ALS.1.0.1
2024-08-09 18:24:16,095 [WARN] PackLoader:240 - Cannot read IP mode file for STMicroelectronics.X-CUBE-AZRTOS-H7RS.1.0.0
2024-08-09 18:24:16,107 [WARN] PackLoader:240 - Cannot read IP mode file for STMicroelectronics.FP-ATR-ASTRA1.2.0.0
2024-08-09 18:24:16,121 [WARN] PackLoader:240 - Cannot read IP mode file for STMicroelectronics.X-CUBE-TOF1.3.4.2
2024-08-09 18:24:16,142 [WARN] PackLoader:240 - Cannot read IP mode file for STMicroelectronics.X-CUBE-TOF1.3.4.1
2024-08-09 18:24:16,172 [WARN] PackLoader:240 - Cannot read IP mode file for STMicroelectronics.X-CUBE-AZRTOS-H7.3.2.0
2024-08-09 18:24:16,183 [WARN] PackLoader:240 - Cannot read IP mode file for wolfSSL.I-CUBE-wolfSSH.1.4.17
2024-08-09 18:24:16,184 [INFO] ThirdParty:978 - Integrity check success = true
2024-08-09 18:24:16,184 [INFO] IntegrityCheckThread:100 - exiting critical section [integrity check]
2024-08-09 18:24:16,184 [INFO] IntegrityCheckThread:103 - End integrity checks thread
