2024-03-23 09:47:16,349 [INFO] Activator:176 - 


2024-03-23 09:47:16,349 [INFO] Activator:177 - !SESSION log4j initialized
2024-03-23 09:47:20,979 [INFO] LogOutputStream:77 - [STDOUT_REDIRECT] 
2024-03-23 09:47:26,735 [INFO] ApplicationProperties:184 - Using Application install path: C:\ST\STM32CubeIDE_1.15.0\STM32CubeIDE\plugins\com.st.stm32cube.common.mx_6.11.0.202403141607
2024-03-23 09:47:26,752 [INFO] DbMcusXml:78 - Set database path to: C:\ST\STM32CubeIDE_1.15.0\STM32CubeIDE\plugins\com.st.stm32cube.common.mx_6.11.0.202403141607\\db\/mcu/
2024-03-23 09:47:26,752 [INFO] ApiDb:274 - Set plugin database path to: C:\ST\STM32CubeIDE_1.15.0\STM32CubeIDE\plugins\com.st.stm32cube.common.mx_6.11.0.202403141607\\db\/plugins/boardmanager/
2024-03-23 09:47:26,753 [WARN] ApiDb:259 - Overriding images path with different value:  => C:\ST\STM32CubeIDE_1.15.0\STM32CubeIDE\plugins\com.st.stm32cube.common.mx_6.11.0.202403141607\\db\/plugins/mcufinder/images/
2024-03-23 09:47:26,759 [INFO] ApiDb:250 - Set database path to: C:\Users\Daniel\.stmcufinder\plugins\mcufinder//mcu/
2024-03-23 09:47:26,760 [INFO] DbMcusAds:125 - Set database path to: C:\Users\Daniel\.stmcufinder\plugins\mcufinder//mcu/
2024-03-23 09:47:26,762 [INFO] CrossReferenceDbSqlite:203 - Set database path to: C:\Users\Daniel\.stmcufinder\plugins\mcufinder//mcu/cs/
2024-03-23 09:47:26,864 [INFO] RulesReader:64 - Compatibility file has been processed (297 Rules)
2024-03-23 09:47:26,927 [INFO] DbMcusXml:78 - Set database path to: C:\ST\STM32CubeIDE_1.15.0\STM32CubeIDE\plugins\com.st.stm32cube.common.mx_6.11.0.202403141607\\db\/mcu/
2024-03-23 09:47:26,927 [INFO] ApiDb:274 - Set plugin database path to: C:\ST\STM32CubeIDE_1.15.0\STM32CubeIDE\plugins\com.st.stm32cube.common.mx_6.11.0.202403141607\\db\/plugins/boardmanager/
2024-03-23 09:47:26,927 [INFO] ApiDb:261 - Set plugin images path to: C:\ST\STM32CubeIDE_1.15.0\STM32CubeIDE\plugins\com.st.stm32cube.common.mx_6.11.0.202403141607\\db\/plugins/mcufinder/images/
2024-03-23 09:47:26,928 [WARN] DbFile:41 - Overriding database path with different value: C:\Users\Daniel\.stmcufinder\plugins\mcufinder/ => C:\Users\Daniel\.stmcufinder\plugins\mcufinder
2024-03-23 09:47:26,928 [INFO] ApiDb:250 - Set database path to: C:\Users\Daniel\.stmcufinder\plugins\mcufinder//mcu/
2024-03-23 09:47:26,928 [WARN] DbFile:41 - Overriding database path with different value: C:\Users\Daniel\.stmcufinder\plugins\mcufinder/ => C:\Users\Daniel\.stmcufinder\plugins\mcufinder
2024-03-23 09:47:26,928 [INFO] DbMcusAds:125 - Set database path to: C:\Users\Daniel\.stmcufinder\plugins\mcufinder//mcu/
2024-03-23 09:47:26,928 [WARN] DbFile:41 - Overriding database path with different value: C:\Users\Daniel\.stmcufinder\plugins\mcufinder/ => C:\Users\Daniel\.stmcufinder\plugins\mcufinder
2024-03-23 09:47:26,928 [WARN] DbFile:41 - Overriding database path with different value: C:\Users\Daniel\.stmcufinder\plugins\mcufinder/ => C:\Users\Daniel\.stmcufinder\plugins\mcufinder
2024-03-23 09:47:26,928 [INFO] CrossReferenceDbSqlite:203 - Set database path to: C:\Users\Daniel\.stmcufinder\plugins\mcufinder//mcu/cs/
2024-03-23 09:47:26,994 [INFO] MainPanel:264 - HeapMemory: 268435456
2024-03-23 09:47:27,068 [INFO] DbMcusXml:78 - Set database path to: C:\ST\STM32CubeIDE_1.15.0\STM32CubeIDE\plugins\com.st.stm32cube.common.mx_6.11.0.202403141607\\db\/mcu/
2024-03-23 09:47:27,069 [INFO] ApiDb:274 - Set plugin database path to: C:\ST\STM32CubeIDE_1.15.0\STM32CubeIDE\plugins\com.st.stm32cube.common.mx_6.11.0.202403141607\\db\/plugins/boardmanager/
2024-03-23 09:47:27,069 [INFO] ApiDb:261 - Set plugin images path to: C:\ST\STM32CubeIDE_1.15.0\STM32CubeIDE\plugins\com.st.stm32cube.common.mx_6.11.0.202403141607\\db\/plugins/mcufinder/images/
2024-03-23 09:47:27,069 [WARN] DbFile:41 - Overriding database path with different value: C:\Users\Daniel\.stmcufinder\plugins\mcufinder/ => C:\Users\Daniel\.stmcufinder\plugins\mcufinder
2024-03-23 09:47:27,069 [INFO] ApiDb:250 - Set database path to: C:\Users\Daniel\.stmcufinder\plugins\mcufinder//mcu/
2024-03-23 09:47:27,069 [WARN] DbFile:41 - Overriding database path with different value: C:\Users\Daniel\.stmcufinder\plugins\mcufinder/ => C:\Users\Daniel\.stmcufinder\plugins\mcufinder
2024-03-23 09:47:27,069 [INFO] DbMcusAds:125 - Set database path to: C:\Users\Daniel\.stmcufinder\plugins\mcufinder//mcu/
2024-03-23 09:47:27,069 [WARN] DbFile:41 - Overriding database path with different value: C:\Users\Daniel\.stmcufinder\plugins\mcufinder/ => C:\Users\Daniel\.stmcufinder\plugins\mcufinder
2024-03-23 09:47:27,069 [WARN] DbFile:41 - Overriding database path with different value: C:\Users\Daniel\.stmcufinder\plugins\mcufinder/ => C:\Users\Daniel\.stmcufinder\plugins\mcufinder
2024-03-23 09:47:27,069 [INFO] CrossReferenceDbSqlite:203 - Set database path to: C:\Users\Daniel\.stmcufinder\plugins\mcufinder//mcu/cs/
2024-03-23 09:47:27,082 [INFO] ApplicationProperties:184 - Using Application install path: C:\ST\STM32CubeIDE_1.15.0\STM32CubeIDE\plugins\com.st.stm32cube.common.mx_6.11.0.202403141607
2024-03-23 09:47:27,084 [INFO] PluginManage:196 - Search for loadable plugins [exclusion list=, ]
2024-03-23 09:47:27,085 [INFO] PluginManage:310 - Check plugin analytics
2024-03-23 09:47:32,167 [INFO] AnalyticsPlugin:253 - Accepted Software Licenses: 
2024-03-23 09:47:32,167 [INFO] AnalyticsPlugin:255 - Accepted CMSIS Pack Licenses: 
2024-03-23 09:47:32,167 [INFO] AnalyticsPlugin:257 - Accepted Firmware Licenses: 
2024-03-23 09:47:32,169 [INFO] PluginManage:359 - Loaded plugin analytics (category:tool,tabindex:-1)
2024-03-23 09:47:32,169 [INFO] PluginManage:310 - Check plugin cadmodel
2024-03-23 09:47:32,178 [INFO] CADModel:105 - Init CAD model plugin
2024-03-23 09:47:32,178 [INFO] PluginManage:359 - Loaded plugin cadmodel (category:power,tabindex:5)
2024-03-23 09:47:32,178 [INFO] PluginManage:310 - Check plugin clock
2024-03-23 09:47:32,192 [INFO] PluginManage:359 - Loaded plugin clock (category:base,tabindex:2)
2024-03-23 09:47:32,192 [INFO] PluginManage:310 - Check plugin ddr
2024-03-23 09:47:32,193 [INFO] PluginManage:359 - Loaded plugin ddr (category:tool,tabindex:6)
2024-03-23 09:47:32,193 [INFO] PluginManage:310 - Check plugin filemanager
2024-03-23 09:47:32,287 [INFO] PluginManage:359 - Loaded plugin filemanager (category:base,tabindex:10)
2024-03-23 09:47:32,287 [INFO] PluginManage:310 - Check plugin ipmanager
2024-03-23 09:47:32,294 [INFO] PluginManage:359 - Loaded plugin ipmanager (category:base,tabindex:5)
2024-03-23 09:47:32,294 [INFO] PluginManage:310 - Check plugin lpbam
2024-03-23 09:47:32,307 [INFO] PluginManage:359 - Loaded plugin lpbam (category:base,tabindex:0)
2024-03-23 09:47:32,307 [INFO] PluginManage:310 - Check plugin memorymap
2024-03-23 09:47:32,324 [INFO] PluginManage:359 - Loaded plugin memorymap (category:base,tabindex:4)
2024-03-23 09:47:32,324 [INFO] PluginManage:310 - Check plugin pinoutandconfiguration
2024-03-23 09:47:32,336 [INFO] PluginManage:359 - Loaded plugin pinoutandconfiguration (category:base,tabindex:1)
2024-03-23 09:47:32,336 [INFO] PluginManage:310 - Check plugin pinoutconfig
2024-03-23 09:47:32,404 [WARN] SupportedApi:132 - Cannot load RTOS API schema: s4s-elt-must-match.1: The content of 'definitions' must match (annotation?, (simpleType | complexType)?, (unique | key | keyref)*)). A problem was found starting at: attribute.
2024-03-23 09:47:32,494 [INFO] PluginManage:359 - Loaded plugin pinoutconfig (category:base,tabindex:0)
2024-03-23 09:47:32,494 [INFO] PluginManage:310 - Check plugin power
2024-03-23 09:47:32,509 [INFO] PluginManage:359 - Loaded plugin power (category:power,tabindex:4)
2024-03-23 09:47:32,509 [INFO] PluginManage:310 - Check plugin projectmanager
2024-03-23 09:47:32,519 [INFO] PluginManage:359 - Loaded plugin projectmanager (category:projectmanager,tabindex:3)
2024-03-23 09:47:32,519 [INFO] PluginManage:310 - Check plugin thirdparty
2024-03-23 09:47:32,691 [INFO] PluginManage:359 - Loaded plugin thirdparty (category:base,tabindex:-1)
2024-03-23 09:47:32,691 [WARN] IntegrityCheckThread:84 - waiting for thirdparty lock release [integrity check]
2024-03-23 09:47:32,692 [INFO] PluginManage:310 - Check plugin tools
2024-03-23 09:47:32,692 [INFO] IntegrityCheckThread:86 - entering critical section [integrity check]
2024-03-23 09:47:32,692 [INFO] ThirdPartyUpdaterWithRetryManager:70 - Updater plugin not ready yet. [1/15]
2024-03-23 09:47:32,719 [INFO] PluginManage:359 - Loaded plugin tools (category:base,tabindex:7)
2024-03-23 09:47:32,719 [INFO] PluginManage:310 - Check plugin tutovideos
2024-03-23 09:47:32,853 [INFO] PluginManage:359 - Loaded plugin tutovideos (category:base,tabindex:-1)
2024-03-23 09:47:32,853 [INFO] PluginManage:310 - Check plugin updater
2024-03-23 09:47:32,864 [INFO] PluginManage:359 - Loaded plugin updater (category:base,tabindex:12)
2024-03-23 09:47:32,864 [INFO] PluginManage:310 - Check plugin userauth
2024-03-23 09:47:32,868 [INFO] UserAuth:114 - Init User Auth plugin
2024-03-23 09:47:32,868 [INFO] PluginManage:359 - Loaded plugin userauth (category:base,tabindex:14)
2024-03-23 09:47:32,868 [INFO] PluginManage:283 - PluginManage : Loaded plugins [17]
2024-03-23 09:47:33,022 [INFO] PinOutPanel:1561 - setPackage(No Configuration,No Configuration)
2024-03-23 09:47:33,072 [INFO] CADModel:165 - CPN selected for project level
2024-03-23 09:47:33,073 [INFO] CADModel:114 - Register for checkConnection events
2024-03-23 09:47:33,090 [INFO] IPUIPlugin:80 - create IPUIPlugin
2024-03-23 09:47:33,090 [INFO] PluginManager:220 - loadIPPluginJar : add adc
2024-03-23 09:47:33,110 [INFO] IPUIPlugin:80 - create IPUIPlugin
2024-03-23 09:47:33,110 [INFO] PluginManager:220 - loadIPPluginJar : add aes
2024-03-23 09:47:33,135 [INFO] IPUIPlugin:80 - create IPUIPlugin
2024-03-23 09:47:33,135 [INFO] PluginManager:220 - loadIPPluginJar : add can
2024-03-23 09:47:33,148 [INFO] IPUIPlugin:80 - create IPUIPlugin
2024-03-23 09:47:33,148 [INFO] PluginManager:220 - loadIPPluginJar : add comp
2024-03-23 09:47:33,168 [INFO] IPUIPlugin:80 - create IPUIPlugin
2024-03-23 09:47:33,168 [INFO] PluginManager:220 - loadIPPluginJar : add cryp
2024-03-23 09:47:33,184 [INFO] IPUIPlugin:80 - create IPUIPlugin
2024-03-23 09:47:33,184 [INFO] PluginManager:220 - loadIPPluginJar : add dfsdm
2024-03-23 09:47:33,193 [INFO] IPUIPlugin:80 - create IPUIPlugin
2024-03-23 09:47:33,194 [INFO] PluginManager:220 - loadIPPluginJar : add dma
2024-03-23 09:47:33,218 [INFO] IPUIPlugin:80 - create IPUIPlugin
2024-03-23 09:47:33,218 [INFO] PluginManager:220 - loadIPPluginJar : add dma3
2024-03-23 09:47:33,243 [INFO] IPUIPlugin:80 - create IPUIPlugin
2024-03-23 09:47:33,243 [INFO] PluginManager:220 - loadIPPluginJar : add extmemmanager
2024-03-23 09:47:33,256 [INFO] IPUIPlugin:80 - create IPUIPlugin
2024-03-23 09:47:33,256 [INFO] PluginManager:220 - loadIPPluginJar : add fatfs
2024-03-23 09:47:33,282 [INFO] IPUIPlugin:80 - create IPUIPlugin
2024-03-23 09:47:33,283 [INFO] PluginManager:220 - loadIPPluginJar : add fmc
2024-03-23 09:47:33,294 [INFO] IPUIPlugin:80 - create IPUIPlugin
2024-03-23 09:47:33,294 [INFO] PluginManager:220 - loadIPPluginJar : add freertos
2024-03-23 09:47:33,305 [INFO] IPUIPlugin:80 - create IPUIPlugin
2024-03-23 09:47:33,306 [INFO] PluginManager:220 - loadIPPluginJar : add genericplugin
2024-03-23 09:47:33,357 [INFO] IPUIPlugin:80 - create IPUIPlugin
2024-03-23 09:47:33,358 [INFO] PluginManager:220 - loadIPPluginJar : add gfxmmu
2024-03-23 09:47:33,432 [INFO] IPUIPlugin:80 - create IPUIPlugin
2024-03-23 09:47:33,432 [INFO] PluginManager:220 - loadIPPluginJar : add gic
2024-03-23 09:47:33,441 [INFO] IPUIPlugin:80 - create IPUIPlugin
2024-03-23 09:47:33,441 [INFO] PluginManager:220 - loadIPPluginJar : add gpio
2024-03-23 09:47:33,499 [INFO] IPUIPlugin:80 - create IPUIPlugin
2024-03-23 09:47:33,499 [INFO] PluginManager:220 - loadIPPluginJar : add gtzc
2024-03-23 09:47:33,518 [INFO] IPUIPlugin:80 - create IPUIPlugin
2024-03-23 09:47:33,518 [INFO] PluginManager:220 - loadIPPluginJar : add hash
2024-03-23 09:47:33,547 [INFO] IPUIPlugin:80 - create IPUIPlugin
2024-03-23 09:47:33,547 [INFO] PluginManager:220 - loadIPPluginJar : add i2c
2024-03-23 09:47:33,571 [INFO] IPUIPlugin:80 - create IPUIPlugin
2024-03-23 09:47:33,571 [INFO] PluginManager:220 - loadIPPluginJar : add i2s
2024-03-23 09:47:33,597 [INFO] IPUIPlugin:80 - create IPUIPlugin
2024-03-23 09:47:33,597 [INFO] PluginManager:220 - loadIPPluginJar : add i3c
2024-03-23 09:47:33,657 [INFO] IPUIPlugin:80 - create IPUIPlugin
2024-03-23 09:47:33,657 [INFO] PluginManager:220 - loadIPPluginJar : add ipddr
2024-03-23 09:47:33,711 [INFO] IPUIPlugin:80 - create IPUIPlugin
2024-03-23 09:47:33,712 [INFO] PluginManager:220 - loadIPPluginJar : add linkedlist
2024-03-23 09:47:33,732 [INFO] IPUIPlugin:80 - create IPUIPlugin
2024-03-23 09:47:33,732 [INFO] PluginManager:220 - loadIPPluginJar : add lorawan
2024-03-23 09:47:33,752 [INFO] IPUIPlugin:80 - create IPUIPlugin
2024-03-23 09:47:33,753 [INFO] PluginManager:220 - loadIPPluginJar : add ltdc
2024-03-23 09:47:33,762 [INFO] IPUIPlugin:80 - create IPUIPlugin
2024-03-23 09:47:33,762 [INFO] PluginManager:220 - loadIPPluginJar : add mdma
2024-03-23 09:47:33,770 [INFO] IPUIPlugin:80 - create IPUIPlugin
2024-03-23 09:47:33,770 [INFO] PluginManager:220 - loadIPPluginJar : add nvic
2024-03-23 09:47:33,791 [INFO] IPUIPlugin:80 - create IPUIPlugin
2024-03-23 09:47:33,791 [INFO] PluginManager:220 - loadIPPluginJar : add opamp
2024-03-23 09:47:33,837 [INFO] IPUIPlugin:80 - create IPUIPlugin
2024-03-23 09:47:33,837 [INFO] PluginManager:220 - loadIPPluginJar : add openamp
2024-03-23 09:47:33,862 [INFO] IPUIPlugin:80 - create IPUIPlugin
2024-03-23 09:47:33,862 [INFO] PluginManager:220 - loadIPPluginJar : add pdm2pcm
2024-03-23 09:47:33,872 [INFO] IPUIPlugin:80 - create IPUIPlugin
2024-03-23 09:47:33,873 [INFO] PluginManager:220 - loadIPPluginJar : add plateformsettings
2024-03-23 09:47:33,886 [INFO] IPUIPlugin:80 - create IPUIPlugin
2024-03-23 09:47:33,886 [INFO] PluginManager:220 - loadIPPluginJar : add quadspi
2024-03-23 09:47:33,893 [INFO] IPUIPlugin:80 - create IPUIPlugin
2024-03-23 09:47:33,893 [INFO] PluginManager:220 - loadIPPluginJar : add resmgrutility
2024-03-23 09:47:33,926 [INFO] IPUIPlugin:80 - create IPUIPlugin
2024-03-23 09:47:33,926 [INFO] PluginManager:220 - loadIPPluginJar : add sai
2024-03-23 09:47:33,956 [INFO] IPUIPlugin:80 - create IPUIPlugin
2024-03-23 09:47:33,956 [INFO] PluginManager:220 - loadIPPluginJar : add spi
2024-03-23 09:47:34,000 [INFO] IPUIPlugin:80 - create IPUIPlugin
2024-03-23 09:47:34,001 [INFO] PluginManager:220 - loadIPPluginJar : add stm32_wpan
2024-03-23 09:47:34,014 [INFO] IPUIPlugin:80 - create IPUIPlugin
2024-03-23 09:47:34,014 [INFO] PluginManager:220 - loadIPPluginJar : add tim
2024-03-23 09:47:34,048 [INFO] IPUIPlugin:80 - create IPUIPlugin
2024-03-23 09:47:34,048 [INFO] PluginManager:220 - loadIPPluginJar : add touchsensing
2024-03-23 09:47:34,066 [INFO] IPUIPlugin:80 - create IPUIPlugin
2024-03-23 09:47:34,066 [INFO] PluginManager:220 - loadIPPluginJar : add tracer_emb
2024-03-23 09:47:34,081 [INFO] IPUIPlugin:80 - create IPUIPlugin
2024-03-23 09:47:34,081 [INFO] PluginManager:220 - loadIPPluginJar : add ts
2024-03-23 09:47:34,097 [INFO] IPUIPlugin:80 - create IPUIPlugin
2024-03-23 09:47:34,097 [INFO] PluginManager:220 - loadIPPluginJar : add tsc
2024-03-23 09:47:34,110 [INFO] IPUIPlugin:80 - create IPUIPlugin
2024-03-23 09:47:34,110 [INFO] PluginManager:220 - loadIPPluginJar : add ucpd
2024-03-23 09:47:34,134 [INFO] IPUIPlugin:80 - create IPUIPlugin
2024-03-23 09:47:34,136 [INFO] PluginManager:220 - loadIPPluginJar : add usart
2024-03-23 09:47:34,160 [INFO] IPUIPlugin:80 - create IPUIPlugin
2024-03-23 09:47:34,160 [INFO] PluginManager:220 - loadIPPluginJar : add usbx
2024-03-23 09:47:34,268 [INFO] CADModel:165 - CPN selected for project level
2024-03-23 09:47:34,268 [INFO] CADModel:114 - Register for checkConnection events
2024-03-23 09:47:34,268 [FATAL] Updater:308 - Updater called before beeing initialized
2024-03-23 09:47:34,268 [ERROR] CADModel:125 - Updater not yet initialized, retry later 
2024-03-23 09:47:34,358 [INFO] CADModel:165 - CPN selected for project level
2024-03-23 09:47:34,358 [INFO] CADModel:114 - Register for checkConnection events
2024-03-23 09:47:34,358 [FATAL] Updater:308 - Updater called before beeing initialized
2024-03-23 09:47:34,358 [ERROR] CADModel:125 - Updater not yet initialized, retry later 
2024-03-23 09:47:34,360 [FATAL] Updater:308 - Updater called before beeing initialized
2024-03-23 09:47:35,950 [FATAL] Updater:308 - Updater called before beeing initialized
2024-03-23 09:47:35,957 [INFO] DbMcusAds:53 - JSON generation date=Wed Nov 29 12:52:27 IST 2023 (1701255147349)
2024-03-23 09:47:35,957 [FATAL] Updater:308 - Updater called before beeing initialized
2024-03-23 09:47:36,012 [WARN] DetailPanel:346 - Failed to get advertising image, set to default
2024-03-23 09:47:36,080 [FATAL] Updater:308 - Updater called before beeing initialized
2024-03-23 09:47:36,082 [FATAL] Updater:308 - Updater called before beeing initialized
2024-03-23 09:47:36,082 [FATAL] Updater:308 - Updater called before beeing initialized
2024-03-23 09:47:36,083 [WARN] DetailPanel:346 - Failed to get advertising image, set to default
2024-03-23 09:47:36,083 [FATAL] Updater:308 - Updater called before beeing initialized
2024-03-23 09:47:36,124 [ERROR] Updater:1120 - MainUpdater not yet initialized. External WinMGr cannot be set.
2024-03-23 09:47:36,132 [INFO] Updater:1056 - Updater Version found : 6.11.0
2024-03-23 09:47:36,147 [INFO] ApplicationProperties:184 - Using Application install path: C:\ST\STM32CubeIDE_1.15.0\STM32CubeIDE\plugins\com.st.stm32cube.common.mx_6.11.0.202403141607
2024-03-23 09:47:37,208 [INFO] ThirdPartyUpdaterWithRetryManager:70 - Updater plugin not ready yet. [2/15]
2024-03-23 09:47:37,719 [ERROR] LogOutputStream:75 - [STDERR_REDIRECT] Mar 23, 2024 9:47:37 AM java.util.prefs.WindowsPreferences <init>
2024-03-23 09:47:37,720 [ERROR] LogOutputStream:75 - [STDERR_REDIRECT] WARNING: Could not open/create prefs root node Software\JavaSoft\Prefs at root 0xffffffff80000002. Windows RegCreateKeyEx(...) returned error code 5.
2024-03-23 09:47:37,720 [ERROR] LogOutputStream:75 - [STDERR_REDIRECT] 
2024-03-23 09:47:38,181 [INFO] MainUpdater:2873 - connection check result : 10
2024-03-23 09:47:38,181 [INFO] MainUpdater:290 - Updater Check For Update Now.
2024-03-23 09:47:38,181 [INFO] MicroXplorer:498 - Change Database Version : DB.6.0.110
2024-03-23 09:47:38,194 [INFO] McuFinderGlobals:63 - Set McuFinder mode to 2 (CubeIDE integrated)
2024-03-23 09:47:38,194 [INFO] UserAuth:179 - activating auth plugin
2024-03-23 09:47:38,196 [INFO] UserAuth:415 - Internet connection configuration mode: 1
2024-03-23 09:47:38,220 [INFO] JxBrowserEngine:152 - Initiate JxBrowser Engine with user profile folder
2024-03-23 09:47:38,372 [INFO] CheckServerUpdateThread:120 - End of CheckServer Thread
2024-03-23 09:47:40,323 [WARN] PackLoader:240 - Cannot read IP mode file for STMicroelectronics.X-CUBE-SMBUS.2.1.0
2024-03-23 09:47:40,333 [WARN] PackLoader:240 - Cannot read IP mode file for STMicroelectronics.X-CUBE-TOUCHGFX.4.23.0
2024-03-23 09:47:40,362 [WARN] PackLoader:240 - Cannot read IP mode file for STMicroelectronics.X-CUBE-AZRTOS-F7.1.1.0
2024-03-23 09:47:40,375 [WARN] PackLoader:240 - Cannot read IP mode file for STMicroelectronics.FP-SNS-MOTENV1.4.3.2
2024-03-23 09:47:40,385 [WARN] PackLoader:240 - Cannot read IP mode file for STMicroelectronics.FP-SNS-FLIGHT1.5.0.2
2024-03-23 09:47:40,396 [WARN] PackLoader:240 - Cannot read IP mode file for STMicroelectronics.X-CUBE-DISPLAY.3.0.0
2024-03-23 09:47:40,411 [WARN] PackLoader:240 - Cannot read IP mode file for STMicroelectronics.X-CUBE-BLE1.7.0.0
2024-03-23 09:47:40,421 [WARN] PackLoader:240 - Cannot read IP mode file for emotas.I-CUBE-CANOPEN.1.3.0
2024-03-23 09:47:40,433 [WARN] PackLoader:240 - Cannot read IP mode file for STMicroelectronics.X-CUBE-BLEMGR.3.1.0
2024-03-23 09:47:40,443 [WARN] PackLoader:240 - Cannot read IP mode file for STMicroelectronics.FP-SNS-SMARTAG2.1.2.0
2024-03-23 09:47:40,456 [INFO] LogOutputStream:77 - [STDOUT_REDIRECT] 1 : Invalid condition id : UX_CORESTACK_Condition cause : null
2024-03-23 09:47:40,457 [INFO] LogOutputStream:77 - [STDOUT_REDIRECT] 1 : Invalid condition id : UX_CORESTACK_Condition cause : null
2024-03-23 09:47:40,457 [INFO] LogOutputStream:77 - [STDOUT_REDIRECT] 1 : Invalid condition id : UX_CORESTACK_Condition cause : null
2024-03-23 09:47:40,458 [INFO] LogOutputStream:77 - [STDOUT_REDIRECT] 1 : Invalid condition id : UX_CORESTACK_Condition cause : null
2024-03-23 09:47:40,458 [INFO] LogOutputStream:77 - [STDOUT_REDIRECT] 1 : Invalid condition id : UX_CORESTACK_Condition cause : null
2024-03-23 09:47:40,460 [WARN] PackLoader:240 - Cannot read IP mode file for STMicroelectronics.X-CUBE-AZRTOS-WL.2.0.0
2024-03-23 09:47:40,471 [WARN] PackLoader:240 - Cannot read IP mode file for WES.I-CUBE-Cesium.1.3.0
2024-03-23 09:47:40,478 [WARN] PackLoader:240 - Cannot read IP mode file for STMicroelectronics.X-CUBE-BLE2.3.3.0
2024-03-23 09:47:40,485 [WARN] PackLoader:240 - Cannot read IP mode file for STMicroelectronics.X-CUBE-ALGOBUILD.1.3.0
2024-03-23 09:47:40,506 [WARN] PackLoader:240 - Cannot read IP mode file for STMicroelectronics.X-CUBE-AZRTOS-G0.1.1.0
2024-03-23 09:47:40,516 [WARN] PackLoader:240 - Cannot read IP mode file for STMicroelectronics.X-CUBE-NFC4.3.0.0
2024-03-23 09:47:40,524 [WARN] PackLoader:240 - Cannot read IP mode file for STMicroelectronics.FP-ATR-SIGFOX1.3.2.0
2024-03-23 09:47:40,534 [WARN] PackLoader:240 - Cannot read IP mode file for STMicroelectronics.X-CUBE-EEPRMA1.5.1.0
2024-03-23 09:47:40,560 [WARN] PackLoader:240 - Cannot read IP mode file for SEGGER.I-CUBE-embOS.1.3.1
2024-03-23 09:47:40,598 [WARN] PackLoader:240 - Cannot read IP mode file for STMicroelectronics.X-CUBE-GNSS1.6.0.0
2024-03-23 09:47:40,615 [WARN] PackLoader:240 - Cannot read IP mode file for STMicroelectronics.X-CUBE-AZRTOS-F4.1.1.0
2024-03-23 09:47:40,623 [WARN] PackLoader:240 - Cannot read IP mode file for wolfSSL.I-CUBE-wolfSSL.5.6.6
2024-03-23 09:47:40,640 [WARN] PackLoader:240 - Cannot read IP mode file for STMicroelectronics.X-CUBE-AZRTOS-L5.2.0.0
2024-03-23 09:47:40,650 [WARN] PackLoader:240 - Cannot read IP mode file for STMicroelectronics.X-CUBE-NFC6.3.1.0
2024-03-23 09:47:40,659 [WARN] PackLoader:240 - Cannot read IP mode file for ITTIA_DB.I-CUBE-ITTIADB.8.8.0
2024-03-23 09:47:40,667 [WARN] PackLoader:240 - Cannot read IP mode file for STMicroelectronics.X-CUBE-NFC7.1.0.1
2024-03-23 09:47:40,674 [WARN] PackLoader:240 - Cannot read IP mode file for STMicroelectronics.X-CUBE-AI.8.1.0
2024-03-23 09:47:40,694 [WARN] ConditionMgr:438 - getConditionDescription Invalid condition id : LAN8742 Phy interface Condition cause : null
2024-03-23 09:47:40,694 [WARN] PackLoader:240 - Cannot read IP mode file for STMicroelectronics.X-CUBE-AZRTOS-L4.2.0.0
2024-03-23 09:47:40,695 [WARN] ConditionMgr:1039 - genDependencies : Invalid condition id : LAN8742 Phy interface Condition cause : null
2024-03-23 09:47:40,696 [WARN] ConditionMgr:1039 - genDependencies : Invalid condition id : LAN8742 Phy interface Condition cause : null
2024-03-23 09:47:40,696 [WARN] ConditionMgr:1039 - genDependencies : Invalid condition id : LAN8742 Phy interface Condition cause : null
2024-03-23 09:47:40,706 [WARN] PackLoader:240 - Cannot read IP mode file for STMicroelectronics.X-CUBE-SFXS2LP1.4.0.0
2024-03-23 09:47:40,721 [WARN] ConditionMgr:438 - getConditionDescription Invalid condition id : UX DEVICE CLASS RTOS Condition cause : null
2024-03-23 09:47:40,721 [WARN] ConditionMgr:438 - getConditionDescription Invalid condition id : UX DEVICE CLASS RTOS Condition cause : null
2024-03-23 09:47:40,722 [WARN] PackLoader:240 - Cannot read IP mode file for STMicroelectronics.X-CUBE-AZRTOS-WB.2.0.0
2024-03-23 09:47:40,722 [WARN] ConditionMgr:1039 - genDependencies : Invalid condition id : UX DEVICE CLASS RTOS Condition cause : null
2024-03-23 09:47:40,723 [WARN] ConditionMgr:1039 - genDependencies : Invalid condition id : UX DEVICE CLASS RTOS Condition cause : null
2024-03-23 09:47:40,723 [WARN] ConditionMgr:1039 - genDependencies : Invalid condition id : UX DEVICE CLASS RTOS Condition cause : null
2024-03-23 09:47:40,723 [WARN] ConditionMgr:1039 - genDependencies : Invalid condition id : UX DEVICE CLASS RTOS Condition cause : null
2024-03-23 09:47:40,723 [WARN] ConditionMgr:1039 - genDependencies : Invalid condition id : UX DEVICE CLASS RTOS Condition cause : null
2024-03-23 09:47:40,737 [WARN] PackLoader:240 - Cannot read IP mode file for STMicroelectronics.X-CUBE-SUBG2.5.0.0
2024-03-23 09:47:40,756 [WARN] PackLoader:240 - Cannot read IP mode file for STMicroelectronics.X-CUBE-AZRTOS-G4.2.0.0
2024-03-23 09:47:40,772 [WARN] PackLoader:240 - Cannot read IP mode file for Infineon.AIROC-Wi-Fi-Bluetooth-STM32.1.5.1
2024-03-23 09:47:40,782 [WARN] PackLoader:240 - Cannot read IP mode file for STMicroelectronics.FP-SNS-MOTENVWB1.1.3.1
2024-03-23 09:47:40,790 [WARN] PackLoader:240 - Cannot read IP mode file for STMicroelectronics.X-CUBE-ISPU.2.0.0
2024-03-23 09:47:40,819 [WARN] PackLoader:240 - Cannot read IP mode file for STMicroelectronics.X-CUBE-MEMS1.10.0.0
2024-03-23 09:47:40,895 [WARN] PackLoader:240 - Cannot read IP mode file for STMicroelectronics.X-CUBE-FREERTOS.1.1.0
2024-03-23 09:47:40,905 [WARN] PackLoader:240 - Cannot read IP mode file for portGmbH.I-Cube-SoM-uGOAL.1.1.0
2024-03-23 09:47:40,913 [WARN] PackLoader:240 - Cannot read IP mode file for STMicroelectronics.X-CUBE-ALS.1.0.1
2024-03-23 09:47:40,920 [WARN] PackLoader:240 - Cannot read IP mode file for STMicroelectronics.FP-ATR-ASTRA1.2.0.0
2024-03-23 09:47:40,937 [WARN] PackLoader:240 - Cannot read IP mode file for STMicroelectronics.X-CUBE-TOF1.3.4.1
2024-03-23 09:47:40,971 [WARN] PackLoader:240 - Cannot read IP mode file for STMicroelectronics.X-CUBE-AZRTOS-H7.3.2.0
2024-03-23 09:47:40,973 [INFO] ThirdParty:978 - Integrity check success = true
2024-03-23 09:47:40,973 [INFO] IntegrityCheckThread:100 - exiting critical section [integrity check]
2024-03-23 09:47:40,973 [INFO] IntegrityCheckThread:103 - End integrity checks thread
2024-03-23 09:47:41,434 [INFO] WebApp:161 - Instantiating new browser for Auth
2024-03-23 09:47:41,916 [INFO] WebApp:779 - Register for checkConnection events
2024-03-23 09:47:41,916 [INFO] WebApp:414 - Apply proxy settings
2024-03-23 09:47:41,916 [INFO] WebApp:499 - Chromium requires no authentication
2024-03-23 09:47:41,922 [INFO] WebApp:442 - Direct internet connection detected
2024-03-23 09:47:42,039 [INFO] WebApp:192 - Starting web application
2024-03-23 09:47:42,039 [INFO] WebApp:544 - Web application path used C:\ST\STM32CubeIDE_1.15.0\STM32CubeIDE\plugins\com.st.stm32cube.common.mx_6.11.0.202403141607\db\plugins\mcufinder\reactClient1\index.html
2024-03-23 09:59:11,593 [INFO] LogOutputStream:77 - [STDOUT_REDIRECT] StartTraceHandler.execute(), success : Collect=true
2024-03-23 22:14:41,042 [ERROR] LogOutputStream:75 - [STDERR_REDIRECT] Exception in thread "Browser Thread: 951b4934-9111-46b1-ab52-2330083423bb" java.lang.IllegalStateException
2024-03-23 22:14:41,049 [ERROR] LogOutputStream:75 - [STDERR_REDIRECT] 	at com.teamdev.jxbrowser.deps.com.google.common.base.Preconditions.checkState(Preconditions.java:494)
2024-03-23 22:14:41,050 [ERROR] LogOutputStream:75 - [STDERR_REDIRECT] 	at com.teamdev.jxbrowser.internal.RpcThreadImpl.submit(RpcThreadImpl.java:94)
2024-03-23 22:14:41,051 [ERROR] LogOutputStream:75 - [STDERR_REDIRECT] 	at com.teamdev.jxbrowser.browser.internal.BrowserImpl.notifyObserversAsync(BrowserImpl.java:768)
2024-03-23 22:14:41,051 [ERROR] LogOutputStream:75 - [STDERR_REDIRECT] 	at com.teamdev.jxbrowser.frame.internal.Frames.lambda$deleteFrame$3(Frames.java:73)
2024-03-23 22:14:41,051 [ERROR] LogOutputStream:75 - [STDERR_REDIRECT] 	at java.base/java.util.Optional.ifPresent(Optional.java:178)
2024-03-23 22:14:41,052 [ERROR] LogOutputStream:75 - [STDERR_REDIRECT] 	at com.teamdev.jxbrowser.frame.internal.Frames.deleteFrame(Frames.java:71)
2024-03-23 22:14:41,053 [ERROR] LogOutputStream:75 - [STDERR_REDIRECT] 	at com.teamdev.jxbrowser.frame.internal.Frames.lambda$new$1(Frames.java:32)
2024-03-23 22:14:41,054 [ERROR] LogOutputStream:75 - [STDERR_REDIRECT] 	at com.teamdev.jxbrowser.internal.rpc.stream.CallbackStream.process(CallbackStream.java:181)
2024-03-23 22:14:41,055 [ERROR] LogOutputStream:75 - [STDERR_REDIRECT] 	at com.teamdev.jxbrowser.internal.rpc.stream.Stream$StreamObserver.lambda$onNext$0(Stream.java:167)
2024-03-23 22:14:41,055 [ERROR] LogOutputStream:75 - [STDERR_REDIRECT] 	at com.teamdev.jxbrowser.internal.RpcThreadImpl$TaskRunner.processTasks(RpcThreadImpl.java:172)
2024-03-23 22:14:41,056 [ERROR] LogOutputStream:75 - [STDERR_REDIRECT] 	at java.base/java.lang.Thread.run(Thread.java:833)
2024-03-23 22:14:41,176 [ERROR] LogOutputStream:75 - [STDERR_REDIRECT] 22:14:41.169 ERROR Chromium process exit code: 1,073,807,364
2024-03-23 22:14:41,177 [ERROR] LogOutputStream:75 - [STDERR_REDIRECT] 
2024-03-23 22:14:41,178 [ERROR] LogOutputStream:75 - [STDERR_REDIRECT] 22:14:41.177 ERROR Crash dump dir: C:\Users\Daniel\AppData\Local\JxBrowser\7.37.2\CrashReports
2024-03-23 22:14:41,178 [ERROR] LogOutputStream:75 - [STDERR_REDIRECT] 
2024-03-23 22:14:41,183 [ERROR] WebApp:363 - JxBrowser engine crashed! Exit code: 1073807364
2024-03-23 22:15:05,200 [ERROR] LogOutputStream:75 - [STDERR_REDIRECT] [Fatal Error] :1:1: Premature end of file.
2024-03-23 22:15:05,200 [ERROR] LogOutputStream:75 - [STDERR_REDIRECT] 
2024-03-23 22:15:06,190 [ERROR] LogOutputStream:75 - [STDERR_REDIRECT] [Fatal Error] :1:1: Premature end of file.
2024-03-23 22:15:06,190 [ERROR] LogOutputStream:75 - [STDERR_REDIRECT] 
2024-03-23 22:15:07,196 [ERROR] LogOutputStream:75 - [STDERR_REDIRECT] [Fatal Error] :1:1: Premature end of file.
2024-03-23 22:15:07,196 [ERROR] LogOutputStream:75 - [STDERR_REDIRECT] 
2024-03-23 22:15:08,195 [ERROR] LogOutputStream:75 - [STDERR_REDIRECT] [Fatal Error] :1:1: Premature end of file.
2024-03-23 22:15:08,195 [ERROR] LogOutputStream:75 - [STDERR_REDIRECT] 
2024-03-23 22:15:09,195 [ERROR] LogOutputStream:75 - [STDERR_REDIRECT] [Fatal Error] :1:1: Premature end of file.
2024-03-23 22:15:09,195 [ERROR] LogOutputStream:75 - [STDERR_REDIRECT] 
